ARM GAS  /tmp/ccb7l9qc.s 			page 1


   1              		.cpu cortex-m4
   2              		.arch armv7e-m
   3              		.fpu fpv4-sp-d16
   4              		.eabi_attribute 27, 1
   5              		.eabi_attribute 28, 1
   6              		.eabi_attribute 20, 1
   7              		.eabi_attribute 21, 1
   8              		.eabi_attribute 23, 3
   9              		.eabi_attribute 24, 1
  10              		.eabi_attribute 25, 1
  11              		.eabi_attribute 26, 1
  12              		.eabi_attribute 30, 1
  13              		.eabi_attribute 34, 1
  14              		.eabi_attribute 18, 4
  15              		.file	"stm32f4xx_it.c"
  16              		.text
  17              	.Ltext0:
  18              		.cfi_sections	.debug_frame
  19              		.file 1 "Core/Src/stm32f4xx_it.c"
  20              		.section	.text.NMI_Handler,"ax",%progbits
  21              		.align	1
  22              		.global	NMI_Handler
  23              		.syntax unified
  24              		.thumb
  25              		.thumb_func
  27              	NMI_Handler:
  28              	.LFB134:
   1:Core/Src/stm32f4xx_it.c **** /* USER CODE BEGIN Header */
   2:Core/Src/stm32f4xx_it.c **** /**
   3:Core/Src/stm32f4xx_it.c ****   ******************************************************************************
   4:Core/Src/stm32f4xx_it.c ****   * @file    stm32f4xx_it.c
   5:Core/Src/stm32f4xx_it.c ****   * @brief   Interrupt Service Routines.
   6:Core/Src/stm32f4xx_it.c ****   ******************************************************************************
   7:Core/Src/stm32f4xx_it.c ****   * @attention
   8:Core/Src/stm32f4xx_it.c ****   *
   9:Core/Src/stm32f4xx_it.c ****   * Copyright (c) 2022 STMicroelectronics.
  10:Core/Src/stm32f4xx_it.c ****   * All rights reserved.
  11:Core/Src/stm32f4xx_it.c ****   *
  12:Core/Src/stm32f4xx_it.c ****   * This software is licensed under terms that can be found in the LICENSE file
  13:Core/Src/stm32f4xx_it.c ****   * in the root directory of this software component.
  14:Core/Src/stm32f4xx_it.c ****   * If no LICENSE file comes with this software, it is provided AS-IS.
  15:Core/Src/stm32f4xx_it.c ****   *
  16:Core/Src/stm32f4xx_it.c ****   ******************************************************************************
  17:Core/Src/stm32f4xx_it.c ****   */
  18:Core/Src/stm32f4xx_it.c **** /* USER CODE END Header */
  19:Core/Src/stm32f4xx_it.c **** 
  20:Core/Src/stm32f4xx_it.c **** /* Includes ------------------------------------------------------------------*/
  21:Core/Src/stm32f4xx_it.c **** #include "main.h"
  22:Core/Src/stm32f4xx_it.c **** #include "stm32f4xx_it.h"
  23:Core/Src/stm32f4xx_it.c **** /* Private includes ----------------------------------------------------------*/
  24:Core/Src/stm32f4xx_it.c **** /* USER CODE BEGIN Includes */
  25:Core/Src/stm32f4xx_it.c **** #include "seg7.h" // include 7 segment header
  26:Core/Src/stm32f4xx_it.c **** /* USER CODE END Includes */
  27:Core/Src/stm32f4xx_it.c **** 
  28:Core/Src/stm32f4xx_it.c **** /* Private typedef -----------------------------------------------------------*/
  29:Core/Src/stm32f4xx_it.c **** /* USER CODE BEGIN TD */
  30:Core/Src/stm32f4xx_it.c **** 
ARM GAS  /tmp/ccb7l9qc.s 			page 2


  31:Core/Src/stm32f4xx_it.c **** /* USER CODE END TD */
  32:Core/Src/stm32f4xx_it.c **** 
  33:Core/Src/stm32f4xx_it.c **** /* Private define ------------------------------------------------------------*/
  34:Core/Src/stm32f4xx_it.c **** /* USER CODE BEGIN PD */
  35:Core/Src/stm32f4xx_it.c **** 
  36:Core/Src/stm32f4xx_it.c **** /* USER CODE END PD */
  37:Core/Src/stm32f4xx_it.c **** 
  38:Core/Src/stm32f4xx_it.c **** /* Private macro -------------------------------------------------------------*/
  39:Core/Src/stm32f4xx_it.c **** /* USER CODE BEGIN PM */
  40:Core/Src/stm32f4xx_it.c **** 
  41:Core/Src/stm32f4xx_it.c **** /* USER CODE END PM */
  42:Core/Src/stm32f4xx_it.c **** 
  43:Core/Src/stm32f4xx_it.c **** /* Private variables ---------------------------------------------------------*/
  44:Core/Src/stm32f4xx_it.c **** /* USER CODE BEGIN PV */
  45:Core/Src/stm32f4xx_it.c **** 
  46:Core/Src/stm32f4xx_it.c **** /* USER CODE END PV */
  47:Core/Src/stm32f4xx_it.c **** 
  48:Core/Src/stm32f4xx_it.c **** /* Private function prototypes -----------------------------------------------*/
  49:Core/Src/stm32f4xx_it.c **** /* USER CODE BEGIN PFP */
  50:Core/Src/stm32f4xx_it.c **** 
  51:Core/Src/stm32f4xx_it.c **** /* USER CODE END PFP */
  52:Core/Src/stm32f4xx_it.c **** 
  53:Core/Src/stm32f4xx_it.c **** /* Private user code ---------------------------------------------------------*/
  54:Core/Src/stm32f4xx_it.c **** /* USER CODE BEGIN 0 */
  55:Core/Src/stm32f4xx_it.c **** 
  56:Core/Src/stm32f4xx_it.c **** /* USER CODE END 0 */
  57:Core/Src/stm32f4xx_it.c **** 
  58:Core/Src/stm32f4xx_it.c **** /* External variables --------------------------------------------------------*/
  59:Core/Src/stm32f4xx_it.c **** extern HCD_HandleTypeDef hhcd_USB_OTG_FS;
  60:Core/Src/stm32f4xx_it.c **** extern TIM_HandleTypeDef htim7;
  61:Core/Src/stm32f4xx_it.c **** /* USER CODE BEGIN EV */
  62:Core/Src/stm32f4xx_it.c **** 
  63:Core/Src/stm32f4xx_it.c **** /* USER CODE END EV */
  64:Core/Src/stm32f4xx_it.c **** 
  65:Core/Src/stm32f4xx_it.c **** /******************************************************************************/
  66:Core/Src/stm32f4xx_it.c **** /*           Cortex-M4 Processor Interruption and Exception Handlers          */
  67:Core/Src/stm32f4xx_it.c **** /******************************************************************************/
  68:Core/Src/stm32f4xx_it.c **** /**
  69:Core/Src/stm32f4xx_it.c ****   * @brief This function handles Non maskable interrupt.
  70:Core/Src/stm32f4xx_it.c ****   */
  71:Core/Src/stm32f4xx_it.c **** void NMI_Handler(void)
  72:Core/Src/stm32f4xx_it.c **** {
  29              		.loc 1 72 1 view -0
  30              		.cfi_startproc
  31              		@ Volatile: function does not return.
  32              		@ args = 0, pretend = 0, frame = 0
  33              		@ frame_needed = 0, uses_anonymous_args = 0
  34              		@ link register save eliminated.
  35              	.L2:
  73:Core/Src/stm32f4xx_it.c ****   /* USER CODE BEGIN NonMaskableInt_IRQn 0 */
  74:Core/Src/stm32f4xx_it.c **** 
  75:Core/Src/stm32f4xx_it.c ****   /* USER CODE END NonMaskableInt_IRQn 0 */
  76:Core/Src/stm32f4xx_it.c ****   /* USER CODE BEGIN NonMaskableInt_IRQn 1 */
  77:Core/Src/stm32f4xx_it.c ****   while (1)
  36              		.loc 1 77 3 view .LVU1
  78:Core/Src/stm32f4xx_it.c ****   {
  79:Core/Src/stm32f4xx_it.c ****   }
ARM GAS  /tmp/ccb7l9qc.s 			page 3


  37              		.loc 1 79 3 view .LVU2
  77:Core/Src/stm32f4xx_it.c ****   {
  38              		.loc 1 77 9 view .LVU3
  39 0000 FEE7     		b	.L2
  40              		.cfi_endproc
  41              	.LFE134:
  43              		.section	.text.HardFault_Handler,"ax",%progbits
  44              		.align	1
  45              		.global	HardFault_Handler
  46              		.syntax unified
  47              		.thumb
  48              		.thumb_func
  50              	HardFault_Handler:
  51              	.LFB135:
  80:Core/Src/stm32f4xx_it.c ****   /* USER CODE END NonMaskableInt_IRQn 1 */
  81:Core/Src/stm32f4xx_it.c **** }
  82:Core/Src/stm32f4xx_it.c **** 
  83:Core/Src/stm32f4xx_it.c **** /**
  84:Core/Src/stm32f4xx_it.c ****   * @brief This function handles Hard fault interrupt.
  85:Core/Src/stm32f4xx_it.c ****   */
  86:Core/Src/stm32f4xx_it.c **** void HardFault_Handler(void)
  87:Core/Src/stm32f4xx_it.c **** {
  52              		.loc 1 87 1 view -0
  53              		.cfi_startproc
  54              		@ Volatile: function does not return.
  55              		@ args = 0, pretend = 0, frame = 0
  56              		@ frame_needed = 0, uses_anonymous_args = 0
  57              		@ link register save eliminated.
  58              	.L4:
  88:Core/Src/stm32f4xx_it.c ****   /* USER CODE BEGIN HardFault_IRQn 0 */
  89:Core/Src/stm32f4xx_it.c **** 
  90:Core/Src/stm32f4xx_it.c ****   /* USER CODE END HardFault_IRQn 0 */
  91:Core/Src/stm32f4xx_it.c ****   while (1)
  59              		.loc 1 91 3 view .LVU5
  92:Core/Src/stm32f4xx_it.c ****   {
  93:Core/Src/stm32f4xx_it.c ****     /* USER CODE BEGIN W1_HardFault_IRQn 0 */
  94:Core/Src/stm32f4xx_it.c ****     /* USER CODE END W1_HardFault_IRQn 0 */
  95:Core/Src/stm32f4xx_it.c ****   }
  60              		.loc 1 95 3 view .LVU6
  91:Core/Src/stm32f4xx_it.c ****   {
  61              		.loc 1 91 9 view .LVU7
  62 0000 FEE7     		b	.L4
  63              		.cfi_endproc
  64              	.LFE135:
  66              		.section	.text.MemManage_Handler,"ax",%progbits
  67              		.align	1
  68              		.global	MemManage_Handler
  69              		.syntax unified
  70              		.thumb
  71              		.thumb_func
  73              	MemManage_Handler:
  74              	.LFB136:
  96:Core/Src/stm32f4xx_it.c **** }
  97:Core/Src/stm32f4xx_it.c **** 
  98:Core/Src/stm32f4xx_it.c **** /**
  99:Core/Src/stm32f4xx_it.c ****   * @brief This function handles Memory management fault.
 100:Core/Src/stm32f4xx_it.c ****   */
ARM GAS  /tmp/ccb7l9qc.s 			page 4


 101:Core/Src/stm32f4xx_it.c **** void MemManage_Handler(void)
 102:Core/Src/stm32f4xx_it.c **** {
  75              		.loc 1 102 1 view -0
  76              		.cfi_startproc
  77              		@ Volatile: function does not return.
  78              		@ args = 0, pretend = 0, frame = 0
  79              		@ frame_needed = 0, uses_anonymous_args = 0
  80              		@ link register save eliminated.
  81              	.L6:
 103:Core/Src/stm32f4xx_it.c ****   /* USER CODE BEGIN MemoryManagement_IRQn 0 */
 104:Core/Src/stm32f4xx_it.c **** 
 105:Core/Src/stm32f4xx_it.c ****   /* USER CODE END MemoryManagement_IRQn 0 */
 106:Core/Src/stm32f4xx_it.c ****   while (1)
  82              		.loc 1 106 3 view .LVU9
 107:Core/Src/stm32f4xx_it.c ****   {
 108:Core/Src/stm32f4xx_it.c ****     /* USER CODE BEGIN W1_MemoryManagement_IRQn 0 */
 109:Core/Src/stm32f4xx_it.c ****     /* USER CODE END W1_MemoryManagement_IRQn 0 */
 110:Core/Src/stm32f4xx_it.c ****   }
  83              		.loc 1 110 3 view .LVU10
 106:Core/Src/stm32f4xx_it.c ****   {
  84              		.loc 1 106 9 view .LVU11
  85 0000 FEE7     		b	.L6
  86              		.cfi_endproc
  87              	.LFE136:
  89              		.section	.text.BusFault_Handler,"ax",%progbits
  90              		.align	1
  91              		.global	BusFault_Handler
  92              		.syntax unified
  93              		.thumb
  94              		.thumb_func
  96              	BusFault_Handler:
  97              	.LFB137:
 111:Core/Src/stm32f4xx_it.c **** }
 112:Core/Src/stm32f4xx_it.c **** 
 113:Core/Src/stm32f4xx_it.c **** /**
 114:Core/Src/stm32f4xx_it.c ****   * @brief This function handles Pre-fetch fault, memory access fault.
 115:Core/Src/stm32f4xx_it.c ****   */
 116:Core/Src/stm32f4xx_it.c **** void BusFault_Handler(void)
 117:Core/Src/stm32f4xx_it.c **** {
  98              		.loc 1 117 1 view -0
  99              		.cfi_startproc
 100              		@ Volatile: function does not return.
 101              		@ args = 0, pretend = 0, frame = 0
 102              		@ frame_needed = 0, uses_anonymous_args = 0
 103              		@ link register save eliminated.
 104              	.L8:
 118:Core/Src/stm32f4xx_it.c ****   /* USER CODE BEGIN BusFault_IRQn 0 */
 119:Core/Src/stm32f4xx_it.c **** 
 120:Core/Src/stm32f4xx_it.c ****   /* USER CODE END BusFault_IRQn 0 */
 121:Core/Src/stm32f4xx_it.c ****   while (1)
 105              		.loc 1 121 3 view .LVU13
 122:Core/Src/stm32f4xx_it.c ****   {
 123:Core/Src/stm32f4xx_it.c ****     /* USER CODE BEGIN W1_BusFault_IRQn 0 */
 124:Core/Src/stm32f4xx_it.c ****     /* USER CODE END W1_BusFault_IRQn 0 */
 125:Core/Src/stm32f4xx_it.c ****   }
 106              		.loc 1 125 3 view .LVU14
 121:Core/Src/stm32f4xx_it.c ****   {
ARM GAS  /tmp/ccb7l9qc.s 			page 5


 107              		.loc 1 121 9 view .LVU15
 108 0000 FEE7     		b	.L8
 109              		.cfi_endproc
 110              	.LFE137:
 112              		.section	.text.UsageFault_Handler,"ax",%progbits
 113              		.align	1
 114              		.global	UsageFault_Handler
 115              		.syntax unified
 116              		.thumb
 117              		.thumb_func
 119              	UsageFault_Handler:
 120              	.LFB138:
 126:Core/Src/stm32f4xx_it.c **** }
 127:Core/Src/stm32f4xx_it.c **** 
 128:Core/Src/stm32f4xx_it.c **** /**
 129:Core/Src/stm32f4xx_it.c ****   * @brief This function handles Undefined instruction or illegal state.
 130:Core/Src/stm32f4xx_it.c ****   */
 131:Core/Src/stm32f4xx_it.c **** void UsageFault_Handler(void)
 132:Core/Src/stm32f4xx_it.c **** {
 121              		.loc 1 132 1 view -0
 122              		.cfi_startproc
 123              		@ Volatile: function does not return.
 124              		@ args = 0, pretend = 0, frame = 0
 125              		@ frame_needed = 0, uses_anonymous_args = 0
 126              		@ link register save eliminated.
 127              	.L10:
 133:Core/Src/stm32f4xx_it.c ****   /* USER CODE BEGIN UsageFault_IRQn 0 */
 134:Core/Src/stm32f4xx_it.c **** 
 135:Core/Src/stm32f4xx_it.c ****   /* USER CODE END UsageFault_IRQn 0 */
 136:Core/Src/stm32f4xx_it.c ****   while (1)
 128              		.loc 1 136 3 view .LVU17
 137:Core/Src/stm32f4xx_it.c ****   {
 138:Core/Src/stm32f4xx_it.c ****     /* USER CODE BEGIN W1_UsageFault_IRQn 0 */
 139:Core/Src/stm32f4xx_it.c ****     /* USER CODE END W1_UsageFault_IRQn 0 */
 140:Core/Src/stm32f4xx_it.c ****   }
 129              		.loc 1 140 3 view .LVU18
 136:Core/Src/stm32f4xx_it.c ****   {
 130              		.loc 1 136 9 view .LVU19
 131 0000 FEE7     		b	.L10
 132              		.cfi_endproc
 133              	.LFE138:
 135              		.section	.text.SVC_Handler,"ax",%progbits
 136              		.align	1
 137              		.global	SVC_Handler
 138              		.syntax unified
 139              		.thumb
 140              		.thumb_func
 142              	SVC_Handler:
 143              	.LFB139:
 141:Core/Src/stm32f4xx_it.c **** }
 142:Core/Src/stm32f4xx_it.c **** 
 143:Core/Src/stm32f4xx_it.c **** /**
 144:Core/Src/stm32f4xx_it.c ****   * @brief This function handles System service call via SWI instruction.
 145:Core/Src/stm32f4xx_it.c ****   */
 146:Core/Src/stm32f4xx_it.c **** void SVC_Handler(void)
 147:Core/Src/stm32f4xx_it.c **** {
 144              		.loc 1 147 1 view -0
ARM GAS  /tmp/ccb7l9qc.s 			page 6


 145              		.cfi_startproc
 146              		@ args = 0, pretend = 0, frame = 0
 147              		@ frame_needed = 0, uses_anonymous_args = 0
 148              		@ link register save eliminated.
 148:Core/Src/stm32f4xx_it.c ****   /* USER CODE BEGIN SVCall_IRQn 0 */
 149:Core/Src/stm32f4xx_it.c **** 
 150:Core/Src/stm32f4xx_it.c ****   /* USER CODE END SVCall_IRQn 0 */
 151:Core/Src/stm32f4xx_it.c ****   /* USER CODE BEGIN SVCall_IRQn 1 */
 152:Core/Src/stm32f4xx_it.c **** 
 153:Core/Src/stm32f4xx_it.c ****   /* USER CODE END SVCall_IRQn 1 */
 154:Core/Src/stm32f4xx_it.c **** }
 149              		.loc 1 154 1 view .LVU21
 150 0000 7047     		bx	lr
 151              		.cfi_endproc
 152              	.LFE139:
 154              		.section	.text.DebugMon_Handler,"ax",%progbits
 155              		.align	1
 156              		.global	DebugMon_Handler
 157              		.syntax unified
 158              		.thumb
 159              		.thumb_func
 161              	DebugMon_Handler:
 162              	.LFB140:
 155:Core/Src/stm32f4xx_it.c **** 
 156:Core/Src/stm32f4xx_it.c **** /**
 157:Core/Src/stm32f4xx_it.c ****   * @brief This function handles Debug monitor.
 158:Core/Src/stm32f4xx_it.c ****   */
 159:Core/Src/stm32f4xx_it.c **** void DebugMon_Handler(void)
 160:Core/Src/stm32f4xx_it.c **** {
 163              		.loc 1 160 1 view -0
 164              		.cfi_startproc
 165              		@ args = 0, pretend = 0, frame = 0
 166              		@ frame_needed = 0, uses_anonymous_args = 0
 167              		@ link register save eliminated.
 161:Core/Src/stm32f4xx_it.c ****   /* USER CODE BEGIN DebugMonitor_IRQn 0 */
 162:Core/Src/stm32f4xx_it.c **** 
 163:Core/Src/stm32f4xx_it.c ****   /* USER CODE END DebugMonitor_IRQn 0 */
 164:Core/Src/stm32f4xx_it.c ****   /* USER CODE BEGIN DebugMonitor_IRQn 1 */
 165:Core/Src/stm32f4xx_it.c **** 
 166:Core/Src/stm32f4xx_it.c ****   /* USER CODE END DebugMonitor_IRQn 1 */
 167:Core/Src/stm32f4xx_it.c **** }
 168              		.loc 1 167 1 view .LVU23
 169 0000 7047     		bx	lr
 170              		.cfi_endproc
 171              	.LFE140:
 173              		.section	.text.PendSV_Handler,"ax",%progbits
 174              		.align	1
 175              		.global	PendSV_Handler
 176              		.syntax unified
 177              		.thumb
 178              		.thumb_func
 180              	PendSV_Handler:
 181              	.LFB141:
 168:Core/Src/stm32f4xx_it.c **** 
 169:Core/Src/stm32f4xx_it.c **** /**
 170:Core/Src/stm32f4xx_it.c ****   * @brief This function handles Pendable request for system service.
 171:Core/Src/stm32f4xx_it.c ****   */
ARM GAS  /tmp/ccb7l9qc.s 			page 7


 172:Core/Src/stm32f4xx_it.c **** void PendSV_Handler(void)
 173:Core/Src/stm32f4xx_it.c **** {
 182              		.loc 1 173 1 view -0
 183              		.cfi_startproc
 184              		@ args = 0, pretend = 0, frame = 0
 185              		@ frame_needed = 0, uses_anonymous_args = 0
 186              		@ link register save eliminated.
 174:Core/Src/stm32f4xx_it.c ****   /* USER CODE BEGIN PendSV_IRQn 0 */
 175:Core/Src/stm32f4xx_it.c **** 
 176:Core/Src/stm32f4xx_it.c ****   /* USER CODE END PendSV_IRQn 0 */
 177:Core/Src/stm32f4xx_it.c ****   /* USER CODE BEGIN PendSV_IRQn 1 */
 178:Core/Src/stm32f4xx_it.c **** 
 179:Core/Src/stm32f4xx_it.c ****   /* USER CODE END PendSV_IRQn 1 */
 180:Core/Src/stm32f4xx_it.c **** }
 187              		.loc 1 180 1 view .LVU25
 188 0000 7047     		bx	lr
 189              		.cfi_endproc
 190              	.LFE141:
 192              		.section	.text.SysTick_Handler,"ax",%progbits
 193              		.align	1
 194              		.global	SysTick_Handler
 195              		.syntax unified
 196              		.thumb
 197              		.thumb_func
 199              	SysTick_Handler:
 200              	.LFB142:
 181:Core/Src/stm32f4xx_it.c **** 
 182:Core/Src/stm32f4xx_it.c **** /**
 183:Core/Src/stm32f4xx_it.c ****   * @brief This function handles System tick timer.
 184:Core/Src/stm32f4xx_it.c ****   */
 185:Core/Src/stm32f4xx_it.c **** void SysTick_Handler(void)
 186:Core/Src/stm32f4xx_it.c **** {
 201              		.loc 1 186 1 view -0
 202              		.cfi_startproc
 203              		@ args = 0, pretend = 0, frame = 0
 204              		@ frame_needed = 0, uses_anonymous_args = 0
 205 0000 10B5     		push	{r4, lr}
 206              	.LCFI0:
 207              		.cfi_def_cfa_offset 8
 208              		.cfi_offset 4, -8
 209              		.cfi_offset 14, -4
 187:Core/Src/stm32f4xx_it.c ****   /* USER CODE BEGIN SysTick_IRQn 0 */
 188:Core/Src/stm32f4xx_it.c **** 
 189:Core/Src/stm32f4xx_it.c **** COUNT++;  // Increment note duration counter
 210              		.loc 1 189 1 view .LVU27
 211              		.loc 1 189 6 is_stmt 0 view .LVU28
 212 0002 3C4A     		ldr	r2, .L19
 213 0004 1368     		ldr	r3, [r2]
 214 0006 0133     		adds	r3, r3, #1
 215 0008 1360     		str	r3, [r2]
 190:Core/Src/stm32f4xx_it.c **** Vibrato_Count++; // Increment the note vibrato effect counter
 216              		.loc 1 190 1 is_stmt 1 view .LVU29
 217              		.loc 1 190 14 is_stmt 0 view .LVU30
 218 000a 3B4A     		ldr	r2, .L19+4
 219 000c 1368     		ldr	r3, [r2]
 220 000e 0133     		adds	r3, r3, #1
 221 0010 1360     		str	r3, [r2]
ARM GAS  /tmp/ccb7l9qc.s 			page 8


 191:Core/Src/stm32f4xx_it.c **** 
 192:Core/Src/stm32f4xx_it.c **** /* This code applies vibrato to the current note that is playing  */
 193:Core/Src/stm32f4xx_it.c **** if (Vibrato_Count >= Vibrato_Rate)
 222              		.loc 1 193 1 is_stmt 1 view .LVU31
 223              		.loc 1 193 19 is_stmt 0 view .LVU32
 224 0012 3A4A     		ldr	r2, .L19+8
 225 0014 1268     		ldr	r2, [r2]
 226              		.loc 1 193 4 view .LVU33
 227 0016 9342     		cmp	r3, r2
 228 0018 1DDB     		blt	.L15
 194:Core/Src/stm32f4xx_it.c **** {
 195:Core/Src/stm32f4xx_it.c **** 	Vibrato_Count = 0;
 229              		.loc 1 195 2 is_stmt 1 view .LVU34
 230              		.loc 1 195 16 is_stmt 0 view .LVU35
 231 001a 374B     		ldr	r3, .L19+4
 232 001c 0022     		movs	r2, #0
 233 001e 1A60     		str	r2, [r3]
 196:Core/Src/stm32f4xx_it.c **** 	if (Song[INDEX].note > 0)
 234              		.loc 1 196 2 is_stmt 1 view .LVU36
 235              		.loc 1 196 17 is_stmt 0 view .LVU37
 236 0020 374B     		ldr	r3, .L19+12
 237 0022 1B68     		ldr	r3, [r3]
 238 0024 03EB8301 		add	r1, r3, r3, lsl #2
 239 0028 364A     		ldr	r2, .L19+16
 240 002a 52F82120 		ldr	r2, [r2, r1, lsl #2]
 241              		.loc 1 196 5 view .LVU38
 242 002e 002A     		cmp	r2, #0
 243 0030 11DD     		ble	.L15
 197:Core/Src/stm32f4xx_it.c **** 		{
 198:Core/Src/stm32f4xx_it.c **** 			Song[INDEX].note += Vibrato_Depth;
 244              		.loc 1 198 4 is_stmt 1 view .LVU39
 245              		.loc 1 198 21 is_stmt 0 view .LVU40
 246 0032 3549     		ldr	r1, .L19+20
 247 0034 0868     		ldr	r0, [r1]
 248 0036 03EB8301 		add	r1, r3, r3, lsl #2
 249 003a 02EB000C 		add	ip, r2, r0
 250 003e 314C     		ldr	r4, .L19+16
 251 0040 44F821C0 		str	ip, [r4, r1, lsl #2]
 199:Core/Src/stm32f4xx_it.c **** 			if (Song[INDEX].note > (Save_Note + Vibrato_Depth)) Song[INDEX].note = Save_Note - Vibrato_Depth
 252              		.loc 1 199 4 is_stmt 1 view .LVU41
 253              		.loc 1 199 38 is_stmt 0 view .LVU42
 254 0044 3149     		ldr	r1, .L19+24
 255 0046 0968     		ldr	r1, [r1]
 256              		.loc 1 199 7 view .LVU43
 257 0048 8A42     		cmp	r2, r1
 258 004a 04DD     		ble	.L15
 259              		.loc 1 199 56 is_stmt 1 discriminator 1 view .LVU44
 260              		.loc 1 199 85 is_stmt 0 discriminator 1 view .LVU45
 261 004c 091A     		subs	r1, r1, r0
 262              		.loc 1 199 73 discriminator 1 view .LVU46
 263 004e 03EB8303 		add	r3, r3, r3, lsl #2
 264 0052 44F82310 		str	r1, [r4, r3, lsl #2]
 265              	.L15:
 200:Core/Src/stm32f4xx_it.c **** 
 201:Core/Src/stm32f4xx_it.c **** 		}
 202:Core/Src/stm32f4xx_it.c **** }
 203:Core/Src/stm32f4xx_it.c **** 
ARM GAS  /tmp/ccb7l9qc.s 			page 9


 204:Core/Src/stm32f4xx_it.c **** if (Animate_On > 0)
 266              		.loc 1 204 1 is_stmt 1 view .LVU47
 267              		.loc 1 204 16 is_stmt 0 view .LVU48
 268 0056 2E4B     		ldr	r3, .L19+28
 269 0058 1B78     		ldrb	r3, [r3]	@ zero_extendqisi2
 270              		.loc 1 204 4 view .LVU49
 271 005a 3BB1     		cbz	r3, .L16
 205:Core/Src/stm32f4xx_it.c **** {
 206:Core/Src/stm32f4xx_it.c **** 	Delay_counter++;
 272              		.loc 1 206 2 is_stmt 1 view .LVU50
 273              		.loc 1 206 15 is_stmt 0 view .LVU51
 274 005c 2D4A     		ldr	r2, .L19+32
 275 005e 1368     		ldr	r3, [r2]
 276 0060 0133     		adds	r3, r3, #1
 277 0062 1360     		str	r3, [r2]
 207:Core/Src/stm32f4xx_it.c **** 	if (Delay_counter > Delay_msec)
 278              		.loc 1 207 2 is_stmt 1 view .LVU52
 279              		.loc 1 207 20 is_stmt 0 view .LVU53
 280 0064 2C4A     		ldr	r2, .L19+36
 281 0066 1268     		ldr	r2, [r2]
 282              		.loc 1 207 5 view .LVU54
 283 0068 9342     		cmp	r3, r2
 284 006a 02DC     		bgt	.L18
 285              	.L16:
 208:Core/Src/stm32f4xx_it.c **** 	{
 209:Core/Src/stm32f4xx_it.c **** 		Delay_counter = 0;
 210:Core/Src/stm32f4xx_it.c **** 		Seven_Segment_Digit(7,*(Message_Pointer),0);
 211:Core/Src/stm32f4xx_it.c **** 		Seven_Segment_Digit(6,*(Message_Pointer+1),0);
 212:Core/Src/stm32f4xx_it.c **** 		Seven_Segment_Digit(5,*(Message_Pointer+2),0);
 213:Core/Src/stm32f4xx_it.c **** 		Seven_Segment_Digit(4,*(Message_Pointer+3),0);
 214:Core/Src/stm32f4xx_it.c **** 		Seven_Segment_Digit(3,*(Message_Pointer+4),0);
 215:Core/Src/stm32f4xx_it.c **** 		Seven_Segment_Digit(2,*(Message_Pointer+5),0);
 216:Core/Src/stm32f4xx_it.c **** 		Seven_Segment_Digit(1,*(Message_Pointer+6),0);
 217:Core/Src/stm32f4xx_it.c **** 		Seven_Segment_Digit(0,*(Message_Pointer+7),0);
 218:Core/Src/stm32f4xx_it.c **** 		Message_Pointer++;
 219:Core/Src/stm32f4xx_it.c **** 		if ((Message_Pointer - Save_Pointer) >= (Message_Length-8)) Message_Pointer = Save_Pointer;
 220:Core/Src/stm32f4xx_it.c **** 
 221:Core/Src/stm32f4xx_it.c **** 	}
 222:Core/Src/stm32f4xx_it.c **** }
 223:Core/Src/stm32f4xx_it.c ****   /* USER CODE END SysTick_IRQn 0 */
 224:Core/Src/stm32f4xx_it.c ****   HAL_IncTick();
 286              		.loc 1 224 3 is_stmt 1 view .LVU55
 287 006c FFF7FEFF 		bl	HAL_IncTick
 288              	.LVL0:
 225:Core/Src/stm32f4xx_it.c ****   /* USER CODE BEGIN SysTick_IRQn 1 */
 226:Core/Src/stm32f4xx_it.c **** 
 227:Core/Src/stm32f4xx_it.c ****   /* USER CODE END SysTick_IRQn 1 */
 228:Core/Src/stm32f4xx_it.c **** }
 289              		.loc 1 228 1 is_stmt 0 view .LVU56
 290 0070 10BD     		pop	{r4, pc}
 291              	.L18:
 209:Core/Src/stm32f4xx_it.c **** 		Seven_Segment_Digit(7,*(Message_Pointer),0);
 292              		.loc 1 209 3 is_stmt 1 view .LVU57
 209:Core/Src/stm32f4xx_it.c **** 		Seven_Segment_Digit(7,*(Message_Pointer),0);
 293              		.loc 1 209 17 is_stmt 0 view .LVU58
 294 0072 284B     		ldr	r3, .L19+32
 295 0074 0022     		movs	r2, #0
ARM GAS  /tmp/ccb7l9qc.s 			page 10


 296 0076 1A60     		str	r2, [r3]
 210:Core/Src/stm32f4xx_it.c **** 		Seven_Segment_Digit(6,*(Message_Pointer+1),0);
 297              		.loc 1 210 3 is_stmt 1 view .LVU59
 298 0078 284C     		ldr	r4, .L19+40
 299 007a 2368     		ldr	r3, [r4]
 300 007c 1978     		ldrb	r1, [r3]	@ zero_extendqisi2
 301 007e 0720     		movs	r0, #7
 302 0080 FFF7FEFF 		bl	Seven_Segment_Digit
 303              	.LVL1:
 211:Core/Src/stm32f4xx_it.c **** 		Seven_Segment_Digit(5,*(Message_Pointer+2),0);
 304              		.loc 1 211 3 view .LVU60
 211:Core/Src/stm32f4xx_it.c **** 		Seven_Segment_Digit(5,*(Message_Pointer+2),0);
 305              		.loc 1 211 42 is_stmt 0 view .LVU61
 306 0084 2368     		ldr	r3, [r4]
 211:Core/Src/stm32f4xx_it.c **** 		Seven_Segment_Digit(5,*(Message_Pointer+2),0);
 307              		.loc 1 211 3 view .LVU62
 308 0086 0022     		movs	r2, #0
 309 0088 5978     		ldrb	r1, [r3, #1]	@ zero_extendqisi2
 310 008a 0620     		movs	r0, #6
 311 008c FFF7FEFF 		bl	Seven_Segment_Digit
 312              	.LVL2:
 212:Core/Src/stm32f4xx_it.c **** 		Seven_Segment_Digit(4,*(Message_Pointer+3),0);
 313              		.loc 1 212 3 is_stmt 1 view .LVU63
 212:Core/Src/stm32f4xx_it.c **** 		Seven_Segment_Digit(4,*(Message_Pointer+3),0);
 314              		.loc 1 212 42 is_stmt 0 view .LVU64
 315 0090 2368     		ldr	r3, [r4]
 212:Core/Src/stm32f4xx_it.c **** 		Seven_Segment_Digit(4,*(Message_Pointer+3),0);
 316              		.loc 1 212 3 view .LVU65
 317 0092 0022     		movs	r2, #0
 318 0094 9978     		ldrb	r1, [r3, #2]	@ zero_extendqisi2
 319 0096 0520     		movs	r0, #5
 320 0098 FFF7FEFF 		bl	Seven_Segment_Digit
 321              	.LVL3:
 213:Core/Src/stm32f4xx_it.c **** 		Seven_Segment_Digit(3,*(Message_Pointer+4),0);
 322              		.loc 1 213 3 is_stmt 1 view .LVU66
 213:Core/Src/stm32f4xx_it.c **** 		Seven_Segment_Digit(3,*(Message_Pointer+4),0);
 323              		.loc 1 213 42 is_stmt 0 view .LVU67
 324 009c 2368     		ldr	r3, [r4]
 213:Core/Src/stm32f4xx_it.c **** 		Seven_Segment_Digit(3,*(Message_Pointer+4),0);
 325              		.loc 1 213 3 view .LVU68
 326 009e 0022     		movs	r2, #0
 327 00a0 D978     		ldrb	r1, [r3, #3]	@ zero_extendqisi2
 328 00a2 0420     		movs	r0, #4
 329 00a4 FFF7FEFF 		bl	Seven_Segment_Digit
 330              	.LVL4:
 214:Core/Src/stm32f4xx_it.c **** 		Seven_Segment_Digit(2,*(Message_Pointer+5),0);
 331              		.loc 1 214 3 is_stmt 1 view .LVU69
 214:Core/Src/stm32f4xx_it.c **** 		Seven_Segment_Digit(2,*(Message_Pointer+5),0);
 332              		.loc 1 214 42 is_stmt 0 view .LVU70
 333 00a8 2368     		ldr	r3, [r4]
 214:Core/Src/stm32f4xx_it.c **** 		Seven_Segment_Digit(2,*(Message_Pointer+5),0);
 334              		.loc 1 214 3 view .LVU71
 335 00aa 0022     		movs	r2, #0
 336 00ac 1979     		ldrb	r1, [r3, #4]	@ zero_extendqisi2
 337 00ae 0320     		movs	r0, #3
 338 00b0 FFF7FEFF 		bl	Seven_Segment_Digit
 339              	.LVL5:
ARM GAS  /tmp/ccb7l9qc.s 			page 11


 215:Core/Src/stm32f4xx_it.c **** 		Seven_Segment_Digit(1,*(Message_Pointer+6),0);
 340              		.loc 1 215 3 is_stmt 1 view .LVU72
 215:Core/Src/stm32f4xx_it.c **** 		Seven_Segment_Digit(1,*(Message_Pointer+6),0);
 341              		.loc 1 215 42 is_stmt 0 view .LVU73
 342 00b4 2368     		ldr	r3, [r4]
 215:Core/Src/stm32f4xx_it.c **** 		Seven_Segment_Digit(1,*(Message_Pointer+6),0);
 343              		.loc 1 215 3 view .LVU74
 344 00b6 0022     		movs	r2, #0
 345 00b8 5979     		ldrb	r1, [r3, #5]	@ zero_extendqisi2
 346 00ba 0220     		movs	r0, #2
 347 00bc FFF7FEFF 		bl	Seven_Segment_Digit
 348              	.LVL6:
 216:Core/Src/stm32f4xx_it.c **** 		Seven_Segment_Digit(0,*(Message_Pointer+7),0);
 349              		.loc 1 216 3 is_stmt 1 view .LVU75
 216:Core/Src/stm32f4xx_it.c **** 		Seven_Segment_Digit(0,*(Message_Pointer+7),0);
 350              		.loc 1 216 42 is_stmt 0 view .LVU76
 351 00c0 2368     		ldr	r3, [r4]
 216:Core/Src/stm32f4xx_it.c **** 		Seven_Segment_Digit(0,*(Message_Pointer+7),0);
 352              		.loc 1 216 3 view .LVU77
 353 00c2 0022     		movs	r2, #0
 354 00c4 9979     		ldrb	r1, [r3, #6]	@ zero_extendqisi2
 355 00c6 0120     		movs	r0, #1
 356 00c8 FFF7FEFF 		bl	Seven_Segment_Digit
 357              	.LVL7:
 217:Core/Src/stm32f4xx_it.c **** 		Message_Pointer++;
 358              		.loc 1 217 3 is_stmt 1 view .LVU78
 217:Core/Src/stm32f4xx_it.c **** 		Message_Pointer++;
 359              		.loc 1 217 42 is_stmt 0 view .LVU79
 360 00cc 2368     		ldr	r3, [r4]
 217:Core/Src/stm32f4xx_it.c **** 		Message_Pointer++;
 361              		.loc 1 217 3 view .LVU80
 362 00ce 0022     		movs	r2, #0
 363 00d0 D979     		ldrb	r1, [r3, #7]	@ zero_extendqisi2
 364 00d2 1046     		mov	r0, r2
 365 00d4 FFF7FEFF 		bl	Seven_Segment_Digit
 366              	.LVL8:
 218:Core/Src/stm32f4xx_it.c **** 		if ((Message_Pointer - Save_Pointer) >= (Message_Length-8)) Message_Pointer = Save_Pointer;
 367              		.loc 1 218 3 is_stmt 1 view .LVU81
 218:Core/Src/stm32f4xx_it.c **** 		if ((Message_Pointer - Save_Pointer) >= (Message_Length-8)) Message_Pointer = Save_Pointer;
 368              		.loc 1 218 18 is_stmt 0 view .LVU82
 369 00d8 2368     		ldr	r3, [r4]
 370 00da 0133     		adds	r3, r3, #1
 371 00dc 2360     		str	r3, [r4]
 219:Core/Src/stm32f4xx_it.c **** 
 372              		.loc 1 219 3 is_stmt 1 view .LVU83
 219:Core/Src/stm32f4xx_it.c **** 
 373              		.loc 1 219 24 is_stmt 0 view .LVU84
 374 00de 104A     		ldr	r2, .L19+44
 375 00e0 1168     		ldr	r1, [r2]
 376 00e2 5B1A     		subs	r3, r3, r1
 219:Core/Src/stm32f4xx_it.c **** 
 377              		.loc 1 219 58 view .LVU85
 378 00e4 0F4A     		ldr	r2, .L19+48
 379 00e6 1278     		ldrb	r2, [r2]	@ zero_extendqisi2
 380 00e8 083A     		subs	r2, r2, #8
 219:Core/Src/stm32f4xx_it.c **** 
 381              		.loc 1 219 6 view .LVU86
ARM GAS  /tmp/ccb7l9qc.s 			page 12


 382 00ea 9342     		cmp	r3, r2
 383 00ec BEDB     		blt	.L16
 219:Core/Src/stm32f4xx_it.c **** 
 384              		.loc 1 219 63 is_stmt 1 discriminator 1 view .LVU87
 219:Core/Src/stm32f4xx_it.c **** 
 385              		.loc 1 219 79 is_stmt 0 discriminator 1 view .LVU88
 386 00ee 2160     		str	r1, [r4]
 387 00f0 BCE7     		b	.L16
 388              	.L20:
 389 00f2 00BF     		.align	2
 390              	.L19:
 391 00f4 00000000 		.word	COUNT
 392 00f8 00000000 		.word	Vibrato_Count
 393 00fc 00000000 		.word	Vibrato_Rate
 394 0100 00000000 		.word	INDEX
 395 0104 00000000 		.word	Song
 396 0108 00000000 		.word	Vibrato_Depth
 397 010c 00000000 		.word	Save_Note
 398 0110 00000000 		.word	Animate_On
 399 0114 00000000 		.word	Delay_counter
 400 0118 00000000 		.word	Delay_msec
 401 011c 00000000 		.word	Message_Pointer
 402 0120 00000000 		.word	Save_Pointer
 403 0124 00000000 		.word	Message_Length
 404              		.cfi_endproc
 405              	.LFE142:
 407              		.section	.text.TIM7_IRQHandler,"ax",%progbits
 408              		.align	1
 409              		.global	TIM7_IRQHandler
 410              		.syntax unified
 411              		.thumb
 412              		.thumb_func
 414              	TIM7_IRQHandler:
 415              	.LFB143:
 229:Core/Src/stm32f4xx_it.c **** 
 230:Core/Src/stm32f4xx_it.c **** /******************************************************************************/
 231:Core/Src/stm32f4xx_it.c **** /* STM32F4xx Peripheral Interrupt Handlers                                    */
 232:Core/Src/stm32f4xx_it.c **** /* Add here the Interrupt Handlers for the used peripherals.                  */
 233:Core/Src/stm32f4xx_it.c **** /* For the available peripheral interrupt handler names,                      */
 234:Core/Src/stm32f4xx_it.c **** /* please refer to the startup file (startup_stm32f4xx.s).                    */
 235:Core/Src/stm32f4xx_it.c **** /******************************************************************************/
 236:Core/Src/stm32f4xx_it.c **** 
 237:Core/Src/stm32f4xx_it.c **** /**
 238:Core/Src/stm32f4xx_it.c ****   * @brief This function handles TIM7 global interrupt.
 239:Core/Src/stm32f4xx_it.c ****   */
 240:Core/Src/stm32f4xx_it.c **** void TIM7_IRQHandler(void)
 241:Core/Src/stm32f4xx_it.c **** {
 416              		.loc 1 241 1 is_stmt 1 view -0
 417              		.cfi_startproc
 418              		@ args = 0, pretend = 0, frame = 0
 419              		@ frame_needed = 0, uses_anonymous_args = 0
 420 0000 70B5     		push	{r4, r5, r6, lr}
 421              	.LCFI1:
 422              		.cfi_def_cfa_offset 16
 423              		.cfi_offset 4, -16
 424              		.cfi_offset 5, -12
 425              		.cfi_offset 6, -8
ARM GAS  /tmp/ccb7l9qc.s 			page 13


 426              		.cfi_offset 14, -4
 242:Core/Src/stm32f4xx_it.c ****   /* USER CODE BEGIN TIM7_IRQn 0 */
 243:Core/Src/stm32f4xx_it.c **** 
 244:Core/Src/stm32f4xx_it.c **** 	/* Increment TONE counter and dimming ramp counter */
 245:Core/Src/stm32f4xx_it.c **** 	TONE++;
 427              		.loc 1 245 2 view .LVU90
 428              		.loc 1 245 6 is_stmt 0 view .LVU91
 429 0002 5B4B     		ldr	r3, .L34
 430 0004 1A68     		ldr	r2, [r3]
 431 0006 0132     		adds	r2, r2, #1
 432 0008 1A60     		str	r2, [r3]
 246:Core/Src/stm32f4xx_it.c **** 	ramp++;
 433              		.loc 1 246 2 is_stmt 1 view .LVU92
 434              		.loc 1 246 6 is_stmt 0 view .LVU93
 435 000a 5A49     		ldr	r1, .L34+4
 436 000c 0B78     		ldrb	r3, [r1]	@ zero_extendqisi2
 437 000e 0133     		adds	r3, r3, #1
 438 0010 DBB2     		uxtb	r3, r3
 439 0012 0B70     		strb	r3, [r1]
 247:Core/Src/stm32f4xx_it.c **** 
 248:Core/Src/stm32f4xx_it.c **** 	/* This code plays the song from the song array structure */
 249:Core/Src/stm32f4xx_it.c **** 	if ((Music_ON > 0) && (Song[INDEX].note > 0) && ((Song[INDEX].tempo/Song[INDEX].size - Song[INDEX]
 440              		.loc 1 249 2 is_stmt 1 view .LVU94
 441              		.loc 1 249 16 is_stmt 0 view .LVU95
 442 0014 5849     		ldr	r1, .L34+8
 443 0016 0878     		ldrb	r0, [r1]	@ zero_extendqisi2
 444              		.loc 1 249 5 view .LVU96
 445 0018 68B3     		cbz	r0, .L22
 446              		.loc 1 249 36 discriminator 1 view .LVU97
 447 001a 5849     		ldr	r1, .L34+12
 448 001c 0968     		ldr	r1, [r1]
 449 001e 01EB810E 		add	lr, r1, r1, lsl #2
 450 0022 DFF860C1 		ldr	ip, .L34+20
 451 0026 5CF82E40 		ldr	r4, [ip, lr, lsl #2]
 452              		.loc 1 249 21 discriminator 1 view .LVU98
 453 002a 002C     		cmp	r4, #0
 454 002c 23DD     		ble	.L22
 455              		.loc 1 249 63 discriminator 2 view .LVU99
 456 002e E646     		mov	lr, ip
 457 0030 01EB810C 		add	ip, r1, r1, lsl #2
 458 0034 0EEB8C0C 		add	ip, lr, ip, lsl #2
 459 0038 DCF80850 		ldr	r5, [ip, #8]
 460              		.loc 1 249 81 discriminator 2 view .LVU100
 461 003c DCF80460 		ldr	r6, [ip, #4]
 462              		.loc 1 249 69 discriminator 2 view .LVU101
 463 0040 95FBF6FC 		sdiv	ip, r5, r6
 464              		.loc 1 249 100 discriminator 2 view .LVU102
 465 0044 01EB8101 		add	r1, r1, r1, lsl #2
 466 0048 0EEB810E 		add	lr, lr, r1, lsl #2
 467 004c DEF80C10 		ldr	r1, [lr, #12]
 468              		.loc 1 249 87 discriminator 2 view .LVU103
 469 0050 ACEB0101 		sub	r1, ip, r1
 470              		.loc 1 249 108 discriminator 2 view .LVU104
 471 0054 DFF830C1 		ldr	ip, .L34+24
 472 0058 DCF800C0 		ldr	ip, [ip]
 473              		.loc 1 249 47 discriminator 2 view .LVU105
 474 005c 6145     		cmp	r1, ip
ARM GAS  /tmp/ccb7l9qc.s 			page 14


 475 005e 0ADD     		ble	.L22
 250:Core/Src/stm32f4xx_it.c **** 	{
 251:Core/Src/stm32f4xx_it.c **** 
 252:Core/Src/stm32f4xx_it.c **** 		if (Song[INDEX].note <= TONE)
 476              		.loc 1 252 3 is_stmt 1 view .LVU106
 477              		.loc 1 252 6 is_stmt 0 view .LVU107
 478 0060 A242     		cmp	r2, r4
 479 0062 39DB     		blt	.L23
 253:Core/Src/stm32f4xx_it.c **** 		{
 254:Core/Src/stm32f4xx_it.c **** 			GPIOD->ODR ^= 1;
 480              		.loc 1 254 4 is_stmt 1 view .LVU108
 481              		.loc 1 254 9 is_stmt 0 view .LVU109
 482 0064 4649     		ldr	r1, .L34+16
 483 0066 4A69     		ldr	r2, [r1, #20]
 484              		.loc 1 254 15 view .LVU110
 485 0068 82F00102 		eor	r2, r2, #1
 486 006c 4A61     		str	r2, [r1, #20]
 255:Core/Src/stm32f4xx_it.c **** 			TONE = 0;
 487              		.loc 1 255 4 is_stmt 1 view .LVU111
 488              		.loc 1 255 9 is_stmt 0 view .LVU112
 489 006e 404A     		ldr	r2, .L34
 490 0070 0021     		movs	r1, #0
 491 0072 1160     		str	r1, [r2]
 492 0074 30E0     		b	.L23
 493              	.L22:
 256:Core/Src/stm32f4xx_it.c **** 		}
 257:Core/Src/stm32f4xx_it.c **** 	}
 258:Core/Src/stm32f4xx_it.c **** 	else if ((Music_ON > 0) && Song[INDEX].tempo/Song[INDEX].size > COUNT)
 494              		.loc 1 258 7 is_stmt 1 view .LVU113
 495              		.loc 1 258 10 is_stmt 0 view .LVU114
 496 0076 B8B1     		cbz	r0, .L24
 497              		.loc 1 258 40 discriminator 1 view .LVU115
 498 0078 404A     		ldr	r2, .L34+12
 499 007a 1268     		ldr	r2, [r2]
 500 007c 4149     		ldr	r1, .L34+20
 501 007e 02EB820C 		add	ip, r2, r2, lsl #2
 502 0082 01EB8C0C 		add	ip, r1, ip, lsl #2
 503 0086 DCF808C0 		ldr	ip, [ip, #8]
 504              		.loc 1 258 58 discriminator 1 view .LVU116
 505 008a 02EB8202 		add	r2, r2, r2, lsl #2
 506 008e 01EB8201 		add	r1, r1, r2, lsl #2
 507 0092 4A68     		ldr	r2, [r1, #4]
 508              		.loc 1 258 46 discriminator 1 view .LVU117
 509 0094 9CFBF2F2 		sdiv	r2, ip, r2
 510              		.loc 1 258 64 discriminator 1 view .LVU118
 511 0098 3B49     		ldr	r1, .L34+24
 512 009a 0968     		ldr	r1, [r1]
 513              		.loc 1 258 26 discriminator 1 view .LVU119
 514 009c 8A42     		cmp	r2, r1
 515 009e 03DD     		ble	.L24
 259:Core/Src/stm32f4xx_it.c **** 	{
 260:Core/Src/stm32f4xx_it.c **** 		TONE = 0;
 516              		.loc 1 260 3 is_stmt 1 view .LVU120
 517              		.loc 1 260 8 is_stmt 0 view .LVU121
 518 00a0 334A     		ldr	r2, .L34
 519 00a2 0021     		movs	r1, #0
 520 00a4 1160     		str	r1, [r2]
ARM GAS  /tmp/ccb7l9qc.s 			page 15


 521 00a6 17E0     		b	.L23
 522              	.L24:
 261:Core/Src/stm32f4xx_it.c **** 	}
 262:Core/Src/stm32f4xx_it.c **** 	else if ((Music_ON > 0) && Song[INDEX].tempo/Song[INDEX].size == COUNT)
 523              		.loc 1 262 7 is_stmt 1 view .LVU122
 524              		.loc 1 262 10 is_stmt 0 view .LVU123
 525 00a8 88B1     		cbz	r0, .L25
 526              		.loc 1 262 40 discriminator 1 view .LVU124
 527 00aa 344A     		ldr	r2, .L34+12
 528 00ac 1168     		ldr	r1, [r2]
 529 00ae 01EB810C 		add	ip, r1, r1, lsl #2
 530 00b2 344A     		ldr	r2, .L34+20
 531 00b4 02EB8C02 		add	r2, r2, ip, lsl #2
 532 00b8 D2F808C0 		ldr	ip, [r2, #8]
 533              		.loc 1 262 58 discriminator 1 view .LVU125
 534 00bc 5268     		ldr	r2, [r2, #4]
 535              		.loc 1 262 46 discriminator 1 view .LVU126
 536 00be 9CFBF2F2 		sdiv	r2, ip, r2
 537              		.loc 1 262 64 discriminator 1 view .LVU127
 538 00c2 DFF8C4C0 		ldr	ip, .L34+24
 539 00c6 DCF800C0 		ldr	ip, [ip]
 540              		.loc 1 262 26 discriminator 1 view .LVU128
 541 00ca 6245     		cmp	r2, ip
 542 00cc 26D0     		beq	.L33
 543              	.L25:
 263:Core/Src/stm32f4xx_it.c **** 	{
 264:Core/Src/stm32f4xx_it.c **** 		COUNT = 0;
 265:Core/Src/stm32f4xx_it.c **** 		TONE = 0;
 266:Core/Src/stm32f4xx_it.c **** 		if (!(Song[INDEX].end))
 267:Core/Src/stm32f4xx_it.c **** 				{
 268:Core/Src/stm32f4xx_it.c **** 					INDEX++;
 269:Core/Src/stm32f4xx_it.c **** 					Save_Note = Song[INDEX].note;
 270:Core/Src/stm32f4xx_it.c **** 				}
 271:Core/Src/stm32f4xx_it.c **** 	}
 272:Core/Src/stm32f4xx_it.c **** 	else if (Music_ON == 0)
 544              		.loc 1 272 7 is_stmt 1 view .LVU129
 545              		.loc 1 272 10 is_stmt 0 view .LVU130
 546 00ce 18B9     		cbnz	r0, .L23
 273:Core/Src/stm32f4xx_it.c **** 		{
 274:Core/Src/stm32f4xx_it.c **** 			TONE = 0;
 547              		.loc 1 274 4 is_stmt 1 view .LVU131
 548              		.loc 1 274 9 is_stmt 0 view .LVU132
 549 00d0 2749     		ldr	r1, .L34
 550 00d2 0860     		str	r0, [r1]
 275:Core/Src/stm32f4xx_it.c **** 			COUNT = 0;
 551              		.loc 1 275 4 is_stmt 1 view .LVU133
 552              		.loc 1 275 10 is_stmt 0 view .LVU134
 553 00d4 2C49     		ldr	r1, .L34+24
 554 00d6 0860     		str	r0, [r1]
 555              	.L23:
 276:Core/Src/stm32f4xx_it.c **** 		}
 277:Core/Src/stm32f4xx_it.c **** 
 278:Core/Src/stm32f4xx_it.c **** 
 279:Core/Src/stm32f4xx_it.c **** 	/* This code dims the RGB LEDs using PWM */
 280:Core/Src/stm32f4xx_it.c **** 	if (DIM_Enable > 0)
 556              		.loc 1 280 2 is_stmt 1 view .LVU135
 557              		.loc 1 280 17 is_stmt 0 view .LVU136
ARM GAS  /tmp/ccb7l9qc.s 			page 16


 558 00d8 2C4A     		ldr	r2, .L34+28
 559 00da 1278     		ldrb	r2, [r2]	@ zero_extendqisi2
 560              		.loc 1 280 5 view .LVU137
 561 00dc D2B1     		cbz	r2, .L26
 281:Core/Src/stm32f4xx_it.c **** 	{
 282:Core/Src/stm32f4xx_it.c **** 		if (RED_BRT <= ramp)
 562              		.loc 1 282 3 is_stmt 1 view .LVU138
 563              		.loc 1 282 15 is_stmt 0 view .LVU139
 564 00de 2C4A     		ldr	r2, .L34+32
 565 00e0 1278     		ldrb	r2, [r2]	@ zero_extendqisi2
 566              		.loc 1 282 6 view .LVU140
 567 00e2 9342     		cmp	r3, r2
 568 00e4 32D3     		bcc	.L27
 283:Core/Src/stm32f4xx_it.c **** 		{
 284:Core/Src/stm32f4xx_it.c **** 			GPIOD->ODR |= (1 << 15);
 569              		.loc 1 284 4 is_stmt 1 view .LVU141
 570              		.loc 1 284 9 is_stmt 0 view .LVU142
 571 00e6 2649     		ldr	r1, .L34+16
 572 00e8 4A69     		ldr	r2, [r1, #20]
 573              		.loc 1 284 15 view .LVU143
 574 00ea 42F40042 		orr	r2, r2, #32768
 575 00ee 4A61     		str	r2, [r1, #20]
 576              	.L28:
 285:Core/Src/stm32f4xx_it.c **** 		}
 286:Core/Src/stm32f4xx_it.c **** 		else
 287:Core/Src/stm32f4xx_it.c **** 		{
 288:Core/Src/stm32f4xx_it.c **** 			GPIOD->ODR &= ~(1 << 15);
 289:Core/Src/stm32f4xx_it.c **** 		}
 290:Core/Src/stm32f4xx_it.c **** 		if (BLUE_BRT <= ramp)
 577              		.loc 1 290 3 is_stmt 1 view .LVU144
 578              		.loc 1 290 16 is_stmt 0 view .LVU145
 579 00f0 284A     		ldr	r2, .L34+36
 580 00f2 1278     		ldrb	r2, [r2]	@ zero_extendqisi2
 581              		.loc 1 290 6 view .LVU146
 582 00f4 9342     		cmp	r3, r2
 583 00f6 2FD3     		bcc	.L29
 291:Core/Src/stm32f4xx_it.c **** 		{
 292:Core/Src/stm32f4xx_it.c **** 			GPIOD->ODR |= (1 << 14);
 584              		.loc 1 292 4 is_stmt 1 view .LVU147
 585              		.loc 1 292 9 is_stmt 0 view .LVU148
 586 00f8 2149     		ldr	r1, .L34+16
 587 00fa 4A69     		ldr	r2, [r1, #20]
 588              		.loc 1 292 15 view .LVU149
 589 00fc 42F48042 		orr	r2, r2, #16384
 590 0100 4A61     		str	r2, [r1, #20]
 591              	.L30:
 293:Core/Src/stm32f4xx_it.c **** 		}
 294:Core/Src/stm32f4xx_it.c **** 		else
 295:Core/Src/stm32f4xx_it.c **** 		{
 296:Core/Src/stm32f4xx_it.c **** 			GPIOD->ODR &= ~(1 << 14);
 297:Core/Src/stm32f4xx_it.c **** 		}
 298:Core/Src/stm32f4xx_it.c **** 		if (GREEN_BRT <= ramp)
 592              		.loc 1 298 3 is_stmt 1 view .LVU150
 593              		.loc 1 298 17 is_stmt 0 view .LVU151
 594 0102 254A     		ldr	r2, .L34+40
 595 0104 1278     		ldrb	r2, [r2]	@ zero_extendqisi2
 596              		.loc 1 298 6 view .LVU152
ARM GAS  /tmp/ccb7l9qc.s 			page 17


 597 0106 9342     		cmp	r3, r2
 598 0108 2CD3     		bcc	.L31
 299:Core/Src/stm32f4xx_it.c **** 		{
 300:Core/Src/stm32f4xx_it.c **** 			GPIOD->ODR |= (1 << 13);
 599              		.loc 1 300 4 is_stmt 1 view .LVU153
 600              		.loc 1 300 9 is_stmt 0 view .LVU154
 601 010a 1D4A     		ldr	r2, .L34+16
 602 010c 5369     		ldr	r3, [r2, #20]
 603              		.loc 1 300 15 view .LVU155
 604 010e 43F40053 		orr	r3, r3, #8192
 605 0112 5361     		str	r3, [r2, #20]
 606              	.L26:
 301:Core/Src/stm32f4xx_it.c **** 		}
 302:Core/Src/stm32f4xx_it.c **** 		else
 303:Core/Src/stm32f4xx_it.c **** 		{
 304:Core/Src/stm32f4xx_it.c **** 			GPIOD->ODR &= ~(1 << 13);
 305:Core/Src/stm32f4xx_it.c **** 		}
 306:Core/Src/stm32f4xx_it.c **** 	}
 307:Core/Src/stm32f4xx_it.c ****   /* USER CODE END TIM7_IRQn 0 */
 308:Core/Src/stm32f4xx_it.c ****   HAL_TIM_IRQHandler(&htim7);
 607              		.loc 1 308 3 is_stmt 1 view .LVU156
 608 0114 2148     		ldr	r0, .L34+44
 609 0116 FFF7FEFF 		bl	HAL_TIM_IRQHandler
 610              	.LVL9:
 309:Core/Src/stm32f4xx_it.c ****   /* USER CODE BEGIN TIM7_IRQn 1 */
 310:Core/Src/stm32f4xx_it.c **** 
 311:Core/Src/stm32f4xx_it.c ****   /* USER CODE END TIM7_IRQn 1 */
 312:Core/Src/stm32f4xx_it.c **** }
 611              		.loc 1 312 1 is_stmt 0 view .LVU157
 612 011a 70BD     		pop	{r4, r5, r6, pc}
 613              	.L33:
 264:Core/Src/stm32f4xx_it.c **** 		TONE = 0;
 614              		.loc 1 264 3 is_stmt 1 view .LVU158
 264:Core/Src/stm32f4xx_it.c **** 		TONE = 0;
 615              		.loc 1 264 9 is_stmt 0 view .LVU159
 616 011c 0022     		movs	r2, #0
 617 011e 1A48     		ldr	r0, .L34+24
 618 0120 0260     		str	r2, [r0]
 265:Core/Src/stm32f4xx_it.c **** 		if (!(Song[INDEX].end))
 619              		.loc 1 265 3 is_stmt 1 view .LVU160
 265:Core/Src/stm32f4xx_it.c **** 		if (!(Song[INDEX].end))
 620              		.loc 1 265 8 is_stmt 0 view .LVU161
 621 0122 1348     		ldr	r0, .L34
 622 0124 0260     		str	r2, [r0]
 266:Core/Src/stm32f4xx_it.c **** 				{
 623              		.loc 1 266 3 is_stmt 1 view .LVU162
 266:Core/Src/stm32f4xx_it.c **** 				{
 624              		.loc 1 266 20 is_stmt 0 view .LVU163
 625 0126 01EB8100 		add	r0, r1, r1, lsl #2
 626 012a 164A     		ldr	r2, .L34+20
 627 012c 02EB8002 		add	r2, r2, r0, lsl #2
 628 0130 127C     		ldrb	r2, [r2, #16]	@ zero_extendqisi2
 266:Core/Src/stm32f4xx_it.c **** 				{
 629              		.loc 1 266 6 view .LVU164
 630 0132 002A     		cmp	r2, #0
 631 0134 D0D1     		bne	.L23
 268:Core/Src/stm32f4xx_it.c **** 					Save_Note = Song[INDEX].note;
ARM GAS  /tmp/ccb7l9qc.s 			page 18


 632              		.loc 1 268 6 is_stmt 1 view .LVU165
 268:Core/Src/stm32f4xx_it.c **** 					Save_Note = Song[INDEX].note;
 633              		.loc 1 268 11 is_stmt 0 view .LVU166
 634 0136 0131     		adds	r1, r1, #1
 635 0138 104A     		ldr	r2, .L34+12
 636 013a 1160     		str	r1, [r2]
 269:Core/Src/stm32f4xx_it.c **** 				}
 637              		.loc 1 269 6 is_stmt 1 view .LVU167
 269:Core/Src/stm32f4xx_it.c **** 				}
 638              		.loc 1 269 29 is_stmt 0 view .LVU168
 639 013c 01EB8101 		add	r1, r1, r1, lsl #2
 640 0140 104A     		ldr	r2, .L34+20
 641 0142 52F82110 		ldr	r1, [r2, r1, lsl #2]
 269:Core/Src/stm32f4xx_it.c **** 				}
 642              		.loc 1 269 16 view .LVU169
 643 0146 164A     		ldr	r2, .L34+48
 644 0148 1160     		str	r1, [r2]
 645 014a C5E7     		b	.L23
 646              	.L27:
 288:Core/Src/stm32f4xx_it.c **** 		}
 647              		.loc 1 288 4 is_stmt 1 view .LVU170
 288:Core/Src/stm32f4xx_it.c **** 		}
 648              		.loc 1 288 9 is_stmt 0 view .LVU171
 649 014c 0C49     		ldr	r1, .L34+16
 650 014e 4A69     		ldr	r2, [r1, #20]
 288:Core/Src/stm32f4xx_it.c **** 		}
 651              		.loc 1 288 15 view .LVU172
 652 0150 22F40042 		bic	r2, r2, #32768
 653 0154 4A61     		str	r2, [r1, #20]
 654 0156 CBE7     		b	.L28
 655              	.L29:
 296:Core/Src/stm32f4xx_it.c **** 		}
 656              		.loc 1 296 4 is_stmt 1 view .LVU173
 296:Core/Src/stm32f4xx_it.c **** 		}
 657              		.loc 1 296 9 is_stmt 0 view .LVU174
 658 0158 0949     		ldr	r1, .L34+16
 659 015a 4A69     		ldr	r2, [r1, #20]
 296:Core/Src/stm32f4xx_it.c **** 		}
 660              		.loc 1 296 15 view .LVU175
 661 015c 22F48042 		bic	r2, r2, #16384
 662 0160 4A61     		str	r2, [r1, #20]
 663 0162 CEE7     		b	.L30
 664              	.L31:
 304:Core/Src/stm32f4xx_it.c **** 		}
 665              		.loc 1 304 4 is_stmt 1 view .LVU176
 304:Core/Src/stm32f4xx_it.c **** 		}
 666              		.loc 1 304 9 is_stmt 0 view .LVU177
 667 0164 064A     		ldr	r2, .L34+16
 668 0166 5369     		ldr	r3, [r2, #20]
 304:Core/Src/stm32f4xx_it.c **** 		}
 669              		.loc 1 304 15 view .LVU178
 670 0168 23F40053 		bic	r3, r3, #8192
 671 016c 5361     		str	r3, [r2, #20]
 672 016e D1E7     		b	.L26
 673              	.L35:
 674              		.align	2
 675              	.L34:
ARM GAS  /tmp/ccb7l9qc.s 			page 19


 676 0170 00000000 		.word	TONE
 677 0174 00000000 		.word	ramp
 678 0178 00000000 		.word	Music_ON
 679 017c 00000000 		.word	INDEX
 680 0180 000C0240 		.word	1073875968
 681 0184 00000000 		.word	Song
 682 0188 00000000 		.word	COUNT
 683 018c 00000000 		.word	DIM_Enable
 684 0190 00000000 		.word	RED_BRT
 685 0194 00000000 		.word	BLUE_BRT
 686 0198 00000000 		.word	GREEN_BRT
 687 019c 00000000 		.word	htim7
 688 01a0 00000000 		.word	Save_Note
 689              		.cfi_endproc
 690              	.LFE143:
 692              		.section	.text.OTG_FS_IRQHandler,"ax",%progbits
 693              		.align	1
 694              		.global	OTG_FS_IRQHandler
 695              		.syntax unified
 696              		.thumb
 697              		.thumb_func
 699              	OTG_FS_IRQHandler:
 700              	.LFB144:
 313:Core/Src/stm32f4xx_it.c **** 
 314:Core/Src/stm32f4xx_it.c **** /**
 315:Core/Src/stm32f4xx_it.c ****   * @brief This function handles USB On The Go FS global interrupt.
 316:Core/Src/stm32f4xx_it.c ****   */
 317:Core/Src/stm32f4xx_it.c **** void OTG_FS_IRQHandler(void)
 318:Core/Src/stm32f4xx_it.c **** {
 701              		.loc 1 318 1 is_stmt 1 view -0
 702              		.cfi_startproc
 703              		@ args = 0, pretend = 0, frame = 0
 704              		@ frame_needed = 0, uses_anonymous_args = 0
 705 0000 08B5     		push	{r3, lr}
 706              	.LCFI2:
 707              		.cfi_def_cfa_offset 8
 708              		.cfi_offset 3, -8
 709              		.cfi_offset 14, -4
 319:Core/Src/stm32f4xx_it.c ****   /* USER CODE BEGIN OTG_FS_IRQn 0 */
 320:Core/Src/stm32f4xx_it.c **** 
 321:Core/Src/stm32f4xx_it.c ****   /* USER CODE END OTG_FS_IRQn 0 */
 322:Core/Src/stm32f4xx_it.c ****   HAL_HCD_IRQHandler(&hhcd_USB_OTG_FS);
 710              		.loc 1 322 3 view .LVU180
 711 0002 0248     		ldr	r0, .L38
 712 0004 FFF7FEFF 		bl	HAL_HCD_IRQHandler
 713              	.LVL10:
 323:Core/Src/stm32f4xx_it.c ****   /* USER CODE BEGIN OTG_FS_IRQn 1 */
 324:Core/Src/stm32f4xx_it.c **** 
 325:Core/Src/stm32f4xx_it.c ****   /* USER CODE END OTG_FS_IRQn 1 */
 326:Core/Src/stm32f4xx_it.c **** }
 714              		.loc 1 326 1 is_stmt 0 view .LVU181
 715 0008 08BD     		pop	{r3, pc}
 716              	.L39:
 717 000a 00BF     		.align	2
 718              	.L38:
 719 000c 00000000 		.word	hhcd_USB_OTG_FS
 720              		.cfi_endproc
ARM GAS  /tmp/ccb7l9qc.s 			page 20


 721              	.LFE144:
 723              		.text
 724              	.Letext0:
 725              		.file 2 "/nix/store/3y7lyg1ykgxhlb9sa5iy0gb8hnshb302-gcc-arm-embedded-15.2.rel1/arm-none-eabi/incl
 726              		.file 3 "/nix/store/3y7lyg1ykgxhlb9sa5iy0gb8hnshb302-gcc-arm-embedded-15.2.rel1/arm-none-eabi/incl
 727              		.file 4 "Drivers/CMSIS/Device/ST/STM32F4xx/Include/stm32f407xx.h"
 728              		.file 5 "Drivers/STM32F4xx_HAL_Driver/Inc/stm32f4xx_hal_def.h"
 729              		.file 6 "Drivers/STM32F4xx_HAL_Driver/Inc/stm32f4xx_hal_dma.h"
 730              		.file 7 "Drivers/STM32F4xx_HAL_Driver/Inc/stm32f4xx_hal_tim.h"
 731              		.file 8 "Drivers/STM32F4xx_HAL_Driver/Inc/stm32f4xx_ll_usb.h"
 732              		.file 9 "Drivers/STM32F4xx_HAL_Driver/Inc/stm32f4xx_hal_hcd.h"
 733              		.file 10 "Core/Inc/main.h"
 734              		.file 11 "Core/Inc/seg7.h"
 735              		.file 12 "Drivers/STM32F4xx_HAL_Driver/Inc/stm32f4xx_hal.h"
ARM GAS  /tmp/ccb7l9qc.s 			page 21


DEFINED SYMBOLS
                            *ABS*:00000000 stm32f4xx_it.c
     /tmp/ccb7l9qc.s:21     .text.NMI_Handler:00000000 $t
     /tmp/ccb7l9qc.s:27     .text.NMI_Handler:00000000 NMI_Handler
     /tmp/ccb7l9qc.s:44     .text.HardFault_Handler:00000000 $t
     /tmp/ccb7l9qc.s:50     .text.HardFault_Handler:00000000 HardFault_Handler
     /tmp/ccb7l9qc.s:67     .text.MemManage_Handler:00000000 $t
     /tmp/ccb7l9qc.s:73     .text.MemManage_Handler:00000000 MemManage_Handler
     /tmp/ccb7l9qc.s:90     .text.BusFault_Handler:00000000 $t
     /tmp/ccb7l9qc.s:96     .text.BusFault_Handler:00000000 BusFault_Handler
     /tmp/ccb7l9qc.s:113    .text.UsageFault_Handler:00000000 $t
     /tmp/ccb7l9qc.s:119    .text.UsageFault_Handler:00000000 UsageFault_Handler
     /tmp/ccb7l9qc.s:136    .text.SVC_Handler:00000000 $t
     /tmp/ccb7l9qc.s:142    .text.SVC_Handler:00000000 SVC_Handler
     /tmp/ccb7l9qc.s:155    .text.DebugMon_Handler:00000000 $t
     /tmp/ccb7l9qc.s:161    .text.DebugMon_Handler:00000000 DebugMon_Handler
     /tmp/ccb7l9qc.s:174    .text.PendSV_Handler:00000000 $t
     /tmp/ccb7l9qc.s:180    .text.PendSV_Handler:00000000 PendSV_Handler
     /tmp/ccb7l9qc.s:193    .text.SysTick_Handler:00000000 $t
     /tmp/ccb7l9qc.s:199    .text.SysTick_Handler:00000000 SysTick_Handler
     /tmp/ccb7l9qc.s:391    .text.SysTick_Handler:000000f4 $d
     /tmp/ccb7l9qc.s:408    .text.TIM7_IRQHandler:00000000 $t
     /tmp/ccb7l9qc.s:414    .text.TIM7_IRQHandler:00000000 TIM7_IRQHandler
     /tmp/ccb7l9qc.s:676    .text.TIM7_IRQHandler:00000170 $d
     /tmp/ccb7l9qc.s:693    .text.OTG_FS_IRQHandler:00000000 $t
     /tmp/ccb7l9qc.s:699    .text.OTG_FS_IRQHandler:00000000 OTG_FS_IRQHandler
     /tmp/ccb7l9qc.s:719    .text.OTG_FS_IRQHandler:0000000c $d

UNDEFINED SYMBOLS
HAL_IncTick
Seven_Segment_Digit
COUNT
Vibrato_Count
Vibrato_Rate
INDEX
Song
Vibrato_Depth
Save_Note
Animate_On
Delay_counter
Delay_msec
Message_Pointer
Save_Pointer
Message_Length
HAL_TIM_IRQHandler
TONE
ramp
Music_ON
DIM_Enable
RED_BRT
BLUE_BRT
GREEN_BRT
htim7
HAL_HCD_IRQHandler
hhcd_USB_OTG_FS
