ARM GAS  /tmp/ccIbHQr3.s 			page 1


   1              		.cpu cortex-m4
   2              		.arch armv7e-m
   3              		.fpu fpv4-sp-d16
   4              		.eabi_attribute 27, 1
   5              		.eabi_attribute 28, 1
   6              		.eabi_attribute 20, 1
   7              		.eabi_attribute 21, 1
   8              		.eabi_attribute 23, 3
   9              		.eabi_attribute 24, 1
  10              		.eabi_attribute 25, 1
  11              		.eabi_attribute 26, 1
  12              		.eabi_attribute 30, 1
  13              		.eabi_attribute 34, 1
  14              		.eabi_attribute 18, 4
  15              		.file	"usbh_conf.c"
  16              		.text
  17              	.Ltext0:
  18              		.cfi_sections	.debug_frame
  19              		.file 1 "USB_HOST/Target/usbh_conf.c"
  20              		.section	.text.HAL_HCD_MspInit,"ax",%progbits
  21              		.align	1
  22              		.global	HAL_HCD_MspInit
  23              		.syntax unified
  24              		.thumb
  25              		.thumb_func
  27              	HAL_HCD_MspInit:
  28              	.LVL0:
  29              	.LFB137:
   1:USB_HOST/Target/usbh_conf.c **** /* USER CODE BEGIN Header */
   2:USB_HOST/Target/usbh_conf.c **** /**
   3:USB_HOST/Target/usbh_conf.c ****   ******************************************************************************
   4:USB_HOST/Target/usbh_conf.c ****   * @file           : Target/usbh_conf.c
   5:USB_HOST/Target/usbh_conf.c ****   * @version        : v1.0_Cube
   6:USB_HOST/Target/usbh_conf.c ****   * @brief          : This file implements the board support package for the USB host library
   7:USB_HOST/Target/usbh_conf.c ****   ******************************************************************************
   8:USB_HOST/Target/usbh_conf.c ****   * @attention
   9:USB_HOST/Target/usbh_conf.c ****   *
  10:USB_HOST/Target/usbh_conf.c ****   * Copyright (c) 2026 STMicroelectronics.
  11:USB_HOST/Target/usbh_conf.c ****   * All rights reserved.
  12:USB_HOST/Target/usbh_conf.c ****   *
  13:USB_HOST/Target/usbh_conf.c ****   * This software is licensed under terms that can be found in the LICENSE file
  14:USB_HOST/Target/usbh_conf.c ****   * in the root directory of this software component.
  15:USB_HOST/Target/usbh_conf.c ****   * If no LICENSE file comes with this software, it is provided AS-IS.
  16:USB_HOST/Target/usbh_conf.c ****   *
  17:USB_HOST/Target/usbh_conf.c ****   ******************************************************************************
  18:USB_HOST/Target/usbh_conf.c ****   */
  19:USB_HOST/Target/usbh_conf.c **** /* USER CODE END Header */
  20:USB_HOST/Target/usbh_conf.c **** 
  21:USB_HOST/Target/usbh_conf.c **** /* Includes ------------------------------------------------------------------*/
  22:USB_HOST/Target/usbh_conf.c **** #include "usbh_core.h"
  23:USB_HOST/Target/usbh_conf.c **** #include "usbh_platform.h"
  24:USB_HOST/Target/usbh_conf.c **** 
  25:USB_HOST/Target/usbh_conf.c **** /* USER CODE BEGIN Includes */
  26:USB_HOST/Target/usbh_conf.c **** 
  27:USB_HOST/Target/usbh_conf.c **** /* USER CODE END Includes */
  28:USB_HOST/Target/usbh_conf.c **** 
  29:USB_HOST/Target/usbh_conf.c **** /* Private typedef -----------------------------------------------------------*/
ARM GAS  /tmp/ccIbHQr3.s 			page 2


  30:USB_HOST/Target/usbh_conf.c **** /* Private define ------------------------------------------------------------*/
  31:USB_HOST/Target/usbh_conf.c **** /* Private macro -------------------------------------------------------------*/
  32:USB_HOST/Target/usbh_conf.c **** 
  33:USB_HOST/Target/usbh_conf.c **** /* USER CODE BEGIN PV */
  34:USB_HOST/Target/usbh_conf.c **** /* Private variables ---------------------------------------------------------*/
  35:USB_HOST/Target/usbh_conf.c **** 
  36:USB_HOST/Target/usbh_conf.c **** /* USER CODE END PV */
  37:USB_HOST/Target/usbh_conf.c **** 
  38:USB_HOST/Target/usbh_conf.c **** HCD_HandleTypeDef hhcd_USB_OTG_FS;
  39:USB_HOST/Target/usbh_conf.c **** void Error_Handler(void);
  40:USB_HOST/Target/usbh_conf.c **** 
  41:USB_HOST/Target/usbh_conf.c **** /* USER CODE BEGIN 0 */
  42:USB_HOST/Target/usbh_conf.c **** 
  43:USB_HOST/Target/usbh_conf.c **** /* USER CODE END 0 */
  44:USB_HOST/Target/usbh_conf.c **** 
  45:USB_HOST/Target/usbh_conf.c **** /* USER CODE BEGIN PFP */
  46:USB_HOST/Target/usbh_conf.c **** /* Private function prototypes -----------------------------------------------*/
  47:USB_HOST/Target/usbh_conf.c **** USBH_StatusTypeDef USBH_Get_USB_Status(HAL_StatusTypeDef hal_status);
  48:USB_HOST/Target/usbh_conf.c **** 
  49:USB_HOST/Target/usbh_conf.c **** /* USER CODE END PFP */
  50:USB_HOST/Target/usbh_conf.c **** 
  51:USB_HOST/Target/usbh_conf.c **** /* Private functions ---------------------------------------------------------*/
  52:USB_HOST/Target/usbh_conf.c **** 
  53:USB_HOST/Target/usbh_conf.c **** /* USER CODE BEGIN 1 */
  54:USB_HOST/Target/usbh_conf.c **** 
  55:USB_HOST/Target/usbh_conf.c **** /* USER CODE END 1 */
  56:USB_HOST/Target/usbh_conf.c **** 
  57:USB_HOST/Target/usbh_conf.c **** /*******************************************************************************
  58:USB_HOST/Target/usbh_conf.c ****                        LL Driver Callbacks (HCD -> USB Host Library)
  59:USB_HOST/Target/usbh_conf.c **** *******************************************************************************/
  60:USB_HOST/Target/usbh_conf.c **** /* MSP Init */
  61:USB_HOST/Target/usbh_conf.c **** 
  62:USB_HOST/Target/usbh_conf.c **** void HAL_HCD_MspInit(HCD_HandleTypeDef* hcdHandle)
  63:USB_HOST/Target/usbh_conf.c **** {
  30              		.loc 1 63 1 view -0
  31              		.cfi_startproc
  32              		@ args = 0, pretend = 0, frame = 32
  33              		@ frame_needed = 0, uses_anonymous_args = 0
  34              		.loc 1 63 1 is_stmt 0 view .LVU1
  35 0000 30B5     		push	{r4, r5, lr}
  36              	.LCFI0:
  37              		.cfi_def_cfa_offset 12
  38              		.cfi_offset 4, -12
  39              		.cfi_offset 5, -8
  40              		.cfi_offset 14, -4
  41 0002 89B0     		sub	sp, sp, #36
  42              	.LCFI1:
  43              		.cfi_def_cfa_offset 48
  64:USB_HOST/Target/usbh_conf.c ****   GPIO_InitTypeDef GPIO_InitStruct = {0};
  44              		.loc 1 64 3 is_stmt 1 view .LVU2
  45              		.loc 1 64 20 is_stmt 0 view .LVU3
  46 0004 0023     		movs	r3, #0
  47 0006 0393     		str	r3, [sp, #12]
  48 0008 0493     		str	r3, [sp, #16]
  49 000a 0593     		str	r3, [sp, #20]
  50 000c 0693     		str	r3, [sp, #24]
  51 000e 0793     		str	r3, [sp, #28]
ARM GAS  /tmp/ccIbHQr3.s 			page 3


  65:USB_HOST/Target/usbh_conf.c ****   if(hcdHandle->Instance==USB_OTG_FS)
  52              		.loc 1 65 3 is_stmt 1 view .LVU4
  53              		.loc 1 65 15 is_stmt 0 view .LVU5
  54 0010 0368     		ldr	r3, [r0]
  55              		.loc 1 65 5 view .LVU6
  56 0012 B3F1A04F 		cmp	r3, #1342177280
  57 0016 01D0     		beq	.L4
  58              	.LVL1:
  59              	.L1:
  66:USB_HOST/Target/usbh_conf.c ****   {
  67:USB_HOST/Target/usbh_conf.c ****   /* USER CODE BEGIN USB_OTG_FS_MspInit 0 */
  68:USB_HOST/Target/usbh_conf.c **** 
  69:USB_HOST/Target/usbh_conf.c ****   /* USER CODE END USB_OTG_FS_MspInit 0 */
  70:USB_HOST/Target/usbh_conf.c **** 
  71:USB_HOST/Target/usbh_conf.c ****     __HAL_RCC_GPIOA_CLK_ENABLE();
  72:USB_HOST/Target/usbh_conf.c ****     /**USB_OTG_FS GPIO Configuration
  73:USB_HOST/Target/usbh_conf.c ****     PA9     ------> USB_OTG_FS_VBUS
  74:USB_HOST/Target/usbh_conf.c ****     PA10     ------> USB_OTG_FS_ID
  75:USB_HOST/Target/usbh_conf.c ****     PA11     ------> USB_OTG_FS_DM
  76:USB_HOST/Target/usbh_conf.c ****     PA12     ------> USB_OTG_FS_DP
  77:USB_HOST/Target/usbh_conf.c ****     */
  78:USB_HOST/Target/usbh_conf.c ****     GPIO_InitStruct.Pin = VBUS_FS_Pin;
  79:USB_HOST/Target/usbh_conf.c ****     GPIO_InitStruct.Mode = GPIO_MODE_INPUT;
  80:USB_HOST/Target/usbh_conf.c ****     GPIO_InitStruct.Pull = GPIO_NOPULL;
  81:USB_HOST/Target/usbh_conf.c ****     HAL_GPIO_Init(VBUS_FS_GPIO_Port, &GPIO_InitStruct);
  82:USB_HOST/Target/usbh_conf.c **** 
  83:USB_HOST/Target/usbh_conf.c ****     GPIO_InitStruct.Pin = OTG_FS_ID_Pin|OTG_FS_DM_Pin|OTG_FS_DP_Pin;
  84:USB_HOST/Target/usbh_conf.c ****     GPIO_InitStruct.Mode = GPIO_MODE_AF_PP;
  85:USB_HOST/Target/usbh_conf.c ****     GPIO_InitStruct.Pull = GPIO_NOPULL;
  86:USB_HOST/Target/usbh_conf.c ****     GPIO_InitStruct.Speed = GPIO_SPEED_FREQ_LOW;
  87:USB_HOST/Target/usbh_conf.c ****     GPIO_InitStruct.Alternate = GPIO_AF10_OTG_FS;
  88:USB_HOST/Target/usbh_conf.c ****     HAL_GPIO_Init(GPIOA, &GPIO_InitStruct);
  89:USB_HOST/Target/usbh_conf.c **** 
  90:USB_HOST/Target/usbh_conf.c ****     /* Peripheral clock enable */
  91:USB_HOST/Target/usbh_conf.c ****     __HAL_RCC_USB_OTG_FS_CLK_ENABLE();
  92:USB_HOST/Target/usbh_conf.c **** 
  93:USB_HOST/Target/usbh_conf.c ****     /* Peripheral interrupt init */
  94:USB_HOST/Target/usbh_conf.c ****     HAL_NVIC_SetPriority(OTG_FS_IRQn, 0, 0);
  95:USB_HOST/Target/usbh_conf.c ****     HAL_NVIC_EnableIRQ(OTG_FS_IRQn);
  96:USB_HOST/Target/usbh_conf.c ****   /* USER CODE BEGIN USB_OTG_FS_MspInit 1 */
  97:USB_HOST/Target/usbh_conf.c **** 
  98:USB_HOST/Target/usbh_conf.c ****   /* USER CODE END USB_OTG_FS_MspInit 1 */
  99:USB_HOST/Target/usbh_conf.c ****   }
 100:USB_HOST/Target/usbh_conf.c **** }
  60              		.loc 1 100 1 view .LVU7
  61 0018 09B0     		add	sp, sp, #36
  62              	.LCFI2:
  63              		.cfi_remember_state
  64              		.cfi_def_cfa_offset 12
  65              		@ sp needed
  66 001a 30BD     		pop	{r4, r5, pc}
  67              	.LVL2:
  68              	.L4:
  69              	.LCFI3:
  70              		.cfi_restore_state
  71              		.loc 1 100 1 view .LVU8
  72 001c 03AA     		add	r2, sp, #12
ARM GAS  /tmp/ccIbHQr3.s 			page 4


  71:USB_HOST/Target/usbh_conf.c ****     /**USB_OTG_FS GPIO Configuration
  73              		.loc 1 71 5 is_stmt 1 view .LVU9
  74              	.LBB2:
  71:USB_HOST/Target/usbh_conf.c ****     /**USB_OTG_FS GPIO Configuration
  75              		.loc 1 71 5 view .LVU10
  76 001e 0025     		movs	r5, #0
  77 0020 0195     		str	r5, [sp, #4]
  71:USB_HOST/Target/usbh_conf.c ****     /**USB_OTG_FS GPIO Configuration
  78              		.loc 1 71 5 view .LVU11
  79 0022 1A4C     		ldr	r4, .L5
  80 0024 236B     		ldr	r3, [r4, #48]
  81 0026 43F00103 		orr	r3, r3, #1
  82 002a 2363     		str	r3, [r4, #48]
  71:USB_HOST/Target/usbh_conf.c ****     /**USB_OTG_FS GPIO Configuration
  83              		.loc 1 71 5 view .LVU12
  84 002c 236B     		ldr	r3, [r4, #48]
  85 002e 03F00103 		and	r3, r3, #1
  86 0032 0193     		str	r3, [sp, #4]
  71:USB_HOST/Target/usbh_conf.c ****     /**USB_OTG_FS GPIO Configuration
  87              		.loc 1 71 5 view .LVU13
  88 0034 019B     		ldr	r3, [sp, #4]
  89              	.LBE2:
  71:USB_HOST/Target/usbh_conf.c ****     /**USB_OTG_FS GPIO Configuration
  90              		.loc 1 71 5 view .LVU14
  78:USB_HOST/Target/usbh_conf.c ****     GPIO_InitStruct.Mode = GPIO_MODE_INPUT;
  91              		.loc 1 78 5 view .LVU15
  78:USB_HOST/Target/usbh_conf.c ****     GPIO_InitStruct.Mode = GPIO_MODE_INPUT;
  92              		.loc 1 78 25 is_stmt 0 view .LVU16
  93 0036 4FF40073 		mov	r3, #512
  94 003a 0393     		str	r3, [sp, #12]
  79:USB_HOST/Target/usbh_conf.c ****     GPIO_InitStruct.Pull = GPIO_NOPULL;
  95              		.loc 1 79 5 is_stmt 1 view .LVU17
  80:USB_HOST/Target/usbh_conf.c ****     HAL_GPIO_Init(VBUS_FS_GPIO_Port, &GPIO_InitStruct);
  96              		.loc 1 80 5 view .LVU18
  81:USB_HOST/Target/usbh_conf.c **** 
  97              		.loc 1 81 5 view .LVU19
  98 003c 1146     		mov	r1, r2
  99 003e 1448     		ldr	r0, .L5+4
 100              	.LVL3:
  81:USB_HOST/Target/usbh_conf.c **** 
 101              		.loc 1 81 5 is_stmt 0 view .LVU20
 102 0040 FFF7FEFF 		bl	HAL_GPIO_Init
 103              	.LVL4:
  83:USB_HOST/Target/usbh_conf.c ****     GPIO_InitStruct.Mode = GPIO_MODE_AF_PP;
 104              		.loc 1 83 5 is_stmt 1 view .LVU21
  83:USB_HOST/Target/usbh_conf.c ****     GPIO_InitStruct.Mode = GPIO_MODE_AF_PP;
 105              		.loc 1 83 25 is_stmt 0 view .LVU22
 106 0044 4FF4E053 		mov	r3, #7168
 107 0048 0393     		str	r3, [sp, #12]
  84:USB_HOST/Target/usbh_conf.c ****     GPIO_InitStruct.Pull = GPIO_NOPULL;
 108              		.loc 1 84 5 is_stmt 1 view .LVU23
  84:USB_HOST/Target/usbh_conf.c ****     GPIO_InitStruct.Pull = GPIO_NOPULL;
 109              		.loc 1 84 26 is_stmt 0 view .LVU24
 110 004a 0223     		movs	r3, #2
 111 004c 0493     		str	r3, [sp, #16]
  85:USB_HOST/Target/usbh_conf.c ****     GPIO_InitStruct.Speed = GPIO_SPEED_FREQ_LOW;
 112              		.loc 1 85 5 is_stmt 1 view .LVU25
ARM GAS  /tmp/ccIbHQr3.s 			page 5


  85:USB_HOST/Target/usbh_conf.c ****     GPIO_InitStruct.Speed = GPIO_SPEED_FREQ_LOW;
 113              		.loc 1 85 26 is_stmt 0 view .LVU26
 114 004e 0595     		str	r5, [sp, #20]
  86:USB_HOST/Target/usbh_conf.c ****     GPIO_InitStruct.Alternate = GPIO_AF10_OTG_FS;
 115              		.loc 1 86 5 is_stmt 1 view .LVU27
  86:USB_HOST/Target/usbh_conf.c ****     GPIO_InitStruct.Alternate = GPIO_AF10_OTG_FS;
 116              		.loc 1 86 27 is_stmt 0 view .LVU28
 117 0050 0695     		str	r5, [sp, #24]
  87:USB_HOST/Target/usbh_conf.c ****     HAL_GPIO_Init(GPIOA, &GPIO_InitStruct);
 118              		.loc 1 87 5 is_stmt 1 view .LVU29
  87:USB_HOST/Target/usbh_conf.c ****     HAL_GPIO_Init(GPIOA, &GPIO_InitStruct);
 119              		.loc 1 87 31 is_stmt 0 view .LVU30
 120 0052 0A23     		movs	r3, #10
 121 0054 0793     		str	r3, [sp, #28]
  88:USB_HOST/Target/usbh_conf.c **** 
 122              		.loc 1 88 5 is_stmt 1 view .LVU31
 123 0056 03A9     		add	r1, sp, #12
 124 0058 0D48     		ldr	r0, .L5+4
 125 005a FFF7FEFF 		bl	HAL_GPIO_Init
 126              	.LVL5:
  91:USB_HOST/Target/usbh_conf.c **** 
 127              		.loc 1 91 5 view .LVU32
  91:USB_HOST/Target/usbh_conf.c **** 
 128              		.loc 1 91 5 view .LVU33
 129 005e 636B     		ldr	r3, [r4, #52]
 130 0060 43F08003 		orr	r3, r3, #128
 131 0064 6363     		str	r3, [r4, #52]
  91:USB_HOST/Target/usbh_conf.c **** 
 132              		.loc 1 91 5 view .LVU34
 133              	.LBB3:
  91:USB_HOST/Target/usbh_conf.c **** 
 134              		.loc 1 91 5 view .LVU35
 135 0066 0295     		str	r5, [sp, #8]
  91:USB_HOST/Target/usbh_conf.c **** 
 136              		.loc 1 91 5 view .LVU36
 137 0068 636C     		ldr	r3, [r4, #68]
 138 006a 43F48043 		orr	r3, r3, #16384
 139 006e 6364     		str	r3, [r4, #68]
  91:USB_HOST/Target/usbh_conf.c **** 
 140              		.loc 1 91 5 view .LVU37
 141 0070 636C     		ldr	r3, [r4, #68]
 142 0072 03F48043 		and	r3, r3, #16384
 143 0076 0293     		str	r3, [sp, #8]
  91:USB_HOST/Target/usbh_conf.c **** 
 144              		.loc 1 91 5 view .LVU38
 145 0078 029B     		ldr	r3, [sp, #8]
 146              	.LBE3:
  91:USB_HOST/Target/usbh_conf.c **** 
 147              		.loc 1 91 5 view .LVU39
  91:USB_HOST/Target/usbh_conf.c **** 
 148              		.loc 1 91 5 view .LVU40
  94:USB_HOST/Target/usbh_conf.c ****     HAL_NVIC_EnableIRQ(OTG_FS_IRQn);
 149              		.loc 1 94 5 view .LVU41
 150 007a 2A46     		mov	r2, r5
 151 007c 2946     		mov	r1, r5
 152 007e 4320     		movs	r0, #67
 153 0080 FFF7FEFF 		bl	HAL_NVIC_SetPriority
ARM GAS  /tmp/ccIbHQr3.s 			page 6


 154              	.LVL6:
  95:USB_HOST/Target/usbh_conf.c ****   /* USER CODE BEGIN USB_OTG_FS_MspInit 1 */
 155              		.loc 1 95 5 view .LVU42
 156 0084 4320     		movs	r0, #67
 157 0086 FFF7FEFF 		bl	HAL_NVIC_EnableIRQ
 158              	.LVL7:
 159              		.loc 1 100 1 is_stmt 0 view .LVU43
 160 008a C5E7     		b	.L1
 161              	.L6:
 162              		.align	2
 163              	.L5:
 164 008c 00380240 		.word	1073887232
 165 0090 00000240 		.word	1073872896
 166              		.cfi_endproc
 167              	.LFE137:
 169              		.section	.text.HAL_HCD_MspDeInit,"ax",%progbits
 170              		.align	1
 171              		.global	HAL_HCD_MspDeInit
 172              		.syntax unified
 173              		.thumb
 174              		.thumb_func
 176              	HAL_HCD_MspDeInit:
 177              	.LVL8:
 178              	.LFB138:
 101:USB_HOST/Target/usbh_conf.c **** 
 102:USB_HOST/Target/usbh_conf.c **** void HAL_HCD_MspDeInit(HCD_HandleTypeDef* hcdHandle)
 103:USB_HOST/Target/usbh_conf.c **** {
 179              		.loc 1 103 1 is_stmt 1 view -0
 180              		.cfi_startproc
 181              		@ args = 0, pretend = 0, frame = 0
 182              		@ frame_needed = 0, uses_anonymous_args = 0
 183              		.loc 1 103 1 is_stmt 0 view .LVU45
 184 0000 08B5     		push	{r3, lr}
 185              	.LCFI4:
 186              		.cfi_def_cfa_offset 8
 187              		.cfi_offset 3, -8
 188              		.cfi_offset 14, -4
 104:USB_HOST/Target/usbh_conf.c ****   if(hcdHandle->Instance==USB_OTG_FS)
 189              		.loc 1 104 3 is_stmt 1 view .LVU46
 190              		.loc 1 104 15 is_stmt 0 view .LVU47
 191 0002 0368     		ldr	r3, [r0]
 192              		.loc 1 104 5 view .LVU48
 193 0004 B3F1A04F 		cmp	r3, #1342177280
 194 0008 00D0     		beq	.L10
 195              	.LVL9:
 196              	.L7:
 105:USB_HOST/Target/usbh_conf.c ****   {
 106:USB_HOST/Target/usbh_conf.c ****   /* USER CODE BEGIN USB_OTG_FS_MspDeInit 0 */
 107:USB_HOST/Target/usbh_conf.c **** 
 108:USB_HOST/Target/usbh_conf.c ****   /* USER CODE END USB_OTG_FS_MspDeInit 0 */
 109:USB_HOST/Target/usbh_conf.c ****     /* Peripheral clock disable */
 110:USB_HOST/Target/usbh_conf.c ****     __HAL_RCC_USB_OTG_FS_CLK_DISABLE();
 111:USB_HOST/Target/usbh_conf.c **** 
 112:USB_HOST/Target/usbh_conf.c ****     /**USB_OTG_FS GPIO Configuration
 113:USB_HOST/Target/usbh_conf.c ****     PA9     ------> USB_OTG_FS_VBUS
 114:USB_HOST/Target/usbh_conf.c ****     PA10     ------> USB_OTG_FS_ID
 115:USB_HOST/Target/usbh_conf.c ****     PA11     ------> USB_OTG_FS_DM
ARM GAS  /tmp/ccIbHQr3.s 			page 7


 116:USB_HOST/Target/usbh_conf.c ****     PA12     ------> USB_OTG_FS_DP
 117:USB_HOST/Target/usbh_conf.c ****     */
 118:USB_HOST/Target/usbh_conf.c ****     HAL_GPIO_DeInit(GPIOA, VBUS_FS_Pin|OTG_FS_ID_Pin|OTG_FS_DM_Pin|OTG_FS_DP_Pin);
 119:USB_HOST/Target/usbh_conf.c **** 
 120:USB_HOST/Target/usbh_conf.c ****     /* Peripheral interrupt Deinit*/
 121:USB_HOST/Target/usbh_conf.c ****     HAL_NVIC_DisableIRQ(OTG_FS_IRQn);
 122:USB_HOST/Target/usbh_conf.c **** 
 123:USB_HOST/Target/usbh_conf.c ****   /* USER CODE BEGIN USB_OTG_FS_MspDeInit 1 */
 124:USB_HOST/Target/usbh_conf.c **** 
 125:USB_HOST/Target/usbh_conf.c ****   /* USER CODE END USB_OTG_FS_MspDeInit 1 */
 126:USB_HOST/Target/usbh_conf.c ****   }
 127:USB_HOST/Target/usbh_conf.c **** }
 197              		.loc 1 127 1 view .LVU49
 198 000a 08BD     		pop	{r3, pc}
 199              	.LVL10:
 200              	.L10:
 110:USB_HOST/Target/usbh_conf.c **** 
 201              		.loc 1 110 5 is_stmt 1 view .LVU50
 202 000c 064A     		ldr	r2, .L11
 203 000e 536B     		ldr	r3, [r2, #52]
 204 0010 23F08003 		bic	r3, r3, #128
 205 0014 5363     		str	r3, [r2, #52]
 118:USB_HOST/Target/usbh_conf.c **** 
 206              		.loc 1 118 5 view .LVU51
 207 0016 4FF4F051 		mov	r1, #7680
 208 001a 0448     		ldr	r0, .L11+4
 209              	.LVL11:
 118:USB_HOST/Target/usbh_conf.c **** 
 210              		.loc 1 118 5 is_stmt 0 view .LVU52
 211 001c FFF7FEFF 		bl	HAL_GPIO_DeInit
 212              	.LVL12:
 121:USB_HOST/Target/usbh_conf.c **** 
 213              		.loc 1 121 5 is_stmt 1 view .LVU53
 214 0020 4320     		movs	r0, #67
 215 0022 FFF7FEFF 		bl	HAL_NVIC_DisableIRQ
 216              	.LVL13:
 217              		.loc 1 127 1 is_stmt 0 view .LVU54
 218 0026 F0E7     		b	.L7
 219              	.L12:
 220              		.align	2
 221              	.L11:
 222 0028 00380240 		.word	1073887232
 223 002c 00000240 		.word	1073872896
 224              		.cfi_endproc
 225              	.LFE138:
 227              		.section	.text.HAL_HCD_SOF_Callback,"ax",%progbits
 228              		.align	1
 229              		.global	HAL_HCD_SOF_Callback
 230              		.syntax unified
 231              		.thumb
 232              		.thumb_func
 234              	HAL_HCD_SOF_Callback:
 235              	.LVL14:
 236              	.LFB139:
 128:USB_HOST/Target/usbh_conf.c **** 
 129:USB_HOST/Target/usbh_conf.c **** /**
 130:USB_HOST/Target/usbh_conf.c ****   * @brief  SOF callback.
ARM GAS  /tmp/ccIbHQr3.s 			page 8


 131:USB_HOST/Target/usbh_conf.c ****   * @param  hhcd: HCD handle
 132:USB_HOST/Target/usbh_conf.c ****   * @retval None
 133:USB_HOST/Target/usbh_conf.c ****   */
 134:USB_HOST/Target/usbh_conf.c **** void HAL_HCD_SOF_Callback(HCD_HandleTypeDef *hhcd)
 135:USB_HOST/Target/usbh_conf.c **** {
 237              		.loc 1 135 1 is_stmt 1 view -0
 238              		.cfi_startproc
 239              		@ args = 0, pretend = 0, frame = 0
 240              		@ frame_needed = 0, uses_anonymous_args = 0
 241              		.loc 1 135 1 is_stmt 0 view .LVU56
 242 0000 08B5     		push	{r3, lr}
 243              	.LCFI5:
 244              		.cfi_def_cfa_offset 8
 245              		.cfi_offset 3, -8
 246              		.cfi_offset 14, -4
 136:USB_HOST/Target/usbh_conf.c ****   USBH_LL_IncTimer(hhcd->pData);
 247              		.loc 1 136 3 is_stmt 1 view .LVU57
 248 0002 D0F8DC03 		ldr	r0, [r0, #988]
 249              	.LVL15:
 250              		.loc 1 136 3 is_stmt 0 view .LVU58
 251 0006 FFF7FEFF 		bl	USBH_LL_IncTimer
 252              	.LVL16:
 137:USB_HOST/Target/usbh_conf.c **** }
 253              		.loc 1 137 1 view .LVU59
 254 000a 08BD     		pop	{r3, pc}
 255              		.cfi_endproc
 256              	.LFE139:
 258              		.section	.text.HAL_HCD_Connect_Callback,"ax",%progbits
 259              		.align	1
 260              		.global	HAL_HCD_Connect_Callback
 261              		.syntax unified
 262              		.thumb
 263              		.thumb_func
 265              	HAL_HCD_Connect_Callback:
 266              	.LVL17:
 267              	.LFB140:
 138:USB_HOST/Target/usbh_conf.c **** 
 139:USB_HOST/Target/usbh_conf.c **** /**
 140:USB_HOST/Target/usbh_conf.c ****   * @brief  SOF callback.
 141:USB_HOST/Target/usbh_conf.c ****   * @param  hhcd: HCD handle
 142:USB_HOST/Target/usbh_conf.c ****   * @retval None
 143:USB_HOST/Target/usbh_conf.c ****   */
 144:USB_HOST/Target/usbh_conf.c **** void HAL_HCD_Connect_Callback(HCD_HandleTypeDef *hhcd)
 145:USB_HOST/Target/usbh_conf.c **** {
 268              		.loc 1 145 1 is_stmt 1 view -0
 269              		.cfi_startproc
 270              		@ args = 0, pretend = 0, frame = 0
 271              		@ frame_needed = 0, uses_anonymous_args = 0
 272              		.loc 1 145 1 is_stmt 0 view .LVU61
 273 0000 08B5     		push	{r3, lr}
 274              	.LCFI6:
 275              		.cfi_def_cfa_offset 8
 276              		.cfi_offset 3, -8
 277              		.cfi_offset 14, -4
 146:USB_HOST/Target/usbh_conf.c ****   USBH_LL_Connect(hhcd->pData);
 278              		.loc 1 146 3 is_stmt 1 view .LVU62
 279 0002 D0F8DC03 		ldr	r0, [r0, #988]
ARM GAS  /tmp/ccIbHQr3.s 			page 9


 280              	.LVL18:
 281              		.loc 1 146 3 is_stmt 0 view .LVU63
 282 0006 FFF7FEFF 		bl	USBH_LL_Connect
 283              	.LVL19:
 147:USB_HOST/Target/usbh_conf.c **** }
 284              		.loc 1 147 1 view .LVU64
 285 000a 08BD     		pop	{r3, pc}
 286              		.cfi_endproc
 287              	.LFE140:
 289              		.section	.text.HAL_HCD_Disconnect_Callback,"ax",%progbits
 290              		.align	1
 291              		.global	HAL_HCD_Disconnect_Callback
 292              		.syntax unified
 293              		.thumb
 294              		.thumb_func
 296              	HAL_HCD_Disconnect_Callback:
 297              	.LVL20:
 298              	.LFB141:
 148:USB_HOST/Target/usbh_conf.c **** 
 149:USB_HOST/Target/usbh_conf.c **** /**
 150:USB_HOST/Target/usbh_conf.c ****   * @brief  SOF callback.
 151:USB_HOST/Target/usbh_conf.c ****   * @param  hhcd: HCD handle
 152:USB_HOST/Target/usbh_conf.c ****   * @retval None
 153:USB_HOST/Target/usbh_conf.c ****   */
 154:USB_HOST/Target/usbh_conf.c **** void HAL_HCD_Disconnect_Callback(HCD_HandleTypeDef *hhcd)
 155:USB_HOST/Target/usbh_conf.c **** {
 299              		.loc 1 155 1 is_stmt 1 view -0
 300              		.cfi_startproc
 301              		@ args = 0, pretend = 0, frame = 0
 302              		@ frame_needed = 0, uses_anonymous_args = 0
 303              		.loc 1 155 1 is_stmt 0 view .LVU66
 304 0000 08B5     		push	{r3, lr}
 305              	.LCFI7:
 306              		.cfi_def_cfa_offset 8
 307              		.cfi_offset 3, -8
 308              		.cfi_offset 14, -4
 156:USB_HOST/Target/usbh_conf.c ****   USBH_LL_Disconnect(hhcd->pData);
 309              		.loc 1 156 3 is_stmt 1 view .LVU67
 310 0002 D0F8DC03 		ldr	r0, [r0, #988]
 311              	.LVL21:
 312              		.loc 1 156 3 is_stmt 0 view .LVU68
 313 0006 FFF7FEFF 		bl	USBH_LL_Disconnect
 314              	.LVL22:
 157:USB_HOST/Target/usbh_conf.c **** }
 315              		.loc 1 157 1 view .LVU69
 316 000a 08BD     		pop	{r3, pc}
 317              		.cfi_endproc
 318              	.LFE141:
 320              		.section	.text.HAL_HCD_HC_NotifyURBChange_Callback,"ax",%progbits
 321              		.align	1
 322              		.global	HAL_HCD_HC_NotifyURBChange_Callback
 323              		.syntax unified
 324              		.thumb
 325              		.thumb_func
 327              	HAL_HCD_HC_NotifyURBChange_Callback:
 328              	.LVL23:
 329              	.LFB142:
ARM GAS  /tmp/ccIbHQr3.s 			page 10


 158:USB_HOST/Target/usbh_conf.c **** 
 159:USB_HOST/Target/usbh_conf.c **** /**
 160:USB_HOST/Target/usbh_conf.c ****   * @brief  Notify URB state change callback.
 161:USB_HOST/Target/usbh_conf.c ****   * @param  hhcd: HCD handle
 162:USB_HOST/Target/usbh_conf.c ****   * @param  chnum: channel number
 163:USB_HOST/Target/usbh_conf.c ****   * @param  urb_state: state
 164:USB_HOST/Target/usbh_conf.c ****   * @retval None
 165:USB_HOST/Target/usbh_conf.c ****   */
 166:USB_HOST/Target/usbh_conf.c **** void HAL_HCD_HC_NotifyURBChange_Callback(HCD_HandleTypeDef *hhcd, uint8_t chnum, HCD_URBStateTypeDe
 167:USB_HOST/Target/usbh_conf.c **** {
 330              		.loc 1 167 1 is_stmt 1 view -0
 331              		.cfi_startproc
 332              		@ args = 0, pretend = 0, frame = 0
 333              		@ frame_needed = 0, uses_anonymous_args = 0
 334              		@ link register save eliminated.
 168:USB_HOST/Target/usbh_conf.c ****   /* To be used with OS to sync URB state with the global state machine */
 169:USB_HOST/Target/usbh_conf.c **** #if (USBH_USE_OS == 1)
 170:USB_HOST/Target/usbh_conf.c ****   USBH_LL_NotifyURBChange(hhcd->pData);
 171:USB_HOST/Target/usbh_conf.c **** #endif
 172:USB_HOST/Target/usbh_conf.c **** }
 335              		.loc 1 172 1 view .LVU71
 336 0000 7047     		bx	lr
 337              		.cfi_endproc
 338              	.LFE142:
 340              		.section	.text.HAL_HCD_PortEnabled_Callback,"ax",%progbits
 341              		.align	1
 342              		.global	HAL_HCD_PortEnabled_Callback
 343              		.syntax unified
 344              		.thumb
 345              		.thumb_func
 347              	HAL_HCD_PortEnabled_Callback:
 348              	.LVL24:
 349              	.LFB143:
 173:USB_HOST/Target/usbh_conf.c **** /**
 174:USB_HOST/Target/usbh_conf.c **** * @brief  Port Port Enabled callback.
 175:USB_HOST/Target/usbh_conf.c ****   * @param  hhcd: HCD handle
 176:USB_HOST/Target/usbh_conf.c ****   * @retval None
 177:USB_HOST/Target/usbh_conf.c ****   */
 178:USB_HOST/Target/usbh_conf.c **** void HAL_HCD_PortEnabled_Callback(HCD_HandleTypeDef *hhcd)
 179:USB_HOST/Target/usbh_conf.c **** {
 350              		.loc 1 179 1 view -0
 351              		.cfi_startproc
 352              		@ args = 0, pretend = 0, frame = 0
 353              		@ frame_needed = 0, uses_anonymous_args = 0
 354              		.loc 1 179 1 is_stmt 0 view .LVU73
 355 0000 08B5     		push	{r3, lr}
 356              	.LCFI8:
 357              		.cfi_def_cfa_offset 8
 358              		.cfi_offset 3, -8
 359              		.cfi_offset 14, -4
 180:USB_HOST/Target/usbh_conf.c ****   USBH_LL_PortEnabled(hhcd->pData);
 360              		.loc 1 180 3 is_stmt 1 view .LVU74
 361 0002 D0F8DC03 		ldr	r0, [r0, #988]
 362              	.LVL25:
 363              		.loc 1 180 3 is_stmt 0 view .LVU75
 364 0006 FFF7FEFF 		bl	USBH_LL_PortEnabled
 365              	.LVL26:
ARM GAS  /tmp/ccIbHQr3.s 			page 11


 181:USB_HOST/Target/usbh_conf.c **** }
 366              		.loc 1 181 1 view .LVU76
 367 000a 08BD     		pop	{r3, pc}
 368              		.cfi_endproc
 369              	.LFE143:
 371              		.section	.text.HAL_HCD_PortDisabled_Callback,"ax",%progbits
 372              		.align	1
 373              		.global	HAL_HCD_PortDisabled_Callback
 374              		.syntax unified
 375              		.thumb
 376              		.thumb_func
 378              	HAL_HCD_PortDisabled_Callback:
 379              	.LVL27:
 380              	.LFB144:
 182:USB_HOST/Target/usbh_conf.c **** 
 183:USB_HOST/Target/usbh_conf.c **** /**
 184:USB_HOST/Target/usbh_conf.c ****   * @brief  Port Port Disabled callback.
 185:USB_HOST/Target/usbh_conf.c ****   * @param  hhcd: HCD handle
 186:USB_HOST/Target/usbh_conf.c ****   * @retval None
 187:USB_HOST/Target/usbh_conf.c ****   */
 188:USB_HOST/Target/usbh_conf.c **** void HAL_HCD_PortDisabled_Callback(HCD_HandleTypeDef *hhcd)
 189:USB_HOST/Target/usbh_conf.c **** {
 381              		.loc 1 189 1 is_stmt 1 view -0
 382              		.cfi_startproc
 383              		@ args = 0, pretend = 0, frame = 0
 384              		@ frame_needed = 0, uses_anonymous_args = 0
 385              		.loc 1 189 1 is_stmt 0 view .LVU78
 386 0000 08B5     		push	{r3, lr}
 387              	.LCFI9:
 388              		.cfi_def_cfa_offset 8
 389              		.cfi_offset 3, -8
 390              		.cfi_offset 14, -4
 190:USB_HOST/Target/usbh_conf.c ****   USBH_LL_PortDisabled(hhcd->pData);
 391              		.loc 1 190 3 is_stmt 1 view .LVU79
 392 0002 D0F8DC03 		ldr	r0, [r0, #988]
 393              	.LVL28:
 394              		.loc 1 190 3 is_stmt 0 view .LVU80
 395 0006 FFF7FEFF 		bl	USBH_LL_PortDisabled
 396              	.LVL29:
 191:USB_HOST/Target/usbh_conf.c **** }
 397              		.loc 1 191 1 view .LVU81
 398 000a 08BD     		pop	{r3, pc}
 399              		.cfi_endproc
 400              	.LFE144:
 402              		.section	.text.USBH_LL_Init,"ax",%progbits
 403              		.align	1
 404              		.global	USBH_LL_Init
 405              		.syntax unified
 406              		.thumb
 407              		.thumb_func
 409              	USBH_LL_Init:
 410              	.LVL30:
 411              	.LFB145:
 192:USB_HOST/Target/usbh_conf.c **** 
 193:USB_HOST/Target/usbh_conf.c **** /*******************************************************************************
 194:USB_HOST/Target/usbh_conf.c ****                        LL Driver Interface (USB Host Library --> HCD)
 195:USB_HOST/Target/usbh_conf.c **** *******************************************************************************/
ARM GAS  /tmp/ccIbHQr3.s 			page 12


 196:USB_HOST/Target/usbh_conf.c **** 
 197:USB_HOST/Target/usbh_conf.c **** /**
 198:USB_HOST/Target/usbh_conf.c ****   * @brief  Initialize the low level portion of the host driver.
 199:USB_HOST/Target/usbh_conf.c ****   * @param  phost: Host handle
 200:USB_HOST/Target/usbh_conf.c ****   * @retval USBH status
 201:USB_HOST/Target/usbh_conf.c ****   */
 202:USB_HOST/Target/usbh_conf.c **** USBH_StatusTypeDef USBH_LL_Init(USBH_HandleTypeDef *phost)
 203:USB_HOST/Target/usbh_conf.c **** {
 412              		.loc 1 203 1 is_stmt 1 view -0
 413              		.cfi_startproc
 414              		@ args = 0, pretend = 0, frame = 0
 415              		@ frame_needed = 0, uses_anonymous_args = 0
 204:USB_HOST/Target/usbh_conf.c ****   /* Init USB_IP */
 205:USB_HOST/Target/usbh_conf.c ****   if (phost->id == HOST_FS) {
 416              		.loc 1 205 3 view .LVU83
 417              		.loc 1 205 12 is_stmt 0 view .LVU84
 418 0000 90F8CC33 		ldrb	r3, [r0, #972]	@ zero_extendqisi2
 419              		.loc 1 205 6 view .LVU85
 420 0004 012B     		cmp	r3, #1
 421 0006 01D0     		beq	.L31
 206:USB_HOST/Target/usbh_conf.c ****   /* Link the driver to the stack. */
 207:USB_HOST/Target/usbh_conf.c ****   hhcd_USB_OTG_FS.pData = phost;
 208:USB_HOST/Target/usbh_conf.c ****   phost->pData = &hhcd_USB_OTG_FS;
 209:USB_HOST/Target/usbh_conf.c **** 
 210:USB_HOST/Target/usbh_conf.c ****   hhcd_USB_OTG_FS.Instance = USB_OTG_FS;
 211:USB_HOST/Target/usbh_conf.c ****   hhcd_USB_OTG_FS.Init.Host_channels = 8;
 212:USB_HOST/Target/usbh_conf.c ****   hhcd_USB_OTG_FS.Init.speed = HCD_SPEED_FULL;
 213:USB_HOST/Target/usbh_conf.c ****   hhcd_USB_OTG_FS.Init.dma_enable = DISABLE;
 214:USB_HOST/Target/usbh_conf.c ****   hhcd_USB_OTG_FS.Init.phy_itface = HCD_PHY_EMBEDDED;
 215:USB_HOST/Target/usbh_conf.c ****   hhcd_USB_OTG_FS.Init.Sof_enable = DISABLE;
 216:USB_HOST/Target/usbh_conf.c ****   if (HAL_HCD_Init(&hhcd_USB_OTG_FS) != HAL_OK)
 217:USB_HOST/Target/usbh_conf.c ****   {
 218:USB_HOST/Target/usbh_conf.c ****     Error_Handler( );
 219:USB_HOST/Target/usbh_conf.c ****   }
 220:USB_HOST/Target/usbh_conf.c **** 
 221:USB_HOST/Target/usbh_conf.c ****   USBH_LL_SetTimer(phost, HAL_HCD_GetCurrentFrame(&hhcd_USB_OTG_FS));
 222:USB_HOST/Target/usbh_conf.c ****   }
 223:USB_HOST/Target/usbh_conf.c ****   return USBH_OK;
 422              		.loc 1 223 3 is_stmt 1 view .LVU86
 224:USB_HOST/Target/usbh_conf.c **** }
 423              		.loc 1 224 1 is_stmt 0 view .LVU87
 424 0008 0020     		movs	r0, #0
 425              	.LVL31:
 426              		.loc 1 224 1 view .LVU88
 427 000a 7047     		bx	lr
 428              	.LVL32:
 429              	.L31:
 203:USB_HOST/Target/usbh_conf.c ****   /* Init USB_IP */
 430              		.loc 1 203 1 view .LVU89
 431 000c 10B5     		push	{r4, lr}
 432              	.LCFI10:
 433              		.cfi_def_cfa_offset 8
 434              		.cfi_offset 4, -8
 435              		.cfi_offset 14, -4
 436 000e 0446     		mov	r4, r0
 207:USB_HOST/Target/usbh_conf.c ****   phost->pData = &hhcd_USB_OTG_FS;
 437              		.loc 1 207 3 is_stmt 1 view .LVU90
ARM GAS  /tmp/ccIbHQr3.s 			page 13


 207:USB_HOST/Target/usbh_conf.c ****   phost->pData = &hhcd_USB_OTG_FS;
 438              		.loc 1 207 25 is_stmt 0 view .LVU91
 439 0010 0F48     		ldr	r0, .L33
 440              	.LVL33:
 207:USB_HOST/Target/usbh_conf.c ****   phost->pData = &hhcd_USB_OTG_FS;
 441              		.loc 1 207 25 view .LVU92
 442 0012 C0F8DC43 		str	r4, [r0, #988]
 208:USB_HOST/Target/usbh_conf.c **** 
 443              		.loc 1 208 3 is_stmt 1 view .LVU93
 208:USB_HOST/Target/usbh_conf.c **** 
 444              		.loc 1 208 16 is_stmt 0 view .LVU94
 445 0016 C4F8D003 		str	r0, [r4, #976]
 210:USB_HOST/Target/usbh_conf.c ****   hhcd_USB_OTG_FS.Init.Host_channels = 8;
 446              		.loc 1 210 3 is_stmt 1 view .LVU95
 210:USB_HOST/Target/usbh_conf.c ****   hhcd_USB_OTG_FS.Init.Host_channels = 8;
 447              		.loc 1 210 28 is_stmt 0 view .LVU96
 448 001a 4FF0A043 		mov	r3, #1342177280
 449 001e 0360     		str	r3, [r0]
 211:USB_HOST/Target/usbh_conf.c ****   hhcd_USB_OTG_FS.Init.speed = HCD_SPEED_FULL;
 450              		.loc 1 211 3 is_stmt 1 view .LVU97
 211:USB_HOST/Target/usbh_conf.c ****   hhcd_USB_OTG_FS.Init.speed = HCD_SPEED_FULL;
 451              		.loc 1 211 38 is_stmt 0 view .LVU98
 452 0020 0823     		movs	r3, #8
 453 0022 4371     		strb	r3, [r0, #5]
 212:USB_HOST/Target/usbh_conf.c ****   hhcd_USB_OTG_FS.Init.dma_enable = DISABLE;
 454              		.loc 1 212 3 is_stmt 1 view .LVU99
 212:USB_HOST/Target/usbh_conf.c ****   hhcd_USB_OTG_FS.Init.dma_enable = DISABLE;
 455              		.loc 1 212 30 is_stmt 0 view .LVU100
 456 0024 0123     		movs	r3, #1
 457 0026 C371     		strb	r3, [r0, #7]
 213:USB_HOST/Target/usbh_conf.c ****   hhcd_USB_OTG_FS.Init.phy_itface = HCD_PHY_EMBEDDED;
 458              		.loc 1 213 3 is_stmt 1 view .LVU101
 213:USB_HOST/Target/usbh_conf.c ****   hhcd_USB_OTG_FS.Init.phy_itface = HCD_PHY_EMBEDDED;
 459              		.loc 1 213 35 is_stmt 0 view .LVU102
 460 0028 0023     		movs	r3, #0
 461 002a 8371     		strb	r3, [r0, #6]
 214:USB_HOST/Target/usbh_conf.c ****   hhcd_USB_OTG_FS.Init.Sof_enable = DISABLE;
 462              		.loc 1 214 3 is_stmt 1 view .LVU103
 214:USB_HOST/Target/usbh_conf.c ****   hhcd_USB_OTG_FS.Init.Sof_enable = DISABLE;
 463              		.loc 1 214 35 is_stmt 0 view .LVU104
 464 002c 0222     		movs	r2, #2
 465 002e 4272     		strb	r2, [r0, #9]
 215:USB_HOST/Target/usbh_conf.c ****   if (HAL_HCD_Init(&hhcd_USB_OTG_FS) != HAL_OK)
 466              		.loc 1 215 3 is_stmt 1 view .LVU105
 215:USB_HOST/Target/usbh_conf.c ****   if (HAL_HCD_Init(&hhcd_USB_OTG_FS) != HAL_OK)
 467              		.loc 1 215 35 is_stmt 0 view .LVU106
 468 0030 8372     		strb	r3, [r0, #10]
 216:USB_HOST/Target/usbh_conf.c ****   {
 469              		.loc 1 216 3 is_stmt 1 view .LVU107
 216:USB_HOST/Target/usbh_conf.c ****   {
 470              		.loc 1 216 7 is_stmt 0 view .LVU108
 471 0032 FFF7FEFF 		bl	HAL_HCD_Init
 472              	.LVL34:
 216:USB_HOST/Target/usbh_conf.c ****   {
 473              		.loc 1 216 6 discriminator 1 view .LVU109
 474 0036 40B9     		cbnz	r0, .L32
 475              	.L26:
ARM GAS  /tmp/ccIbHQr3.s 			page 14


 221:USB_HOST/Target/usbh_conf.c ****   }
 476              		.loc 1 221 3 is_stmt 1 view .LVU110
 477 0038 0548     		ldr	r0, .L33
 478 003a FFF7FEFF 		bl	HAL_HCD_GetCurrentFrame
 479              	.LVL35:
 480 003e 0146     		mov	r1, r0
 221:USB_HOST/Target/usbh_conf.c ****   }
 481              		.loc 1 221 3 is_stmt 0 discriminator 1 view .LVU111
 482 0040 2046     		mov	r0, r4
 483 0042 FFF7FEFF 		bl	USBH_LL_SetTimer
 484              	.LVL36:
 223:USB_HOST/Target/usbh_conf.c **** }
 485              		.loc 1 223 3 is_stmt 1 view .LVU112
 486              		.loc 1 224 1 is_stmt 0 view .LVU113
 487 0046 0020     		movs	r0, #0
 488 0048 10BD     		pop	{r4, pc}
 489              	.LVL37:
 490              	.L32:
 218:USB_HOST/Target/usbh_conf.c ****   }
 491              		.loc 1 218 5 is_stmt 1 view .LVU114
 492 004a FFF7FEFF 		bl	Error_Handler
 493              	.LVL38:
 494 004e F3E7     		b	.L26
 495              	.L34:
 496              		.align	2
 497              	.L33:
 498 0050 00000000 		.word	hhcd_USB_OTG_FS
 499              		.cfi_endproc
 500              	.LFE145:
 502              		.section	.text.USBH_LL_GetSpeed,"ax",%progbits
 503              		.align	1
 504              		.global	USBH_LL_GetSpeed
 505              		.syntax unified
 506              		.thumb
 507              		.thumb_func
 509              	USBH_LL_GetSpeed:
 510              	.LVL39:
 511              	.LFB149:
 225:USB_HOST/Target/usbh_conf.c **** 
 226:USB_HOST/Target/usbh_conf.c **** /**
 227:USB_HOST/Target/usbh_conf.c ****   * @brief  De-Initialize the low level portion of the host driver.
 228:USB_HOST/Target/usbh_conf.c ****   * @param  phost: Host handle
 229:USB_HOST/Target/usbh_conf.c ****   * @retval USBH status
 230:USB_HOST/Target/usbh_conf.c ****   */
 231:USB_HOST/Target/usbh_conf.c **** USBH_StatusTypeDef USBH_LL_DeInit(USBH_HandleTypeDef *phost)
 232:USB_HOST/Target/usbh_conf.c **** {
 233:USB_HOST/Target/usbh_conf.c ****   HAL_StatusTypeDef hal_status = HAL_OK;
 234:USB_HOST/Target/usbh_conf.c ****   USBH_StatusTypeDef usb_status = USBH_OK;
 235:USB_HOST/Target/usbh_conf.c **** 
 236:USB_HOST/Target/usbh_conf.c ****   hal_status = HAL_HCD_DeInit(phost->pData);
 237:USB_HOST/Target/usbh_conf.c **** 
 238:USB_HOST/Target/usbh_conf.c ****   usb_status = USBH_Get_USB_Status(hal_status);
 239:USB_HOST/Target/usbh_conf.c **** 
 240:USB_HOST/Target/usbh_conf.c ****   return usb_status;
 241:USB_HOST/Target/usbh_conf.c **** }
 242:USB_HOST/Target/usbh_conf.c **** 
 243:USB_HOST/Target/usbh_conf.c **** /**
ARM GAS  /tmp/ccIbHQr3.s 			page 15


 244:USB_HOST/Target/usbh_conf.c ****   * @brief  Start the low level portion of the host driver.
 245:USB_HOST/Target/usbh_conf.c ****   * @param  phost: Host handle
 246:USB_HOST/Target/usbh_conf.c ****   * @retval USBH status
 247:USB_HOST/Target/usbh_conf.c ****   */
 248:USB_HOST/Target/usbh_conf.c **** USBH_StatusTypeDef USBH_LL_Start(USBH_HandleTypeDef *phost)
 249:USB_HOST/Target/usbh_conf.c **** {
 250:USB_HOST/Target/usbh_conf.c ****   HAL_StatusTypeDef hal_status = HAL_OK;
 251:USB_HOST/Target/usbh_conf.c ****   USBH_StatusTypeDef usb_status = USBH_OK;
 252:USB_HOST/Target/usbh_conf.c **** 
 253:USB_HOST/Target/usbh_conf.c ****   hal_status = HAL_HCD_Start(phost->pData);
 254:USB_HOST/Target/usbh_conf.c **** 
 255:USB_HOST/Target/usbh_conf.c ****   usb_status = USBH_Get_USB_Status(hal_status);
 256:USB_HOST/Target/usbh_conf.c **** 
 257:USB_HOST/Target/usbh_conf.c ****   return usb_status;
 258:USB_HOST/Target/usbh_conf.c **** }
 259:USB_HOST/Target/usbh_conf.c **** 
 260:USB_HOST/Target/usbh_conf.c **** /**
 261:USB_HOST/Target/usbh_conf.c ****   * @brief  Stop the low level portion of the host driver.
 262:USB_HOST/Target/usbh_conf.c ****   * @param  phost: Host handle
 263:USB_HOST/Target/usbh_conf.c ****   * @retval USBH status
 264:USB_HOST/Target/usbh_conf.c ****   */
 265:USB_HOST/Target/usbh_conf.c **** USBH_StatusTypeDef USBH_LL_Stop(USBH_HandleTypeDef *phost)
 266:USB_HOST/Target/usbh_conf.c **** {
 267:USB_HOST/Target/usbh_conf.c ****   HAL_StatusTypeDef hal_status = HAL_OK;
 268:USB_HOST/Target/usbh_conf.c ****   USBH_StatusTypeDef usb_status = USBH_OK;
 269:USB_HOST/Target/usbh_conf.c **** 
 270:USB_HOST/Target/usbh_conf.c ****   hal_status = HAL_HCD_Stop(phost->pData);
 271:USB_HOST/Target/usbh_conf.c **** 
 272:USB_HOST/Target/usbh_conf.c ****   usb_status = USBH_Get_USB_Status(hal_status);
 273:USB_HOST/Target/usbh_conf.c **** 
 274:USB_HOST/Target/usbh_conf.c ****   return usb_status;
 275:USB_HOST/Target/usbh_conf.c **** }
 276:USB_HOST/Target/usbh_conf.c **** 
 277:USB_HOST/Target/usbh_conf.c **** /**
 278:USB_HOST/Target/usbh_conf.c ****   * @brief  Return the USB host speed from the low level driver.
 279:USB_HOST/Target/usbh_conf.c ****   * @param  phost: Host handle
 280:USB_HOST/Target/usbh_conf.c ****   * @retval USBH speeds
 281:USB_HOST/Target/usbh_conf.c ****   */
 282:USB_HOST/Target/usbh_conf.c **** USBH_SpeedTypeDef USBH_LL_GetSpeed(USBH_HandleTypeDef *phost)
 283:USB_HOST/Target/usbh_conf.c **** {
 512              		.loc 1 283 1 view -0
 513              		.cfi_startproc
 514              		@ args = 0, pretend = 0, frame = 0
 515              		@ frame_needed = 0, uses_anonymous_args = 0
 516              		.loc 1 283 1 is_stmt 0 view .LVU116
 517 0000 08B5     		push	{r3, lr}
 518              	.LCFI11:
 519              		.cfi_def_cfa_offset 8
 520              		.cfi_offset 3, -8
 521              		.cfi_offset 14, -4
 284:USB_HOST/Target/usbh_conf.c ****   USBH_SpeedTypeDef speed = USBH_SPEED_FULL;
 522              		.loc 1 284 3 is_stmt 1 view .LVU117
 523              	.LVL40:
 285:USB_HOST/Target/usbh_conf.c **** 
 286:USB_HOST/Target/usbh_conf.c ****   switch (HAL_HCD_GetCurrentSpeed(phost->pData))
 524              		.loc 1 286 3 view .LVU118
 525              		.loc 1 286 11 is_stmt 0 view .LVU119
ARM GAS  /tmp/ccIbHQr3.s 			page 16


 526 0002 D0F8D003 		ldr	r0, [r0, #976]
 527              	.LVL41:
 528              		.loc 1 286 11 view .LVU120
 529 0006 FFF7FEFF 		bl	HAL_HCD_GetCurrentSpeed
 530              	.LVL42:
 531              		.loc 1 286 3 discriminator 1 view .LVU121
 532 000a 0128     		cmp	r0, #1
 533 000c 04D0     		beq	.L37
 534 000e 0228     		cmp	r0, #2
 535 0010 04D0     		beq	.L38
 536 0012 20B1     		cbz	r0, .L36
 287:USB_HOST/Target/usbh_conf.c ****   {
 288:USB_HOST/Target/usbh_conf.c ****   case 0 :
 289:USB_HOST/Target/usbh_conf.c ****     speed = USBH_SPEED_HIGH;
 290:USB_HOST/Target/usbh_conf.c ****     break;
 291:USB_HOST/Target/usbh_conf.c **** 
 292:USB_HOST/Target/usbh_conf.c ****   case 1 :
 293:USB_HOST/Target/usbh_conf.c ****     speed = USBH_SPEED_FULL;
 294:USB_HOST/Target/usbh_conf.c ****     break;
 295:USB_HOST/Target/usbh_conf.c **** 
 296:USB_HOST/Target/usbh_conf.c ****   case 2 :
 297:USB_HOST/Target/usbh_conf.c ****     speed = USBH_SPEED_LOW;
 298:USB_HOST/Target/usbh_conf.c ****     break;
 299:USB_HOST/Target/usbh_conf.c **** 
 300:USB_HOST/Target/usbh_conf.c ****   default:
 301:USB_HOST/Target/usbh_conf.c ****    speed = USBH_SPEED_FULL;
 537              		.loc 1 301 10 view .LVU122
 538 0014 0120     		movs	r0, #1
 539 0016 02E0     		b	.L36
 540              	.L37:
 293:USB_HOST/Target/usbh_conf.c ****     break;
 541              		.loc 1 293 11 view .LVU123
 542 0018 0120     		movs	r0, #1
 543 001a 00E0     		b	.L36
 544              	.L38:
 297:USB_HOST/Target/usbh_conf.c ****     break;
 545              		.loc 1 297 11 view .LVU124
 546 001c 0220     		movs	r0, #2
 547              	.L36:
 548              	.LVL43:
 302:USB_HOST/Target/usbh_conf.c ****     break;
 303:USB_HOST/Target/usbh_conf.c ****   }
 304:USB_HOST/Target/usbh_conf.c ****   return  speed;
 549              		.loc 1 304 3 is_stmt 1 view .LVU125
 305:USB_HOST/Target/usbh_conf.c **** }
 550              		.loc 1 305 1 is_stmt 0 view .LVU126
 551 001e 08BD     		pop	{r3, pc}
 552              		.cfi_endproc
 553              	.LFE149:
 555              		.section	.text.USBH_LL_GetLastXferSize,"ax",%progbits
 556              		.align	1
 557              		.global	USBH_LL_GetLastXferSize
 558              		.syntax unified
 559              		.thumb
 560              		.thumb_func
 562              	USBH_LL_GetLastXferSize:
 563              	.LVL44:
ARM GAS  /tmp/ccIbHQr3.s 			page 17


 564              	.LFB151:
 306:USB_HOST/Target/usbh_conf.c **** 
 307:USB_HOST/Target/usbh_conf.c **** /**
 308:USB_HOST/Target/usbh_conf.c ****   * @brief  Reset the Host port of the low level driver.
 309:USB_HOST/Target/usbh_conf.c ****   * @param  phost: Host handle
 310:USB_HOST/Target/usbh_conf.c ****   * @retval USBH status
 311:USB_HOST/Target/usbh_conf.c ****   */
 312:USB_HOST/Target/usbh_conf.c **** USBH_StatusTypeDef USBH_LL_ResetPort(USBH_HandleTypeDef *phost)
 313:USB_HOST/Target/usbh_conf.c **** {
 314:USB_HOST/Target/usbh_conf.c ****   HAL_StatusTypeDef hal_status = HAL_OK;
 315:USB_HOST/Target/usbh_conf.c ****   USBH_StatusTypeDef usb_status = USBH_OK;
 316:USB_HOST/Target/usbh_conf.c **** 
 317:USB_HOST/Target/usbh_conf.c ****   hal_status = HAL_HCD_ResetPort(phost->pData);
 318:USB_HOST/Target/usbh_conf.c **** 
 319:USB_HOST/Target/usbh_conf.c ****   usb_status = USBH_Get_USB_Status(hal_status);
 320:USB_HOST/Target/usbh_conf.c **** 
 321:USB_HOST/Target/usbh_conf.c ****   return usb_status;
 322:USB_HOST/Target/usbh_conf.c **** }
 323:USB_HOST/Target/usbh_conf.c **** 
 324:USB_HOST/Target/usbh_conf.c **** /**
 325:USB_HOST/Target/usbh_conf.c ****   * @brief  Return the last transferred packet size.
 326:USB_HOST/Target/usbh_conf.c ****   * @param  phost: Host handle
 327:USB_HOST/Target/usbh_conf.c ****   * @param  pipe: Pipe index
 328:USB_HOST/Target/usbh_conf.c ****   * @retval Packet size
 329:USB_HOST/Target/usbh_conf.c ****   */
 330:USB_HOST/Target/usbh_conf.c **** uint32_t USBH_LL_GetLastXferSize(USBH_HandleTypeDef *phost, uint8_t pipe)
 331:USB_HOST/Target/usbh_conf.c **** {
 565              		.loc 1 331 1 is_stmt 1 view -0
 566              		.cfi_startproc
 567              		@ args = 0, pretend = 0, frame = 0
 568              		@ frame_needed = 0, uses_anonymous_args = 0
 569              		.loc 1 331 1 is_stmt 0 view .LVU128
 570 0000 08B5     		push	{r3, lr}
 571              	.LCFI12:
 572              		.cfi_def_cfa_offset 8
 573              		.cfi_offset 3, -8
 574              		.cfi_offset 14, -4
 332:USB_HOST/Target/usbh_conf.c ****   return HAL_HCD_HC_GetXferCount(phost->pData, pipe);
 575              		.loc 1 332 3 is_stmt 1 view .LVU129
 576              		.loc 1 332 10 is_stmt 0 view .LVU130
 577 0002 D0F8D003 		ldr	r0, [r0, #976]
 578              	.LVL45:
 579              		.loc 1 332 10 view .LVU131
 580 0006 FFF7FEFF 		bl	HAL_HCD_HC_GetXferCount
 581              	.LVL46:
 333:USB_HOST/Target/usbh_conf.c **** }
 582              		.loc 1 333 1 view .LVU132
 583 000a 08BD     		pop	{r3, pc}
 584              		.cfi_endproc
 585              	.LFE151:
 587              		.section	.text.USBH_LL_ClosePipe,"ax",%progbits
 588              		.align	1
 589              		.global	USBH_LL_ClosePipe
 590              		.syntax unified
 591              		.thumb
 592              		.thumb_func
 594              	USBH_LL_ClosePipe:
ARM GAS  /tmp/ccIbHQr3.s 			page 18


 595              	.LVL47:
 596              	.LFB153:
 334:USB_HOST/Target/usbh_conf.c **** 
 335:USB_HOST/Target/usbh_conf.c **** /**
 336:USB_HOST/Target/usbh_conf.c ****   * @brief  Open a pipe of the low level driver.
 337:USB_HOST/Target/usbh_conf.c ****   * @param  phost: Host handle
 338:USB_HOST/Target/usbh_conf.c ****   * @param  pipe: Pipe index
 339:USB_HOST/Target/usbh_conf.c ****   * @param  epnum: Endpoint number
 340:USB_HOST/Target/usbh_conf.c ****   * @param  dev_address: Device USB address
 341:USB_HOST/Target/usbh_conf.c ****   * @param  speed: Device Speed
 342:USB_HOST/Target/usbh_conf.c ****   * @param  ep_type: Endpoint type
 343:USB_HOST/Target/usbh_conf.c ****   * @param  mps: Endpoint max packet size
 344:USB_HOST/Target/usbh_conf.c ****   * @retval USBH status
 345:USB_HOST/Target/usbh_conf.c ****   */
 346:USB_HOST/Target/usbh_conf.c **** USBH_StatusTypeDef USBH_LL_OpenPipe(USBH_HandleTypeDef *phost,
 347:USB_HOST/Target/usbh_conf.c ****                                     uint8_t pipe,
 348:USB_HOST/Target/usbh_conf.c ****                                     uint8_t epnum,
 349:USB_HOST/Target/usbh_conf.c ****                                     uint8_t dev_address,
 350:USB_HOST/Target/usbh_conf.c ****                                     uint8_t speed,
 351:USB_HOST/Target/usbh_conf.c ****                                     uint8_t ep_type,
 352:USB_HOST/Target/usbh_conf.c ****                                     uint16_t mps)
 353:USB_HOST/Target/usbh_conf.c **** {
 354:USB_HOST/Target/usbh_conf.c ****   HAL_StatusTypeDef hal_status = HAL_OK;
 355:USB_HOST/Target/usbh_conf.c ****   USBH_StatusTypeDef usb_status = USBH_OK;
 356:USB_HOST/Target/usbh_conf.c **** 
 357:USB_HOST/Target/usbh_conf.c ****   hal_status = HAL_HCD_HC_Init(phost->pData, pipe, epnum,
 358:USB_HOST/Target/usbh_conf.c ****                                dev_address, speed, ep_type, mps);
 359:USB_HOST/Target/usbh_conf.c **** 
 360:USB_HOST/Target/usbh_conf.c ****   usb_status = USBH_Get_USB_Status(hal_status);
 361:USB_HOST/Target/usbh_conf.c **** 
 362:USB_HOST/Target/usbh_conf.c ****   return usb_status;
 363:USB_HOST/Target/usbh_conf.c **** }
 364:USB_HOST/Target/usbh_conf.c **** 
 365:USB_HOST/Target/usbh_conf.c **** /**
 366:USB_HOST/Target/usbh_conf.c ****   * @brief  Close a pipe of the low level driver.
 367:USB_HOST/Target/usbh_conf.c ****   * @param  phost: Host handle
 368:USB_HOST/Target/usbh_conf.c ****   * @param  pipe: Pipe index
 369:USB_HOST/Target/usbh_conf.c ****   * @retval USBH status
 370:USB_HOST/Target/usbh_conf.c ****   */
 371:USB_HOST/Target/usbh_conf.c **** USBH_StatusTypeDef USBH_LL_ClosePipe(USBH_HandleTypeDef *phost, uint8_t pipe)
 372:USB_HOST/Target/usbh_conf.c **** {
 597              		.loc 1 372 1 is_stmt 1 view -0
 598              		.cfi_startproc
 599              		@ args = 0, pretend = 0, frame = 0
 600              		@ frame_needed = 0, uses_anonymous_args = 0
 601              		@ link register save eliminated.
 373:USB_HOST/Target/usbh_conf.c ****   /* Prevent unused argument(s) compilation warning */
 374:USB_HOST/Target/usbh_conf.c ****   UNUSED(phost);
 602              		.loc 1 374 3 view .LVU134
 375:USB_HOST/Target/usbh_conf.c ****   UNUSED(pipe);
 603              		.loc 1 375 3 view .LVU135
 376:USB_HOST/Target/usbh_conf.c **** 
 377:USB_HOST/Target/usbh_conf.c ****   return USBH_OK;
 604              		.loc 1 377 3 view .LVU136
 378:USB_HOST/Target/usbh_conf.c **** }
 605              		.loc 1 378 1 is_stmt 0 view .LVU137
 606 0000 0020     		movs	r0, #0
ARM GAS  /tmp/ccIbHQr3.s 			page 19


 607              	.LVL48:
 608              		.loc 1 378 1 view .LVU138
 609 0002 7047     		bx	lr
 610              		.cfi_endproc
 611              	.LFE153:
 613              		.section	.text.USBH_LL_ActivatePipe,"ax",%progbits
 614              		.align	1
 615              		.global	USBH_LL_ActivatePipe
 616              		.syntax unified
 617              		.thumb
 618              		.thumb_func
 620              	USBH_LL_ActivatePipe:
 621              	.LVL49:
 622              	.LFB154:
 379:USB_HOST/Target/usbh_conf.c **** 
 380:USB_HOST/Target/usbh_conf.c **** /**
 381:USB_HOST/Target/usbh_conf.c ****   * @brief  USBH_LL_ActivatePipe
 382:USB_HOST/Target/usbh_conf.c ****   *         Activate a pipe of the Low Level Driver.
 383:USB_HOST/Target/usbh_conf.c ****   * @param  phost: Host handle
 384:USB_HOST/Target/usbh_conf.c ****   * @param  pipe: Pipe index
 385:USB_HOST/Target/usbh_conf.c ****   * @retval USBH Status
 386:USB_HOST/Target/usbh_conf.c ****   */
 387:USB_HOST/Target/usbh_conf.c **** USBH_StatusTypeDef USBH_LL_ActivatePipe(USBH_HandleTypeDef *phost, uint8_t pipe)
 388:USB_HOST/Target/usbh_conf.c **** {
 623              		.loc 1 388 1 is_stmt 1 view -0
 624              		.cfi_startproc
 625              		@ args = 0, pretend = 0, frame = 0
 626              		@ frame_needed = 0, uses_anonymous_args = 0
 627              		@ link register save eliminated.
 389:USB_HOST/Target/usbh_conf.c ****   /* Prevent unused argument(s) compilation warning */
 390:USB_HOST/Target/usbh_conf.c ****   UNUSED(phost);
 628              		.loc 1 390 3 view .LVU140
 391:USB_HOST/Target/usbh_conf.c ****   UNUSED(pipe);
 629              		.loc 1 391 3 view .LVU141
 392:USB_HOST/Target/usbh_conf.c **** 
 393:USB_HOST/Target/usbh_conf.c ****   return USBH_OK;
 630              		.loc 1 393 3 view .LVU142
 394:USB_HOST/Target/usbh_conf.c **** }
 631              		.loc 1 394 1 is_stmt 0 view .LVU143
 632 0000 0020     		movs	r0, #0
 633              	.LVL50:
 634              		.loc 1 394 1 view .LVU144
 635 0002 7047     		bx	lr
 636              		.cfi_endproc
 637              	.LFE154:
 639              		.section	.text.USBH_LL_GetURBState,"ax",%progbits
 640              		.align	1
 641              		.global	USBH_LL_GetURBState
 642              		.syntax unified
 643              		.thumb
 644              		.thumb_func
 646              	USBH_LL_GetURBState:
 647              	.LVL51:
 648              	.LFB156:
 395:USB_HOST/Target/usbh_conf.c **** 
 396:USB_HOST/Target/usbh_conf.c **** /**
 397:USB_HOST/Target/usbh_conf.c ****   * @brief  Submit a new URB to the low level driver.
ARM GAS  /tmp/ccIbHQr3.s 			page 20


 398:USB_HOST/Target/usbh_conf.c ****   * @param  phost: Host handle
 399:USB_HOST/Target/usbh_conf.c ****   * @param  pipe: Pipe index
 400:USB_HOST/Target/usbh_conf.c ****   *         This parameter can be a value from 1 to 15
 401:USB_HOST/Target/usbh_conf.c ****   * @param  direction : Channel number
 402:USB_HOST/Target/usbh_conf.c ****   *          This parameter can be one of the these values:
 403:USB_HOST/Target/usbh_conf.c ****   *           0 : Output
 404:USB_HOST/Target/usbh_conf.c ****   *           1 : Input
 405:USB_HOST/Target/usbh_conf.c ****   * @param  ep_type : Endpoint Type
 406:USB_HOST/Target/usbh_conf.c ****   *          This parameter can be one of the these values:
 407:USB_HOST/Target/usbh_conf.c ****   *            @arg EP_TYPE_CTRL: Control type
 408:USB_HOST/Target/usbh_conf.c ****   *            @arg EP_TYPE_ISOC: Isochrounous type
 409:USB_HOST/Target/usbh_conf.c ****   *            @arg EP_TYPE_BULK: Bulk type
 410:USB_HOST/Target/usbh_conf.c ****   *            @arg EP_TYPE_INTR: Interrupt type
 411:USB_HOST/Target/usbh_conf.c ****   * @param  token : Endpoint Type
 412:USB_HOST/Target/usbh_conf.c ****   *          This parameter can be one of the these values:
 413:USB_HOST/Target/usbh_conf.c ****   *            @arg 0: PID_SETUP
 414:USB_HOST/Target/usbh_conf.c ****   *            @arg 1: PID_DATA
 415:USB_HOST/Target/usbh_conf.c ****   * @param  pbuff : pointer to URB data
 416:USB_HOST/Target/usbh_conf.c ****   * @param  length : Length of URB data
 417:USB_HOST/Target/usbh_conf.c ****   * @param  do_ping : activate do ping protocol (for high speed only)
 418:USB_HOST/Target/usbh_conf.c ****   *          This parameter can be one of the these values:
 419:USB_HOST/Target/usbh_conf.c ****   *           0 : do ping inactive
 420:USB_HOST/Target/usbh_conf.c ****   *           1 : do ping active
 421:USB_HOST/Target/usbh_conf.c ****   * @retval Status
 422:USB_HOST/Target/usbh_conf.c ****   */
 423:USB_HOST/Target/usbh_conf.c **** USBH_StatusTypeDef USBH_LL_SubmitURB(USBH_HandleTypeDef *phost, uint8_t pipe, uint8_t direction,
 424:USB_HOST/Target/usbh_conf.c ****                                      uint8_t ep_type, uint8_t token, uint8_t *pbuff, uint16_t lengt
 425:USB_HOST/Target/usbh_conf.c ****                                      uint8_t do_ping)
 426:USB_HOST/Target/usbh_conf.c **** {
 427:USB_HOST/Target/usbh_conf.c ****   HAL_StatusTypeDef hal_status = HAL_OK;
 428:USB_HOST/Target/usbh_conf.c ****   USBH_StatusTypeDef usb_status = USBH_OK;
 429:USB_HOST/Target/usbh_conf.c **** 
 430:USB_HOST/Target/usbh_conf.c ****   hal_status = HAL_HCD_HC_SubmitRequest(phost->pData, pipe, direction ,
 431:USB_HOST/Target/usbh_conf.c ****                                         ep_type, token, pbuff, length,
 432:USB_HOST/Target/usbh_conf.c ****                                         do_ping);
 433:USB_HOST/Target/usbh_conf.c ****   usb_status =  USBH_Get_USB_Status(hal_status);
 434:USB_HOST/Target/usbh_conf.c **** 
 435:USB_HOST/Target/usbh_conf.c ****   return usb_status;
 436:USB_HOST/Target/usbh_conf.c **** }
 437:USB_HOST/Target/usbh_conf.c **** 
 438:USB_HOST/Target/usbh_conf.c **** /**
 439:USB_HOST/Target/usbh_conf.c ****   * @brief  Get a URB state from the low level driver.
 440:USB_HOST/Target/usbh_conf.c ****   * @param  phost: Host handle
 441:USB_HOST/Target/usbh_conf.c ****   * @param  pipe: Pipe index
 442:USB_HOST/Target/usbh_conf.c ****   *         This parameter can be a value from 1 to 15
 443:USB_HOST/Target/usbh_conf.c ****   * @retval URB state
 444:USB_HOST/Target/usbh_conf.c ****   *          This parameter can be one of the these values:
 445:USB_HOST/Target/usbh_conf.c ****   *            @arg URB_IDLE
 446:USB_HOST/Target/usbh_conf.c ****   *            @arg URB_DONE
 447:USB_HOST/Target/usbh_conf.c ****   *            @arg URB_NOTREADY
 448:USB_HOST/Target/usbh_conf.c ****   *            @arg URB_NYET
 449:USB_HOST/Target/usbh_conf.c ****   *            @arg URB_ERROR
 450:USB_HOST/Target/usbh_conf.c ****   *            @arg URB_STALL
 451:USB_HOST/Target/usbh_conf.c ****   */
 452:USB_HOST/Target/usbh_conf.c **** USBH_URBStateTypeDef USBH_LL_GetURBState(USBH_HandleTypeDef *phost, uint8_t pipe)
 453:USB_HOST/Target/usbh_conf.c **** {
 649              		.loc 1 453 1 is_stmt 1 view -0
ARM GAS  /tmp/ccIbHQr3.s 			page 21


 650              		.cfi_startproc
 651              		@ args = 0, pretend = 0, frame = 0
 652              		@ frame_needed = 0, uses_anonymous_args = 0
 653              		.loc 1 453 1 is_stmt 0 view .LVU146
 654 0000 08B5     		push	{r3, lr}
 655              	.LCFI13:
 656              		.cfi_def_cfa_offset 8
 657              		.cfi_offset 3, -8
 658              		.cfi_offset 14, -4
 454:USB_HOST/Target/usbh_conf.c ****   return (USBH_URBStateTypeDef)HAL_HCD_HC_GetURBState (phost->pData, pipe);
 659              		.loc 1 454 3 is_stmt 1 view .LVU147
 660              		.loc 1 454 32 is_stmt 0 view .LVU148
 661 0002 D0F8D003 		ldr	r0, [r0, #976]
 662              	.LVL52:
 663              		.loc 1 454 32 view .LVU149
 664 0006 FFF7FEFF 		bl	HAL_HCD_HC_GetURBState
 665              	.LVL53:
 455:USB_HOST/Target/usbh_conf.c **** }
 666              		.loc 1 455 1 view .LVU150
 667 000a 08BD     		pop	{r3, pc}
 668              		.cfi_endproc
 669              	.LFE156:
 671              		.section	.text.USBH_LL_DriverVBUS,"ax",%progbits
 672              		.align	1
 673              		.global	USBH_LL_DriverVBUS
 674              		.syntax unified
 675              		.thumb
 676              		.thumb_func
 678              	USBH_LL_DriverVBUS:
 679              	.LVL54:
 680              	.LFB157:
 456:USB_HOST/Target/usbh_conf.c **** 
 457:USB_HOST/Target/usbh_conf.c **** /**
 458:USB_HOST/Target/usbh_conf.c ****   * @brief  Drive VBUS.
 459:USB_HOST/Target/usbh_conf.c ****   * @param  phost: Host handle
 460:USB_HOST/Target/usbh_conf.c ****   * @param  state : VBUS state
 461:USB_HOST/Target/usbh_conf.c ****   *          This parameter can be one of the these values:
 462:USB_HOST/Target/usbh_conf.c ****   *           0 : VBUS Inactive
 463:USB_HOST/Target/usbh_conf.c ****   *           1 : VBUS Active
 464:USB_HOST/Target/usbh_conf.c ****   * @retval Status
 465:USB_HOST/Target/usbh_conf.c ****   */
 466:USB_HOST/Target/usbh_conf.c **** USBH_StatusTypeDef USBH_LL_DriverVBUS(USBH_HandleTypeDef *phost, uint8_t state)
 467:USB_HOST/Target/usbh_conf.c **** {
 681              		.loc 1 467 1 is_stmt 1 view -0
 682              		.cfi_startproc
 683              		@ args = 0, pretend = 0, frame = 0
 684              		@ frame_needed = 0, uses_anonymous_args = 0
 685              		.loc 1 467 1 is_stmt 0 view .LVU152
 686 0000 08B5     		push	{r3, lr}
 687              	.LCFI14:
 688              		.cfi_def_cfa_offset 8
 689              		.cfi_offset 3, -8
 690              		.cfi_offset 14, -4
 468:USB_HOST/Target/usbh_conf.c ****   if (phost->id == HOST_FS) {
 691              		.loc 1 468 3 is_stmt 1 view .LVU153
 692              		.loc 1 468 12 is_stmt 0 view .LVU154
 693 0002 90F8CC33 		ldrb	r3, [r0, #972]	@ zero_extendqisi2
ARM GAS  /tmp/ccIbHQr3.s 			page 22


 694              		.loc 1 468 6 view .LVU155
 695 0006 012B     		cmp	r3, #1
 696 0008 04D0     		beq	.L50
 697              	.LVL55:
 698              	.L48:
 469:USB_HOST/Target/usbh_conf.c ****     MX_DriverVbusFS(state);
 470:USB_HOST/Target/usbh_conf.c ****   }
 471:USB_HOST/Target/usbh_conf.c **** 
 472:USB_HOST/Target/usbh_conf.c ****   /* USER CODE BEGIN 0 */
 473:USB_HOST/Target/usbh_conf.c **** 
 474:USB_HOST/Target/usbh_conf.c ****   /* USER CODE END 0*/
 475:USB_HOST/Target/usbh_conf.c **** 
 476:USB_HOST/Target/usbh_conf.c ****   HAL_Delay(200);
 699              		.loc 1 476 3 is_stmt 1 view .LVU156
 700 000a C820     		movs	r0, #200
 701 000c FFF7FEFF 		bl	HAL_Delay
 702              	.LVL56:
 477:USB_HOST/Target/usbh_conf.c ****   return USBH_OK;
 703              		.loc 1 477 3 view .LVU157
 478:USB_HOST/Target/usbh_conf.c **** }
 704              		.loc 1 478 1 is_stmt 0 view .LVU158
 705 0010 0020     		movs	r0, #0
 706 0012 08BD     		pop	{r3, pc}
 707              	.LVL57:
 708              	.L50:
 469:USB_HOST/Target/usbh_conf.c ****     MX_DriverVbusFS(state);
 709              		.loc 1 469 5 is_stmt 1 view .LVU159
 710 0014 0846     		mov	r0, r1
 711              	.LVL58:
 469:USB_HOST/Target/usbh_conf.c ****     MX_DriverVbusFS(state);
 712              		.loc 1 469 5 is_stmt 0 view .LVU160
 713 0016 FFF7FEFF 		bl	MX_DriverVbusFS
 714              	.LVL59:
 469:USB_HOST/Target/usbh_conf.c ****     MX_DriverVbusFS(state);
 715              		.loc 1 469 5 view .LVU161
 716 001a F6E7     		b	.L48
 717              		.cfi_endproc
 718              	.LFE157:
 720              		.section	.text.USBH_LL_SetToggle,"ax",%progbits
 721              		.align	1
 722              		.global	USBH_LL_SetToggle
 723              		.syntax unified
 724              		.thumb
 725              		.thumb_func
 727              	USBH_LL_SetToggle:
 728              	.LVL60:
 729              	.LFB158:
 479:USB_HOST/Target/usbh_conf.c **** 
 480:USB_HOST/Target/usbh_conf.c **** /**
 481:USB_HOST/Target/usbh_conf.c ****   * @brief  Set toggle for a pipe.
 482:USB_HOST/Target/usbh_conf.c ****   * @param  phost: Host handle
 483:USB_HOST/Target/usbh_conf.c ****   * @param  pipe: Pipe index
 484:USB_HOST/Target/usbh_conf.c ****   * @param  toggle: toggle (0/1)
 485:USB_HOST/Target/usbh_conf.c ****   * @retval Status
 486:USB_HOST/Target/usbh_conf.c ****   */
 487:USB_HOST/Target/usbh_conf.c **** USBH_StatusTypeDef USBH_LL_SetToggle(USBH_HandleTypeDef *phost, uint8_t pipe, uint8_t toggle)
 488:USB_HOST/Target/usbh_conf.c **** {
ARM GAS  /tmp/ccIbHQr3.s 			page 23


 730              		.loc 1 488 1 is_stmt 1 view -0
 731              		.cfi_startproc
 732              		@ args = 0, pretend = 0, frame = 0
 733              		@ frame_needed = 0, uses_anonymous_args = 0
 734              		@ link register save eliminated.
 489:USB_HOST/Target/usbh_conf.c ****   HCD_HandleTypeDef *pHandle;
 735              		.loc 1 489 3 view .LVU163
 490:USB_HOST/Target/usbh_conf.c ****   pHandle = phost->pData;
 736              		.loc 1 490 3 view .LVU164
 737              		.loc 1 490 11 is_stmt 0 view .LVU165
 738 0000 D0F8D033 		ldr	r3, [r0, #976]
 739              	.LVL61:
 491:USB_HOST/Target/usbh_conf.c **** 
 492:USB_HOST/Target/usbh_conf.c ****   if(pHandle->hc[pipe].ep_is_in)
 740              		.loc 1 492 3 is_stmt 1 view .LVU166
 741              		.loc 1 492 23 is_stmt 0 view .LVU167
 742 0004 C1EB0110 		rsb	r0, r1, r1, lsl #4
 743              	.LVL62:
 744              		.loc 1 492 23 view .LVU168
 745 0008 03EB8000 		add	r0, r3, r0, lsl #2
 746 000c C07D     		ldrb	r0, [r0, #23]	@ zero_extendqisi2
 747              		.loc 1 492 5 view .LVU169
 748 000e 38B1     		cbz	r0, .L52
 493:USB_HOST/Target/usbh_conf.c ****   {
 494:USB_HOST/Target/usbh_conf.c ****     pHandle->hc[pipe].toggle_in = toggle;
 749              		.loc 1 494 5 is_stmt 1 view .LVU170
 750              		.loc 1 494 33 is_stmt 0 view .LVU171
 751 0010 C1EB0111 		rsb	r1, r1, r1, lsl #4
 752              	.LVL63:
 753              		.loc 1 494 33 view .LVU172
 754 0014 03EB8103 		add	r3, r3, r1, lsl #2
 755              	.LVL64:
 756              		.loc 1 494 33 view .LVU173
 757 0018 83F83C20 		strb	r2, [r3, #60]
 758              	.LVL65:
 759              	.L53:
 495:USB_HOST/Target/usbh_conf.c ****   }
 496:USB_HOST/Target/usbh_conf.c ****   else
 497:USB_HOST/Target/usbh_conf.c ****   {
 498:USB_HOST/Target/usbh_conf.c ****     pHandle->hc[pipe].toggle_out = toggle;
 499:USB_HOST/Target/usbh_conf.c ****   }
 500:USB_HOST/Target/usbh_conf.c **** 
 501:USB_HOST/Target/usbh_conf.c ****   return USBH_OK;
 760              		.loc 1 501 3 is_stmt 1 view .LVU174
 502:USB_HOST/Target/usbh_conf.c **** }
 761              		.loc 1 502 1 is_stmt 0 view .LVU175
 762 001c 0020     		movs	r0, #0
 763 001e 7047     		bx	lr
 764              	.LVL66:
 765              	.L52:
 498:USB_HOST/Target/usbh_conf.c ****   }
 766              		.loc 1 498 5 is_stmt 1 view .LVU176
 498:USB_HOST/Target/usbh_conf.c ****   }
 767              		.loc 1 498 34 is_stmt 0 view .LVU177
 768 0020 C1EB0111 		rsb	r1, r1, r1, lsl #4
 769              	.LVL67:
 498:USB_HOST/Target/usbh_conf.c ****   }
ARM GAS  /tmp/ccIbHQr3.s 			page 24


 770              		.loc 1 498 34 view .LVU178
 771 0024 03EB8103 		add	r3, r3, r1, lsl #2
 772              	.LVL68:
 498:USB_HOST/Target/usbh_conf.c ****   }
 773              		.loc 1 498 34 view .LVU179
 774 0028 83F83D20 		strb	r2, [r3, #61]
 775              	.LVL69:
 498:USB_HOST/Target/usbh_conf.c ****   }
 776              		.loc 1 498 34 view .LVU180
 777 002c F6E7     		b	.L53
 778              		.cfi_endproc
 779              	.LFE158:
 781              		.section	.text.USBH_LL_GetToggle,"ax",%progbits
 782              		.align	1
 783              		.global	USBH_LL_GetToggle
 784              		.syntax unified
 785              		.thumb
 786              		.thumb_func
 788              	USBH_LL_GetToggle:
 789              	.LVL70:
 790              	.LFB159:
 503:USB_HOST/Target/usbh_conf.c **** 
 504:USB_HOST/Target/usbh_conf.c **** /**
 505:USB_HOST/Target/usbh_conf.c ****   * @brief  Return the current toggle of a pipe.
 506:USB_HOST/Target/usbh_conf.c ****   * @param  phost: Host handle
 507:USB_HOST/Target/usbh_conf.c ****   * @param  pipe: Pipe index
 508:USB_HOST/Target/usbh_conf.c ****   * @retval toggle (0/1)
 509:USB_HOST/Target/usbh_conf.c ****   */
 510:USB_HOST/Target/usbh_conf.c **** uint8_t USBH_LL_GetToggle(USBH_HandleTypeDef *phost, uint8_t pipe)
 511:USB_HOST/Target/usbh_conf.c **** {
 791              		.loc 1 511 1 is_stmt 1 view -0
 792              		.cfi_startproc
 793              		@ args = 0, pretend = 0, frame = 0
 794              		@ frame_needed = 0, uses_anonymous_args = 0
 795              		@ link register save eliminated.
 512:USB_HOST/Target/usbh_conf.c ****   uint8_t toggle = 0;
 796              		.loc 1 512 3 view .LVU182
 513:USB_HOST/Target/usbh_conf.c ****   HCD_HandleTypeDef *pHandle;
 797              		.loc 1 513 3 view .LVU183
 514:USB_HOST/Target/usbh_conf.c ****   pHandle = phost->pData;
 798              		.loc 1 514 3 view .LVU184
 799              		.loc 1 514 11 is_stmt 0 view .LVU185
 800 0000 D0F8D033 		ldr	r3, [r0, #976]
 801              	.LVL71:
 515:USB_HOST/Target/usbh_conf.c **** 
 516:USB_HOST/Target/usbh_conf.c ****   if(pHandle->hc[pipe].ep_is_in)
 802              		.loc 1 516 3 is_stmt 1 view .LVU186
 803              		.loc 1 516 23 is_stmt 0 view .LVU187
 804 0004 C1EB0112 		rsb	r2, r1, r1, lsl #4
 805 0008 03EB8202 		add	r2, r3, r2, lsl #2
 806 000c D27D     		ldrb	r2, [r2, #23]	@ zero_extendqisi2
 807              		.loc 1 516 5 view .LVU188
 808 000e 32B1     		cbz	r2, .L55
 517:USB_HOST/Target/usbh_conf.c ****   {
 518:USB_HOST/Target/usbh_conf.c ****     toggle = pHandle->hc[pipe].toggle_in;
 809              		.loc 1 518 5 is_stmt 1 view .LVU189
 810              		.loc 1 518 12 is_stmt 0 view .LVU190
ARM GAS  /tmp/ccIbHQr3.s 			page 25


 811 0010 C1EB0111 		rsb	r1, r1, r1, lsl #4
 812              	.LVL72:
 813              		.loc 1 518 12 view .LVU191
 814 0014 03EB8103 		add	r3, r3, r1, lsl #2
 815              	.LVL73:
 816              		.loc 1 518 12 view .LVU192
 817 0018 93F83C00 		ldrb	r0, [r3, #60]	@ zero_extendqisi2
 818              	.LVL74:
 819              		.loc 1 518 12 view .LVU193
 820 001c 7047     		bx	lr
 821              	.LVL75:
 822              	.L55:
 519:USB_HOST/Target/usbh_conf.c ****   }
 520:USB_HOST/Target/usbh_conf.c ****   else
 521:USB_HOST/Target/usbh_conf.c ****   {
 522:USB_HOST/Target/usbh_conf.c ****     toggle = pHandle->hc[pipe].toggle_out;
 823              		.loc 1 522 5 is_stmt 1 view .LVU194
 824              		.loc 1 522 12 is_stmt 0 view .LVU195
 825 001e C1EB0111 		rsb	r1, r1, r1, lsl #4
 826              	.LVL76:
 827              		.loc 1 522 12 view .LVU196
 828 0022 03EB8103 		add	r3, r3, r1, lsl #2
 829              	.LVL77:
 830              		.loc 1 522 12 view .LVU197
 831 0026 93F83D00 		ldrb	r0, [r3, #61]	@ zero_extendqisi2
 832              	.LVL78:
 523:USB_HOST/Target/usbh_conf.c ****   }
 524:USB_HOST/Target/usbh_conf.c ****   return toggle;
 833              		.loc 1 524 3 is_stmt 1 view .LVU198
 525:USB_HOST/Target/usbh_conf.c **** }
 834              		.loc 1 525 1 is_stmt 0 view .LVU199
 835 002a 7047     		bx	lr
 836              		.cfi_endproc
 837              	.LFE159:
 839              		.section	.text.USBH_Delay,"ax",%progbits
 840              		.align	1
 841              		.global	USBH_Delay
 842              		.syntax unified
 843              		.thumb
 844              		.thumb_func
 846              	USBH_Delay:
 847              	.LVL79:
 848              	.LFB160:
 526:USB_HOST/Target/usbh_conf.c **** 
 527:USB_HOST/Target/usbh_conf.c **** /**
 528:USB_HOST/Target/usbh_conf.c ****   * @brief  Delay routine for the USB Host Library
 529:USB_HOST/Target/usbh_conf.c ****   * @param  Delay: Delay in ms
 530:USB_HOST/Target/usbh_conf.c ****   * @retval None
 531:USB_HOST/Target/usbh_conf.c ****   */
 532:USB_HOST/Target/usbh_conf.c **** void USBH_Delay(uint32_t Delay)
 533:USB_HOST/Target/usbh_conf.c **** {
 849              		.loc 1 533 1 is_stmt 1 view -0
 850              		.cfi_startproc
 851              		@ args = 0, pretend = 0, frame = 0
 852              		@ frame_needed = 0, uses_anonymous_args = 0
 853              		.loc 1 533 1 is_stmt 0 view .LVU201
 854 0000 08B5     		push	{r3, lr}
ARM GAS  /tmp/ccIbHQr3.s 			page 26


 855              	.LCFI15:
 856              		.cfi_def_cfa_offset 8
 857              		.cfi_offset 3, -8
 858              		.cfi_offset 14, -4
 534:USB_HOST/Target/usbh_conf.c ****   HAL_Delay(Delay);
 859              		.loc 1 534 3 is_stmt 1 view .LVU202
 860 0002 FFF7FEFF 		bl	HAL_Delay
 861              	.LVL80:
 535:USB_HOST/Target/usbh_conf.c **** }
 862              		.loc 1 535 1 is_stmt 0 view .LVU203
 863 0006 08BD     		pop	{r3, pc}
 864              		.cfi_endproc
 865              	.LFE160:
 867              		.section	.text.USBH_Get_USB_Status,"ax",%progbits
 868              		.align	1
 869              		.global	USBH_Get_USB_Status
 870              		.syntax unified
 871              		.thumb
 872              		.thumb_func
 874              	USBH_Get_USB_Status:
 875              	.LVL81:
 876              	.LFB161:
 536:USB_HOST/Target/usbh_conf.c **** 
 537:USB_HOST/Target/usbh_conf.c **** /**
 538:USB_HOST/Target/usbh_conf.c ****   * @brief  Returns the USB status depending on the HAL status:
 539:USB_HOST/Target/usbh_conf.c ****   * @param  hal_status: HAL status
 540:USB_HOST/Target/usbh_conf.c ****   * @retval USB status
 541:USB_HOST/Target/usbh_conf.c ****   */
 542:USB_HOST/Target/usbh_conf.c **** USBH_StatusTypeDef USBH_Get_USB_Status(HAL_StatusTypeDef hal_status)
 543:USB_HOST/Target/usbh_conf.c **** {
 877              		.loc 1 543 1 is_stmt 1 view -0
 878              		.cfi_startproc
 879              		@ args = 0, pretend = 0, frame = 0
 880              		@ frame_needed = 0, uses_anonymous_args = 0
 881              		@ link register save eliminated.
 544:USB_HOST/Target/usbh_conf.c ****   USBH_StatusTypeDef usb_status = USBH_OK;
 882              		.loc 1 544 3 view .LVU205
 545:USB_HOST/Target/usbh_conf.c **** 
 546:USB_HOST/Target/usbh_conf.c ****   switch (hal_status)
 883              		.loc 1 546 3 view .LVU206
 884 0000 0228     		cmp	r0, #2
 885 0002 04D0     		beq	.L61
 886 0004 05D8     		bhi	.L62
 887 0006 08B1     		cbz	r0, .L64
 547:USB_HOST/Target/usbh_conf.c ****   {
 548:USB_HOST/Target/usbh_conf.c ****     case HAL_OK :
 549:USB_HOST/Target/usbh_conf.c ****       usb_status = USBH_OK;
 550:USB_HOST/Target/usbh_conf.c ****     break;
 551:USB_HOST/Target/usbh_conf.c ****     case HAL_ERROR :
 552:USB_HOST/Target/usbh_conf.c ****       usb_status = USBH_FAIL;
 888              		.loc 1 552 18 is_stmt 0 view .LVU207
 889 0008 0220     		movs	r0, #2
 890              	.LVL82:
 553:USB_HOST/Target/usbh_conf.c ****     break;
 554:USB_HOST/Target/usbh_conf.c ****     case HAL_BUSY :
 555:USB_HOST/Target/usbh_conf.c ****       usb_status = USBH_BUSY;
 556:USB_HOST/Target/usbh_conf.c ****     break;
ARM GAS  /tmp/ccIbHQr3.s 			page 27


 557:USB_HOST/Target/usbh_conf.c ****     case HAL_TIMEOUT :
 558:USB_HOST/Target/usbh_conf.c ****       usb_status = USBH_FAIL;
 559:USB_HOST/Target/usbh_conf.c ****     break;
 560:USB_HOST/Target/usbh_conf.c ****     default :
 561:USB_HOST/Target/usbh_conf.c ****       usb_status = USBH_FAIL;
 562:USB_HOST/Target/usbh_conf.c ****     break;
 563:USB_HOST/Target/usbh_conf.c ****   }
 564:USB_HOST/Target/usbh_conf.c ****   return usb_status;
 891              		.loc 1 564 3 is_stmt 1 view .LVU208
 565:USB_HOST/Target/usbh_conf.c **** }
 892              		.loc 1 565 1 is_stmt 0 view .LVU209
 893 000a 7047     		bx	lr
 894              	.LVL83:
 895              	.L64:
 896              		.loc 1 565 1 view .LVU210
 897 000c 7047     		bx	lr
 898              	.L61:
 555:USB_HOST/Target/usbh_conf.c ****     break;
 899              		.loc 1 555 18 view .LVU211
 900 000e 0120     		movs	r0, #1
 901              	.LVL84:
 555:USB_HOST/Target/usbh_conf.c ****     break;
 902              		.loc 1 555 18 view .LVU212
 903 0010 7047     		bx	lr
 904              	.LVL85:
 905              	.L62:
 558:USB_HOST/Target/usbh_conf.c ****     break;
 906              		.loc 1 558 18 view .LVU213
 907 0012 0220     		movs	r0, #2
 908              	.LVL86:
 558:USB_HOST/Target/usbh_conf.c ****     break;
 909              		.loc 1 558 18 view .LVU214
 910 0014 7047     		bx	lr
 911              		.cfi_endproc
 912              	.LFE161:
 914              		.section	.text.USBH_LL_DeInit,"ax",%progbits
 915              		.align	1
 916              		.global	USBH_LL_DeInit
 917              		.syntax unified
 918              		.thumb
 919              		.thumb_func
 921              	USBH_LL_DeInit:
 922              	.LVL87:
 923              	.LFB146:
 232:USB_HOST/Target/usbh_conf.c ****   HAL_StatusTypeDef hal_status = HAL_OK;
 924              		.loc 1 232 1 is_stmt 1 view -0
 925              		.cfi_startproc
 926              		@ args = 0, pretend = 0, frame = 0
 927              		@ frame_needed = 0, uses_anonymous_args = 0
 232:USB_HOST/Target/usbh_conf.c ****   HAL_StatusTypeDef hal_status = HAL_OK;
 928              		.loc 1 232 1 is_stmt 0 view .LVU216
 929 0000 08B5     		push	{r3, lr}
 930              	.LCFI16:
 931              		.cfi_def_cfa_offset 8
 932              		.cfi_offset 3, -8
 933              		.cfi_offset 14, -4
 233:USB_HOST/Target/usbh_conf.c ****   USBH_StatusTypeDef usb_status = USBH_OK;
ARM GAS  /tmp/ccIbHQr3.s 			page 28


 934              		.loc 1 233 3 is_stmt 1 view .LVU217
 935              	.LVL88:
 234:USB_HOST/Target/usbh_conf.c **** 
 936              		.loc 1 234 3 view .LVU218
 236:USB_HOST/Target/usbh_conf.c **** 
 937              		.loc 1 236 3 view .LVU219
 236:USB_HOST/Target/usbh_conf.c **** 
 938              		.loc 1 236 16 is_stmt 0 view .LVU220
 939 0002 D0F8D003 		ldr	r0, [r0, #976]
 940              	.LVL89:
 236:USB_HOST/Target/usbh_conf.c **** 
 941              		.loc 1 236 16 view .LVU221
 942 0006 FFF7FEFF 		bl	HAL_HCD_DeInit
 943              	.LVL90:
 238:USB_HOST/Target/usbh_conf.c **** 
 944              		.loc 1 238 3 is_stmt 1 view .LVU222
 238:USB_HOST/Target/usbh_conf.c **** 
 945              		.loc 1 238 16 is_stmt 0 view .LVU223
 946 000a FFF7FEFF 		bl	USBH_Get_USB_Status
 947              	.LVL91:
 240:USB_HOST/Target/usbh_conf.c **** }
 948              		.loc 1 240 3 is_stmt 1 view .LVU224
 241:USB_HOST/Target/usbh_conf.c **** 
 949              		.loc 1 241 1 is_stmt 0 view .LVU225
 950 000e 08BD     		pop	{r3, pc}
 951              		.cfi_endproc
 952              	.LFE146:
 954              		.section	.text.USBH_LL_Start,"ax",%progbits
 955              		.align	1
 956              		.global	USBH_LL_Start
 957              		.syntax unified
 958              		.thumb
 959              		.thumb_func
 961              	USBH_LL_Start:
 962              	.LVL92:
 963              	.LFB147:
 249:USB_HOST/Target/usbh_conf.c ****   HAL_StatusTypeDef hal_status = HAL_OK;
 964              		.loc 1 249 1 is_stmt 1 view -0
 965              		.cfi_startproc
 966              		@ args = 0, pretend = 0, frame = 0
 967              		@ frame_needed = 0, uses_anonymous_args = 0
 249:USB_HOST/Target/usbh_conf.c ****   HAL_StatusTypeDef hal_status = HAL_OK;
 968              		.loc 1 249 1 is_stmt 0 view .LVU227
 969 0000 08B5     		push	{r3, lr}
 970              	.LCFI17:
 971              		.cfi_def_cfa_offset 8
 972              		.cfi_offset 3, -8
 973              		.cfi_offset 14, -4
 250:USB_HOST/Target/usbh_conf.c ****   USBH_StatusTypeDef usb_status = USBH_OK;
 974              		.loc 1 250 3 is_stmt 1 view .LVU228
 975              	.LVL93:
 251:USB_HOST/Target/usbh_conf.c **** 
 976              		.loc 1 251 3 view .LVU229
 253:USB_HOST/Target/usbh_conf.c **** 
 977              		.loc 1 253 3 view .LVU230
 253:USB_HOST/Target/usbh_conf.c **** 
 978              		.loc 1 253 16 is_stmt 0 view .LVU231
ARM GAS  /tmp/ccIbHQr3.s 			page 29


 979 0002 D0F8D003 		ldr	r0, [r0, #976]
 980              	.LVL94:
 253:USB_HOST/Target/usbh_conf.c **** 
 981              		.loc 1 253 16 view .LVU232
 982 0006 FFF7FEFF 		bl	HAL_HCD_Start
 983              	.LVL95:
 255:USB_HOST/Target/usbh_conf.c **** 
 984              		.loc 1 255 3 is_stmt 1 view .LVU233
 255:USB_HOST/Target/usbh_conf.c **** 
 985              		.loc 1 255 16 is_stmt 0 view .LVU234
 986 000a FFF7FEFF 		bl	USBH_Get_USB_Status
 987              	.LVL96:
 257:USB_HOST/Target/usbh_conf.c **** }
 988              		.loc 1 257 3 is_stmt 1 view .LVU235
 258:USB_HOST/Target/usbh_conf.c **** 
 989              		.loc 1 258 1 is_stmt 0 view .LVU236
 990 000e 08BD     		pop	{r3, pc}
 991              		.cfi_endproc
 992              	.LFE147:
 994              		.section	.text.USBH_LL_Stop,"ax",%progbits
 995              		.align	1
 996              		.global	USBH_LL_Stop
 997              		.syntax unified
 998              		.thumb
 999              		.thumb_func
 1001              	USBH_LL_Stop:
 1002              	.LVL97:
 1003              	.LFB148:
 266:USB_HOST/Target/usbh_conf.c ****   HAL_StatusTypeDef hal_status = HAL_OK;
 1004              		.loc 1 266 1 is_stmt 1 view -0
 1005              		.cfi_startproc
 1006              		@ args = 0, pretend = 0, frame = 0
 1007              		@ frame_needed = 0, uses_anonymous_args = 0
 266:USB_HOST/Target/usbh_conf.c ****   HAL_StatusTypeDef hal_status = HAL_OK;
 1008              		.loc 1 266 1 is_stmt 0 view .LVU238
 1009 0000 08B5     		push	{r3, lr}
 1010              	.LCFI18:
 1011              		.cfi_def_cfa_offset 8
 1012              		.cfi_offset 3, -8
 1013              		.cfi_offset 14, -4
 267:USB_HOST/Target/usbh_conf.c ****   USBH_StatusTypeDef usb_status = USBH_OK;
 1014              		.loc 1 267 3 is_stmt 1 view .LVU239
 1015              	.LVL98:
 268:USB_HOST/Target/usbh_conf.c **** 
 1016              		.loc 1 268 3 view .LVU240
 270:USB_HOST/Target/usbh_conf.c **** 
 1017              		.loc 1 270 3 view .LVU241
 270:USB_HOST/Target/usbh_conf.c **** 
 1018              		.loc 1 270 16 is_stmt 0 view .LVU242
 1019 0002 D0F8D003 		ldr	r0, [r0, #976]
 1020              	.LVL99:
 270:USB_HOST/Target/usbh_conf.c **** 
 1021              		.loc 1 270 16 view .LVU243
 1022 0006 FFF7FEFF 		bl	HAL_HCD_Stop
 1023              	.LVL100:
 272:USB_HOST/Target/usbh_conf.c **** 
 1024              		.loc 1 272 3 is_stmt 1 view .LVU244
ARM GAS  /tmp/ccIbHQr3.s 			page 30


 272:USB_HOST/Target/usbh_conf.c **** 
 1025              		.loc 1 272 16 is_stmt 0 view .LVU245
 1026 000a FFF7FEFF 		bl	USBH_Get_USB_Status
 1027              	.LVL101:
 274:USB_HOST/Target/usbh_conf.c **** }
 1028              		.loc 1 274 3 is_stmt 1 view .LVU246
 275:USB_HOST/Target/usbh_conf.c **** 
 1029              		.loc 1 275 1 is_stmt 0 view .LVU247
 1030 000e 08BD     		pop	{r3, pc}
 1031              		.cfi_endproc
 1032              	.LFE148:
 1034              		.section	.text.USBH_LL_ResetPort,"ax",%progbits
 1035              		.align	1
 1036              		.global	USBH_LL_ResetPort
 1037              		.syntax unified
 1038              		.thumb
 1039              		.thumb_func
 1041              	USBH_LL_ResetPort:
 1042              	.LVL102:
 1043              	.LFB150:
 313:USB_HOST/Target/usbh_conf.c ****   HAL_StatusTypeDef hal_status = HAL_OK;
 1044              		.loc 1 313 1 is_stmt 1 view -0
 1045              		.cfi_startproc
 1046              		@ args = 0, pretend = 0, frame = 0
 1047              		@ frame_needed = 0, uses_anonymous_args = 0
 313:USB_HOST/Target/usbh_conf.c ****   HAL_StatusTypeDef hal_status = HAL_OK;
 1048              		.loc 1 313 1 is_stmt 0 view .LVU249
 1049 0000 08B5     		push	{r3, lr}
 1050              	.LCFI19:
 1051              		.cfi_def_cfa_offset 8
 1052              		.cfi_offset 3, -8
 1053              		.cfi_offset 14, -4
 314:USB_HOST/Target/usbh_conf.c ****   USBH_StatusTypeDef usb_status = USBH_OK;
 1054              		.loc 1 314 3 is_stmt 1 view .LVU250
 1055              	.LVL103:
 315:USB_HOST/Target/usbh_conf.c **** 
 1056              		.loc 1 315 3 view .LVU251
 317:USB_HOST/Target/usbh_conf.c **** 
 1057              		.loc 1 317 3 view .LVU252
 317:USB_HOST/Target/usbh_conf.c **** 
 1058              		.loc 1 317 16 is_stmt 0 view .LVU253
 1059 0002 D0F8D003 		ldr	r0, [r0, #976]
 1060              	.LVL104:
 317:USB_HOST/Target/usbh_conf.c **** 
 1061              		.loc 1 317 16 view .LVU254
 1062 0006 FFF7FEFF 		bl	HAL_HCD_ResetPort
 1063              	.LVL105:
 319:USB_HOST/Target/usbh_conf.c **** 
 1064              		.loc 1 319 3 is_stmt 1 view .LVU255
 319:USB_HOST/Target/usbh_conf.c **** 
 1065              		.loc 1 319 16 is_stmt 0 view .LVU256
 1066 000a FFF7FEFF 		bl	USBH_Get_USB_Status
 1067              	.LVL106:
 321:USB_HOST/Target/usbh_conf.c **** }
 1068              		.loc 1 321 3 is_stmt 1 view .LVU257
 322:USB_HOST/Target/usbh_conf.c **** 
 1069              		.loc 1 322 1 is_stmt 0 view .LVU258
ARM GAS  /tmp/ccIbHQr3.s 			page 31


 1070 000e 08BD     		pop	{r3, pc}
 1071              		.cfi_endproc
 1072              	.LFE150:
 1074              		.section	.text.USBH_LL_OpenPipe,"ax",%progbits
 1075              		.align	1
 1076              		.global	USBH_LL_OpenPipe
 1077              		.syntax unified
 1078              		.thumb
 1079              		.thumb_func
 1081              	USBH_LL_OpenPipe:
 1082              	.LVL107:
 1083              	.LFB152:
 353:USB_HOST/Target/usbh_conf.c ****   HAL_StatusTypeDef hal_status = HAL_OK;
 1084              		.loc 1 353 1 is_stmt 1 view -0
 1085              		.cfi_startproc
 1086              		@ args = 12, pretend = 0, frame = 0
 1087              		@ frame_needed = 0, uses_anonymous_args = 0
 353:USB_HOST/Target/usbh_conf.c ****   HAL_StatusTypeDef hal_status = HAL_OK;
 1088              		.loc 1 353 1 is_stmt 0 view .LVU260
 1089 0000 00B5     		push	{lr}
 1090              	.LCFI20:
 1091              		.cfi_def_cfa_offset 4
 1092              		.cfi_offset 14, -4
 1093 0002 85B0     		sub	sp, sp, #20
 1094              	.LCFI21:
 1095              		.cfi_def_cfa_offset 24
 354:USB_HOST/Target/usbh_conf.c ****   USBH_StatusTypeDef usb_status = USBH_OK;
 1096              		.loc 1 354 3 is_stmt 1 view .LVU261
 1097              	.LVL108:
 355:USB_HOST/Target/usbh_conf.c **** 
 1098              		.loc 1 355 3 view .LVU262
 357:USB_HOST/Target/usbh_conf.c ****                                dev_address, speed, ep_type, mps);
 1099              		.loc 1 357 3 view .LVU263
 357:USB_HOST/Target/usbh_conf.c ****                                dev_address, speed, ep_type, mps);
 1100              		.loc 1 357 37 is_stmt 0 view .LVU264
 1101 0004 D0F8D003 		ldr	r0, [r0, #976]
 1102              	.LVL109:
 357:USB_HOST/Target/usbh_conf.c ****                                dev_address, speed, ep_type, mps);
 1103              		.loc 1 357 16 view .LVU265
 1104 0008 BDF820C0 		ldrh	ip, [sp, #32]
 1105 000c CDF808C0 		str	ip, [sp, #8]
 1106 0010 9DF81CC0 		ldrb	ip, [sp, #28]	@ zero_extendqisi2
 1107 0014 CDF804C0 		str	ip, [sp, #4]
 1108 0018 9DF818C0 		ldrb	ip, [sp, #24]	@ zero_extendqisi2
 1109 001c CDF800C0 		str	ip, [sp]
 1110 0020 FFF7FEFF 		bl	HAL_HCD_HC_Init
 1111              	.LVL110:
 360:USB_HOST/Target/usbh_conf.c **** 
 1112              		.loc 1 360 3 is_stmt 1 view .LVU266
 360:USB_HOST/Target/usbh_conf.c **** 
 1113              		.loc 1 360 16 is_stmt 0 view .LVU267
 1114 0024 FFF7FEFF 		bl	USBH_Get_USB_Status
 1115              	.LVL111:
 362:USB_HOST/Target/usbh_conf.c **** }
 1116              		.loc 1 362 3 is_stmt 1 view .LVU268
 363:USB_HOST/Target/usbh_conf.c **** 
 1117              		.loc 1 363 1 is_stmt 0 view .LVU269
ARM GAS  /tmp/ccIbHQr3.s 			page 32


 1118 0028 05B0     		add	sp, sp, #20
 1119              	.LCFI22:
 1120              		.cfi_def_cfa_offset 4
 1121              		@ sp needed
 1122 002a 00BD     		pop	{pc}
 363:USB_HOST/Target/usbh_conf.c **** 
 1123              		.loc 1 363 1 view .LVU270
 1124              		.cfi_endproc
 1125              	.LFE152:
 1127              		.section	.text.USBH_LL_SubmitURB,"ax",%progbits
 1128              		.align	1
 1129              		.global	USBH_LL_SubmitURB
 1130              		.syntax unified
 1131              		.thumb
 1132              		.thumb_func
 1134              	USBH_LL_SubmitURB:
 1135              	.LVL112:
 1136              	.LFB155:
 426:USB_HOST/Target/usbh_conf.c ****   HAL_StatusTypeDef hal_status = HAL_OK;
 1137              		.loc 1 426 1 is_stmt 1 view -0
 1138              		.cfi_startproc
 1139              		@ args = 16, pretend = 0, frame = 0
 1140              		@ frame_needed = 0, uses_anonymous_args = 0
 426:USB_HOST/Target/usbh_conf.c ****   HAL_StatusTypeDef hal_status = HAL_OK;
 1141              		.loc 1 426 1 is_stmt 0 view .LVU272
 1142 0000 10B5     		push	{r4, lr}
 1143              	.LCFI23:
 1144              		.cfi_def_cfa_offset 8
 1145              		.cfi_offset 4, -8
 1146              		.cfi_offset 14, -4
 1147 0002 84B0     		sub	sp, sp, #16
 1148              	.LCFI24:
 1149              		.cfi_def_cfa_offset 24
 427:USB_HOST/Target/usbh_conf.c ****   USBH_StatusTypeDef usb_status = USBH_OK;
 1150              		.loc 1 427 3 is_stmt 1 view .LVU273
 1151              	.LVL113:
 428:USB_HOST/Target/usbh_conf.c **** 
 1152              		.loc 1 428 3 view .LVU274
 430:USB_HOST/Target/usbh_conf.c ****                                         ep_type, token, pbuff, length,
 1153              		.loc 1 430 3 view .LVU275
 430:USB_HOST/Target/usbh_conf.c ****                                         ep_type, token, pbuff, length,
 1154              		.loc 1 430 46 is_stmt 0 view .LVU276
 1155 0004 D0F8D003 		ldr	r0, [r0, #976]
 1156              	.LVL114:
 430:USB_HOST/Target/usbh_conf.c ****                                         ep_type, token, pbuff, length,
 1157              		.loc 1 430 16 view .LVU277
 1158 0008 9DF824C0 		ldrb	ip, [sp, #36]	@ zero_extendqisi2
 1159 000c CDF80CC0 		str	ip, [sp, #12]
 1160 0010 BDF820C0 		ldrh	ip, [sp, #32]
 1161 0014 CDF808C0 		str	ip, [sp, #8]
 1162 0018 079C     		ldr	r4, [sp, #28]
 1163 001a 0194     		str	r4, [sp, #4]
 1164 001c 9DF818C0 		ldrb	ip, [sp, #24]	@ zero_extendqisi2
 1165 0020 CDF800C0 		str	ip, [sp]
 1166 0024 FFF7FEFF 		bl	HAL_HCD_HC_SubmitRequest
 1167              	.LVL115:
 433:USB_HOST/Target/usbh_conf.c **** 
ARM GAS  /tmp/ccIbHQr3.s 			page 33


 1168              		.loc 1 433 3 is_stmt 1 view .LVU278
 433:USB_HOST/Target/usbh_conf.c **** 
 1169              		.loc 1 433 17 is_stmt 0 view .LVU279
 1170 0028 FFF7FEFF 		bl	USBH_Get_USB_Status
 1171              	.LVL116:
 435:USB_HOST/Target/usbh_conf.c **** }
 1172              		.loc 1 435 3 is_stmt 1 view .LVU280
 436:USB_HOST/Target/usbh_conf.c **** 
 1173              		.loc 1 436 1 is_stmt 0 view .LVU281
 1174 002c 04B0     		add	sp, sp, #16
 1175              	.LCFI25:
 1176              		.cfi_def_cfa_offset 8
 1177              		@ sp needed
 1178 002e 10BD     		pop	{r4, pc}
 436:USB_HOST/Target/usbh_conf.c **** 
 1179              		.loc 1 436 1 view .LVU282
 1180              		.cfi_endproc
 1181              	.LFE155:
 1183              		.global	hhcd_USB_OTG_FS
 1184              		.section	.bss.hhcd_USB_OTG_FS,"aw",%nobits
 1185              		.align	2
 1188              	hhcd_USB_OTG_FS:
 1189 0000 00000000 		.space	992
 1189      00000000 
 1189      00000000 
 1189      00000000 
 1189      00000000 
 1190              		.text
 1191              	.Letext0:
 1192              		.file 2 "/nix/store/3y7lyg1ykgxhlb9sa5iy0gb8hnshb302-gcc-arm-embedded-15.2.rel1/arm-none-eabi/incl
 1193              		.file 3 "Drivers/CMSIS/Device/ST/STM32F4xx/Include/stm32f407xx.h"
 1194              		.file 4 "/nix/store/3y7lyg1ykgxhlb9sa5iy0gb8hnshb302-gcc-arm-embedded-15.2.rel1/arm-none-eabi/incl
 1195              		.file 5 "Drivers/CMSIS/Device/ST/STM32F4xx/Include/stm32f4xx.h"
 1196              		.file 6 "Drivers/STM32F4xx_HAL_Driver/Inc/stm32f4xx_hal_def.h"
 1197              		.file 7 "Drivers/STM32F4xx_HAL_Driver/Inc/stm32f4xx_hal_gpio.h"
 1198              		.file 8 "Drivers/STM32F4xx_HAL_Driver/Inc/stm32f4xx_ll_usb.h"
 1199              		.file 9 "Drivers/STM32F4xx_HAL_Driver/Inc/stm32f4xx_hal_hcd.h"
 1200              		.file 10 "Middlewares/ST/STM32_USB_Host_Library/Core/Inc/usbh_def.h"
 1201              		.file 11 "Drivers/STM32F4xx_HAL_Driver/Inc/stm32f4xx_hal.h"
 1202              		.file 12 "USB_HOST/Target/usbh_platform.h"
 1203              		.file 13 "Middlewares/ST/STM32_USB_Host_Library/Core/Inc/usbh_core.h"
 1204              		.file 14 "Drivers/STM32F4xx_HAL_Driver/Inc/stm32f4xx_hal_cortex.h"
ARM GAS  /tmp/ccIbHQr3.s 			page 34


DEFINED SYMBOLS
                            *ABS*:00000000 usbh_conf.c
     /tmp/ccIbHQr3.s:21     .text.HAL_HCD_MspInit:00000000 $t
     /tmp/ccIbHQr3.s:27     .text.HAL_HCD_MspInit:00000000 HAL_HCD_MspInit
     /tmp/ccIbHQr3.s:164    .text.HAL_HCD_MspInit:0000008c $d
     /tmp/ccIbHQr3.s:170    .text.HAL_HCD_MspDeInit:00000000 $t
     /tmp/ccIbHQr3.s:176    .text.HAL_HCD_MspDeInit:00000000 HAL_HCD_MspDeInit
     /tmp/ccIbHQr3.s:222    .text.HAL_HCD_MspDeInit:00000028 $d
     /tmp/ccIbHQr3.s:228    .text.HAL_HCD_SOF_Callback:00000000 $t
     /tmp/ccIbHQr3.s:234    .text.HAL_HCD_SOF_Callback:00000000 HAL_HCD_SOF_Callback
     /tmp/ccIbHQr3.s:259    .text.HAL_HCD_Connect_Callback:00000000 $t
     /tmp/ccIbHQr3.s:265    .text.HAL_HCD_Connect_Callback:00000000 HAL_HCD_Connect_Callback
     /tmp/ccIbHQr3.s:290    .text.HAL_HCD_Disconnect_Callback:00000000 $t
     /tmp/ccIbHQr3.s:296    .text.HAL_HCD_Disconnect_Callback:00000000 HAL_HCD_Disconnect_Callback
     /tmp/ccIbHQr3.s:321    .text.HAL_HCD_HC_NotifyURBChange_Callback:00000000 $t
     /tmp/ccIbHQr3.s:327    .text.HAL_HCD_HC_NotifyURBChange_Callback:00000000 HAL_HCD_HC_NotifyURBChange_Callback
     /tmp/ccIbHQr3.s:341    .text.HAL_HCD_PortEnabled_Callback:00000000 $t
     /tmp/ccIbHQr3.s:347    .text.HAL_HCD_PortEnabled_Callback:00000000 HAL_HCD_PortEnabled_Callback
     /tmp/ccIbHQr3.s:372    .text.HAL_HCD_PortDisabled_Callback:00000000 $t
     /tmp/ccIbHQr3.s:378    .text.HAL_HCD_PortDisabled_Callback:00000000 HAL_HCD_PortDisabled_Callback
     /tmp/ccIbHQr3.s:403    .text.USBH_LL_Init:00000000 $t
     /tmp/ccIbHQr3.s:409    .text.USBH_LL_Init:00000000 USBH_LL_Init
     /tmp/ccIbHQr3.s:498    .text.USBH_LL_Init:00000050 $d
     /tmp/ccIbHQr3.s:1188   .bss.hhcd_USB_OTG_FS:00000000 hhcd_USB_OTG_FS
     /tmp/ccIbHQr3.s:503    .text.USBH_LL_GetSpeed:00000000 $t
     /tmp/ccIbHQr3.s:509    .text.USBH_LL_GetSpeed:00000000 USBH_LL_GetSpeed
     /tmp/ccIbHQr3.s:556    .text.USBH_LL_GetLastXferSize:00000000 $t
     /tmp/ccIbHQr3.s:562    .text.USBH_LL_GetLastXferSize:00000000 USBH_LL_GetLastXferSize
     /tmp/ccIbHQr3.s:588    .text.USBH_LL_ClosePipe:00000000 $t
     /tmp/ccIbHQr3.s:594    .text.USBH_LL_ClosePipe:00000000 USBH_LL_ClosePipe
     /tmp/ccIbHQr3.s:614    .text.USBH_LL_ActivatePipe:00000000 $t
     /tmp/ccIbHQr3.s:620    .text.USBH_LL_ActivatePipe:00000000 USBH_LL_ActivatePipe
     /tmp/ccIbHQr3.s:640    .text.USBH_LL_GetURBState:00000000 $t
     /tmp/ccIbHQr3.s:646    .text.USBH_LL_GetURBState:00000000 USBH_LL_GetURBState
     /tmp/ccIbHQr3.s:672    .text.USBH_LL_DriverVBUS:00000000 $t
     /tmp/ccIbHQr3.s:678    .text.USBH_LL_DriverVBUS:00000000 USBH_LL_DriverVBUS
     /tmp/ccIbHQr3.s:721    .text.USBH_LL_SetToggle:00000000 $t
     /tmp/ccIbHQr3.s:727    .text.USBH_LL_SetToggle:00000000 USBH_LL_SetToggle
     /tmp/ccIbHQr3.s:782    .text.USBH_LL_GetToggle:00000000 $t
     /tmp/ccIbHQr3.s:788    .text.USBH_LL_GetToggle:00000000 USBH_LL_GetToggle
     /tmp/ccIbHQr3.s:840    .text.USBH_Delay:00000000 $t
     /tmp/ccIbHQr3.s:846    .text.USBH_Delay:00000000 USBH_Delay
     /tmp/ccIbHQr3.s:868    .text.USBH_Get_USB_Status:00000000 $t
     /tmp/ccIbHQr3.s:874    .text.USBH_Get_USB_Status:00000000 USBH_Get_USB_Status
     /tmp/ccIbHQr3.s:915    .text.USBH_LL_DeInit:00000000 $t
     /tmp/ccIbHQr3.s:921    .text.USBH_LL_DeInit:00000000 USBH_LL_DeInit
     /tmp/ccIbHQr3.s:955    .text.USBH_LL_Start:00000000 $t
     /tmp/ccIbHQr3.s:961    .text.USBH_LL_Start:00000000 USBH_LL_Start
     /tmp/ccIbHQr3.s:995    .text.USBH_LL_Stop:00000000 $t
     /tmp/ccIbHQr3.s:1001   .text.USBH_LL_Stop:00000000 USBH_LL_Stop
     /tmp/ccIbHQr3.s:1035   .text.USBH_LL_ResetPort:00000000 $t
     /tmp/ccIbHQr3.s:1041   .text.USBH_LL_ResetPort:00000000 USBH_LL_ResetPort
     /tmp/ccIbHQr3.s:1075   .text.USBH_LL_OpenPipe:00000000 $t
     /tmp/ccIbHQr3.s:1081   .text.USBH_LL_OpenPipe:00000000 USBH_LL_OpenPipe
     /tmp/ccIbHQr3.s:1128   .text.USBH_LL_SubmitURB:00000000 $t
     /tmp/ccIbHQr3.s:1134   .text.USBH_LL_SubmitURB:00000000 USBH_LL_SubmitURB
     /tmp/ccIbHQr3.s:1185   .bss.hhcd_USB_OTG_FS:00000000 $d
ARM GAS  /tmp/ccIbHQr3.s 			page 35



UNDEFINED SYMBOLS
HAL_GPIO_Init
HAL_NVIC_SetPriority
HAL_NVIC_EnableIRQ
HAL_GPIO_DeInit
HAL_NVIC_DisableIRQ
USBH_LL_IncTimer
USBH_LL_Connect
USBH_LL_Disconnect
USBH_LL_PortEnabled
USBH_LL_PortDisabled
HAL_HCD_Init
HAL_HCD_GetCurrentFrame
USBH_LL_SetTimer
Error_Handler
HAL_HCD_GetCurrentSpeed
HAL_HCD_HC_GetXferCount
HAL_HCD_HC_GetURBState
HAL_Delay
MX_DriverVbusFS
HAL_HCD_DeInit
HAL_HCD_Start
HAL_HCD_Stop
HAL_HCD_ResetPort
HAL_HCD_HC_Init
HAL_HCD_HC_SubmitRequest
